1h5qH,1h5qC,100.000,260,0,0,1,260,1,260,0.0,535
1h5qH,1h5qB,100.000,260,0,0,1,260,1,260,0.0,535
1h5qH,1h5qA,100.000,260,0,0,1,260,1,260,0.0,535
1h5qH,1vl8A,33.735,249,156,3,10,256,6,247,5.40e-48,159
1h5qH,1uznA,31.200,250,152,4,7,256,5,234,1.03e-35,127
1h5qH,3lqfD,34.538,249,151,5,14,260,16,254,5.83e-34,123
1h5qH,3lqfC,34.538,249,151,5,14,260,16,254,5.83e-34,123
1h5qH,3lqfB,34.538,249,151,5,14,260,16,254,5.83e-34,123
1h5qH,3lqfA,34.538,249,151,5,14,260,16,254,5.83e-34,123
1h5qH,2wsbD,34.538,249,151,5,14,260,16,254,5.83e-34,123
1h5qH,2wsbC,34.538,249,151,5,14,260,16,254,5.83e-34,123
1h5qH,2wsbB,34.538,249,151,5,14,260,16,254,5.83e-34,123
1h5qH,2wsbA,34.538,249,151,5,14,260,16,254,5.83e-34,123
1h5qH,2wdzD,34.538,249,151,5,14,260,16,254,5.83e-34,123
1h5qH,2wdzC,34.538,249,151,5,14,260,16,254,5.83e-34,123
1h5qH,2wdzB,34.538,249,151,5,14,260,16,254,5.83e-34,123
1h5qH,2wdzA,34.538,249,151,5,14,260,16,254,5.83e-34,123
1h5qH,3sj7B,32.129,249,160,3,8,256,1,240,8.10e-33,120
1h5qH,3sj7A,31.984,247,156,3,10,256,2,236,1.63e-32,119
1h5qH,4iinA,30.952,252,154,3,5,256,2,233,2.06e-32,119
1h5qH,4iinC,30.556,252,157,3,5,256,2,235,1.44e-31,116
1h5qH,3ak4A,34.363,259,146,6,10,256,8,254,5.02e-31,115
1h5qH,3o03A,30.588,255,164,4,6,260,8,249,2.35e-30,114
1h5qH,4iqgC,35.271,258,147,9,9,257,1,247,2.48e-30,113
1h5qH,4dmmB,33.203,256,153,4,5,259,1,239,1.25e-29,111
1h5qH,2c07A,29.839,248,160,4,9,256,10,243,4.30e-29,110
1h5qH,1yxmB,31.102,254,154,7,13,260,15,253,7.99e-29,110
1h5qH,4iqgA,34.630,257,139,8,8,257,1,235,9.21e-29,109
1h5qH,2ekpA,30.709,254,158,5,9,260,1,238,1.11e-28,108
1h5qH,4dmmC,33.594,256,152,5,5,259,1,239,1.36e-28,108
1h5qH,1zemA,31.086,267,158,6,7,256,3,260,1.78e-28,108
1h5qH,1edoA,32.794,247,155,5,12,256,4,241,3.34e-28,107
1h5qH,3uf0A,32.946,258,154,8,6,258,4,247,9.28e-28,107
1h5qH,4hp8A,31.373,255,158,5,6,258,4,243,1.87e-27,105
1h5qH,1g6kA,31.600,250,160,4,10,256,8,249,5.75e-27,105
1h5qH,1cydD,28.906,256,164,5,5,258,1,240,8.01e-27,104
1h5qH,1cydC,28.906,256,164,5,5,258,1,240,8.01e-27,104
1h5qH,1cydA,28.906,256,164,5,5,258,1,240,8.01e-27,104
1h5qH,4esoC,30.980,255,157,6,6,256,2,241,8.29e-27,104
1h5qH,3ay6A,30.677,251,163,4,9,256,9,251,9.10e-27,104
1h5qH,3auuB,30.677,251,163,4,9,256,8,250,9.10e-27,104
1h5qH,3auuA,30.677,251,163,4,9,256,8,250,9.10e-27,104
1h5qH,3autB,30.677,251,163,4,9,256,8,250,9.10e-27,104
1h5qH,3ay6B,30.677,251,163,4,9,256,13,255,9.17e-27,104
1h5qH,4iiuA,30.556,252,165,4,8,258,1,243,1.44e-26,103
1h5qH,3op4A,26.953,256,166,4,7,256,3,243,1.74e-26,103
1h5qH,3op4B,26.953,256,166,4,7,256,2,242,1.91e-26,103
1h5qH,4esoD,31.496,254,152,7,6,256,2,236,2.17e-26,103
1h5qH,4iivB,30.677,251,160,4,9,258,1,238,3.12e-26,102
1h5qH,1q7bA,27.888,251,169,3,6,256,1,239,7.00e-26,101
1h5qH,4ag3A,29.249,253,170,3,4,256,7,250,2.20e-25,100
1h5qH,3ai2C,26.054,261,173,3,10,258,8,260,2.63e-25,100
1h5qH,3ai2A,26.054,261,173,3,10,258,8,260,2.63e-25,100
1h5qH,1q7cB,27.490,251,170,3,6,256,1,239,2.75e-25,100
1h5qH,1q7cA,27.490,251,170,3,6,256,1,239,2.75e-25,100
1h5qH,4ag3B,29.482,251,168,3,6,256,1,242,4.22e-25,99.8
1h5qH,4esoA,29.961,257,159,6,6,256,2,243,4.48e-25,99.8
1h5qH,4esoB,29.961,257,159,6,6,256,2,243,4.67e-25,99.8
1h5qH,1ae1B,28.571,259,167,6,6,256,3,251,5.10e-25,99.8
1h5qH,3ai3G,26.054,261,173,3,10,258,8,260,9.84e-25,99.4
1h5qH,3ai3E,26.054,261,173,3,10,258,8,260,9.84e-25,99.4
1h5qH,3ai3C,26.054,261,173,3,10,258,8,260,9.84e-25,99.4
1h5qH,3ai3A,26.054,261,173,3,10,258,8,260,9.84e-25,99.4
1h5qH,1ae1A,27.778,252,165,5,6,256,3,238,1.70e-24,98.2
1h5qH,1zk1A,29.961,257,154,8,10,256,7,247,2.39e-24,97.8
1h5qH,1zk0A,29.961,257,154,8,10,256,7,247,2.39e-24,97.8
1h5qH,1zjyA,29.961,257,154,8,10,256,7,247,2.39e-24,97.8
1h5qH,2ae2B,27.692,260,161,8,11,258,10,254,2.88e-24,97.8
1h5qH,2ae2A,27.692,260,161,8,11,258,10,254,2.88e-24,97.8
1h5qH,1ipfB,27.692,260,161,8,11,258,10,254,2.88e-24,97.8
1h5qH,1ipfA,27.692,260,161,8,11,258,10,254,2.88e-24,97.8
1h5qH,1ipeB,27.692,260,161,8,11,258,10,254,2.88e-24,97.8
1h5qH,1ipeA,27.692,260,161,8,11,258,10,254,2.88e-24,97.8
1h5qH,1zk4A,29.961,257,154,8,10,256,7,247,2.97e-24,97.8
1h5qH,3i3oA,30.000,260,154,9,10,259,39,280,3.06e-24,98.2
1h5qH,3i3oB,30.000,260,154,9,10,259,40,281,3.22e-24,98.2
1h5qH,3oidC,29.249,253,165,6,9,257,1,243,2.66e-23,95.1
1h5qH,3d3wB,29.804,255,155,6,7,256,5,240,2.76e-23,95.1
1h5qH,3d3wA,29.804,255,155,6,7,256,5,240,2.76e-23,95.1
1h5qH,1wntD,29.804,255,155,6,7,256,5,240,2.76e-23,95.1
1h5qH,1wntC,29.804,255,155,6,7,256,5,240,2.76e-23,95.1
1h5qH,1wntB,29.804,255,155,6,7,256,5,240,2.76e-23,95.1
1h5qH,1pr9B,29.804,255,155,6,7,256,5,240,2.76e-23,95.1
1h5qH,1pr9A,29.804,255,155,6,7,256,5,240,2.76e-23,95.1
1h5qH,3oidB,29.249,253,165,6,9,257,4,246,3.00e-23,95.1
1h5qH,3oidA,29.249,253,165,6,9,257,2,244,3.08e-23,95.1
1h5qH,1gegH,29.119,261,166,3,9,258,1,253,4.07e-23,94.7
1h5qH,1gegF,29.119,261,166,3,9,258,1,253,4.07e-23,94.7
1h5qH,1gegC,29.119,261,166,3,9,258,1,253,4.07e-23,94.7
1h5qH,1gegB,29.119,261,166,3,9,258,1,253,4.07e-23,94.7
1h5qH,1gegA,29.119,261,166,3,9,258,1,253,4.07e-23,94.7
1h5qH,2d1yA,29.200,250,160,5,7,256,3,235,1.18e-22,93.2
1h5qH,3a28A,28.947,266,162,4,9,258,1,255,1.91e-22,92.8
1h5qH,3a28C,28.947,266,162,4,9,258,1,255,1.91e-22,92.8
1h5qH,2hsdD,31.452,248,156,4,10,256,6,240,2.05e-22,92.8
1h5qH,2hsdC,31.452,248,156,4,10,256,6,240,2.05e-22,92.8
1h5qH,2hsdB,31.452,248,156,4,10,256,6,240,2.05e-22,92.8
1h5qH,2hsdA,31.452,248,156,4,10,256,6,240,2.05e-22,92.8
1h5qH,1hdcD,31.452,248,156,4,10,256,6,240,2.05e-22,92.8
1h5qH,1hdcC,31.452,248,156,4,10,256,6,240,2.05e-22,92.8
1h5qH,1hdcA,31.452,248,156,4,10,256,6,240,2.05e-22,92.8
1h5qH,1nfqC,28.854,253,161,5,7,258,4,238,1.39e-21,90.5
1h5qH,1nfqB,28.854,253,161,5,7,258,4,238,1.39e-21,90.5
1h5qH,1nfqA,28.854,253,161,5,7,258,4,238,1.39e-21,90.5
1h5qH,1nffA,28.854,253,161,5,7,258,4,238,1.39e-21,90.5
1h5qH,3tzcA,26.482,253,150,7,7,256,3,222,2.44e-21,89.4
1h5qH,3s55A,29.562,274,156,7,7,256,3,263,3.00e-21,90.1
1h5qH,3sjuB,29.762,252,153,5,10,247,1,242,3.75e-21,89.4
1h5qH,3sjuA,29.762,252,153,5,10,247,1,242,3.75e-21,89.4
1h5qH,4imrA,29.070,258,155,8,10,256,17,257,3.87e-21,89.4
1h5qH,1ahhB,29.762,252,158,6,10,256,12,249,4.54e-21,89.4
1h5qH,1ahhA,29.762,252,158,6,10,256,12,249,4.54e-21,89.4
1h5qH,1fmcB,29.762,252,158,6,10,256,12,249,5.32e-21,89.0
1h5qH,1fmcA,29.762,252,158,6,10,256,12,249,5.32e-21,89.0
1h5qH,1ahiB,29.762,252,158,6,10,256,12,249,5.32e-21,89.0
1h5qH,1ahiA,29.762,252,158,6,10,256,12,249,5.32e-21,89.0
1h5qH,1o5iB,28.000,250,153,9,9,256,4,228,7.52e-21,88.2
1h5qH,2dtxB,28.625,269,153,10,2,256,1,244,2.37e-20,87.4
1h5qH,2dtxA,28.625,269,153,10,2,256,1,244,2.37e-20,87.4
1h5qH,2dteA,28.625,269,153,10,2,256,1,244,2.37e-20,87.4
1h5qH,4fc7B,25.984,254,171,3,9,256,26,268,4.76e-20,87.0
1h5qH,4fc6B,25.984,254,171,3,9,256,26,268,4.76e-20,87.0
1h5qH,4fc7D,25.984,254,171,3,9,256,22,264,4.95e-20,86.7
1h5qH,2ewmA,28.571,252,152,6,9,258,6,231,5.05e-20,85.9
1h5qH,4fc7A,25.984,254,171,3,9,256,25,267,5.27e-20,86.7
1h5qH,4fc6A,25.984,254,171,3,9,256,25,267,5.27e-20,86.7
1h5qH,2ewmB,28.682,258,159,7,9,258,5,245,6.31e-20,85.9
1h5qH,2cfcC,30.435,253,163,6,8,255,1,245,9.69e-20,85.5
1h5qH,2cfcB,30.435,253,163,6,8,255,1,245,9.69e-20,85.5
1h5qH,2cfcA,30.435,253,163,6,8,255,1,245,9.69e-20,85.5
1h5qH,3o4rA,28.854,253,168,5,7,256,6,249,1.15e-19,85.5
1h5qH,3ri3B,27.823,248,167,4,13,256,14,253,1.21e-19,85.5
1h5qH,3csdB,27.823,248,167,4,13,256,14,253,1.21e-19,85.5
1h5qH,1xr3B,27.711,249,167,4,13,256,10,250,1.37e-19,85.1
1h5qH,3vdrD,28.462,260,165,4,10,256,5,256,1.90e-19,85.1
1h5qH,3vdrC,28.462,260,165,4,10,256,5,256,1.90e-19,85.1
1h5qH,3vdrB,28.462,260,165,4,10,256,5,256,1.90e-19,85.1
1h5qH,3vdrA,28.462,260,165,4,10,256,5,256,1.90e-19,85.1
1h5qH,3vdqB,28.462,260,165,4,10,256,5,256,1.90e-19,85.1
1h5qH,3vdqA,28.462,260,165,4,10,256,5,256,1.90e-19,85.1
1h5qH,2zatA,29.249,253,163,6,9,256,5,246,2.63e-19,84.3
1h5qH,3tscA,27.509,269,166,5,10,256,6,267,4.11e-19,84.3
1h5qH,2rhcA,26.538,260,171,4,9,256,2,253,9.42e-19,83.2
1h5qH,2rh4A,26.538,260,171,4,9,256,2,253,9.42e-19,83.2
1h5qH,1xr3A,26.538,260,171,4,9,256,1,252,9.95e-19,82.8
1h5qH,2rh4B,26.515,264,166,5,9,256,13,264,1.07e-18,83.2
1h5qH,4dbzA,26.538,260,171,4,9,256,2,253,1.10e-18,82.8
1h5qH,1w4zA,26.953,256,167,4,13,256,8,255,1.11e-18,82.8
1h5qH,4dc0B,26.538,260,171,4,9,256,6,257,1.33e-18,82.8
1h5qH,2b4qA,27.626,257,171,6,6,256,6,253,1.76e-18,82.4
1h5qH,1w6uA,27.027,222,149,4,38,257,53,263,1.77e-18,82.8
1h5qH,3ri3A,26.923,260,162,5,13,256,5,252,1.96e-18,82.0
1h5qH,3csdA,26.923,260,162,5,13,256,5,252,1.96e-18,82.0
1h5qH,2rhrA,26.923,260,162,5,13,256,5,252,1.96e-18,82.0
1h5qH,3r3sA,29.804,255,161,7,9,257,47,289,2.49e-18,82.4
1h5qH,2ztuC,28.629,248,162,4,10,256,5,238,3.72e-18,81.3
1h5qH,1w6uC,26.244,221,151,3,38,257,52,261,4.74e-18,81.6
1h5qH,4fn4C,29.615,260,161,7,6,256,4,250,4.88e-18,80.9
1h5qH,4fn4A,29.615,260,161,7,6,256,4,250,4.88e-18,80.9
1h5qH,1iy8C,26.718,262,172,6,7,257,2,254,5.35e-18,80.9
1h5qH,1iy8A,26.718,262,172,6,7,257,2,254,5.35e-18,80.9
1h5qH,2ztvC,28.627,255,166,5,10,256,5,251,9.19e-18,80.1
1h5qH,2q2qC,26.295,251,169,6,10,258,5,241,9.81e-18,80.1
1h5qH,2q2qF,26.104,249,167,5,10,258,5,236,1.03e-17,79.7
1h5qH,2ztuD,28.226,248,162,4,10,256,5,237,2.03e-17,79.0
1h5qH,4b79A,27.778,252,157,8,7,258,8,234,2.67e-17,78.6
1h5qH,1w6uD,25.792,221,147,3,38,257,54,258,4.15e-17,79.0
1h5qH,1w6uB,26.244,221,148,4,38,257,54,260,4.58e-17,79.0
1h5qH,2pd6A,27.755,245,153,5,13,256,11,232,5.71e-17,77.8
1h5qH,2q2qG,25.681,257,171,6,10,258,5,249,5.88e-17,77.8
1h5qH,2ztlB,28.077,260,166,5,10,256,5,256,6.19e-17,78.2
1h5qH,2ztlA,28.077,260,166,5,10,256,5,256,6.19e-17,78.2
1h5qH,1wmbB,28.077,260,166,5,10,256,5,256,6.19e-17,78.2
1h5qH,1wmbA,28.077,260,166,5,10,256,5,256,6.19e-17,78.2
1h5qH,1w73D,25.792,221,145,3,38,257,54,256,6.94e-17,78.2
1h5qH,1x1tA,28.629,248,156,5,10,256,5,232,8.29e-17,77.4
1h5qH,3lf2A,27.626,257,159,4,13,256,10,252,9.31e-17,77.4
1h5qH,3qwiA,26.538,260,168,5,10,256,9,258,1.41e-16,77.0
1h5qH,3qwhA,26.538,260,168,5,10,256,9,258,1.41e-16,77.0
1h5qH,3qwiD,26.538,260,168,5,10,256,10,259,1.47e-16,77.0
1h5qH,3qwhD,26.538,260,168,5,10,256,10,259,1.47e-16,77.0
1h5qH,3qwfA,26.538,260,168,5,10,256,10,259,1.47e-16,77.0
1h5qH,1u7tB,26.957,230,145,5,13,230,8,226,2.65e-16,76.3
1h5qH,1u7tA,26.957,230,145,5,13,230,8,226,2.65e-16,76.3
1h5qH,2ztuA,28.226,248,156,5,10,256,5,231,2.74e-16,75.9
1h5qH,2q2qD,25.385,260,172,6,10,258,5,253,2.96e-16,76.3
1h5qH,1w73B,25.339,221,146,3,38,257,54,256,3.36e-16,76.3
1h5qH,2ztmA,27.626,257,165,5,13,256,3,251,5.08e-16,75.5
1h5qH,3lf2C,27.692,260,161,5,13,256,8,256,5.24e-16,75.5
1h5qH,3lf2D,27.692,260,161,5,13,256,9,257,5.52e-16,75.5
1h5qH,3lf1A,27.692,260,161,5,13,256,9,257,5.52e-16,75.5
1h5qH,3toxB,29.644,253,159,6,9,256,5,243,8.73e-16,74.7
1h5qH,3afnB,29.688,256,164,6,10,257,7,254,9.69e-16,74.7
1h5qH,2bgmA,30.000,200,124,7,65,256,60,251,5.39e-15,72.8
1h5qH,2bglA,30.000,200,124,7,65,256,60,251,5.39e-15,72.8
1h5qH,2dknA,26.592,267,149,7,12,256,3,244,6.49e-15,72.4
1h5qH,3uxyC,29.570,186,116,4,81,259,63,240,9.15e-15,71.6
1h5qH,3sx2A,27.206,272,170,6,7,258,3,266,1.24e-14,71.6
1h5qH,2yhuB,26.400,250,167,7,13,256,6,244,2.99e-14,70.5
1h5qH,1xkqA,29.044,272,157,11,7,256,3,260,2.99e-14,70.9
1h5qH,3t7cD,26.182,275,168,7,10,259,7,271,3.11e-14,70.9
1h5qH,3tjrA,26.484,219,152,3,2,220,1,210,3.31e-14,70.5
1h5qH,2x9nB,27.600,250,162,8,13,256,6,242,5.71e-14,69.7
1h5qH,2x9nA,27.600,250,162,8,13,256,6,242,5.71e-14,69.7
1h5qH,3bmoD,27.490,251,164,8,13,256,6,245,5.98e-14,69.7
1h5qH,3pxxA,26.207,290,172,12,1,259,2,280,1.16e-13,69.3
1h5qH,3pgxA,27.372,274,171,7,6,258,2,268,1.60e-13,68.6
1h5qH,2yhuC,26.587,252,166,8,13,256,6,246,1.72e-13,68.2
1h5qH,3t7cB,25.714,280,168,7,10,259,7,276,1.78e-13,68.6
1h5qH,3t7cA,25.714,280,168,7,10,259,8,277,1.80e-13,68.6
1h5qH,2yhuD,28.287,251,160,9,13,256,6,243,2.02e-13,68.2
1h5qH,2x9vC,28.287,251,160,9,13,256,6,243,2.02e-13,68.2
1h5qH,3toxE,28.958,259,159,7,9,256,5,249,2.39e-13,67.8
1h5qH,3toxA,28.958,259,159,7,9,256,5,249,2.39e-13,67.8
1h5qH,2gdzA,27.016,248,151,8,10,243,7,238,2.47e-13,68.2
1h5qH,3sx2H,26.996,263,164,6,7,258,3,248,2.75e-13,67.8
1h5qH,1g0nB,23.622,254,181,4,6,259,14,254,3.15e-13,67.8
1h5qH,2ag5C,28.342,187,121,3,76,256,62,241,3.24e-13,67.4
1h5qH,2ag5B,28.342,187,121,3,76,256,62,241,3.52e-13,67.4
1h5qH,2ag5A,28.342,187,121,3,76,256,63,242,3.70e-13,67.4
1h5qH,3bmnC,27.092,251,165,8,13,256,6,245,4.16e-13,67.4
1h5qH,3jqgD,28.287,251,160,9,13,256,6,243,9.09e-13,66.2
1h5qH,3jqgA,28.287,251,160,9,13,256,6,243,9.09e-13,66.2
1h5qH,3jqfD,28.287,251,160,9,13,256,6,243,9.09e-13,66.2
1h5qH,3jqeD,28.287,251,160,9,13,256,6,243,9.09e-13,66.2
1h5qH,3jqeA,28.287,251,160,9,13,256,6,243,9.09e-13,66.2
1h5qH,3jqdA,28.287,251,160,9,13,256,6,243,9.09e-13,66.2
1h5qH,3jqbA,28.287,251,160,9,13,256,6,243,9.09e-13,66.2
1h5qH,3jqaC,28.287,251,160,9,13,256,6,243,9.09e-13,66.2
1h5qH,3jq9D,28.287,251,160,9,13,256,6,243,9.09e-13,66.2
1h5qH,3jq9C,28.287,251,160,9,13,256,6,243,9.09e-13,66.2
1h5qH,3jq9A,28.287,251,160,9,13,256,6,243,9.09e-13,66.2
1h5qH,3jq8D,28.287,251,160,9,13,256,6,243,9.09e-13,66.2
1h5qH,3jq7A,28.287,251,160,9,13,256,6,243,9.09e-13,66.2
1h5qH,3jq6D,28.287,251,160,9,13,256,6,243,9.09e-13,66.2
1h5qH,3jq6A,28.287,251,160,9,13,256,6,243,9.09e-13,66.2
1h5qH,3gn2D,28.287,251,160,9,13,256,6,243,9.09e-13,66.2
1h5qH,3gn1A,28.287,251,160,9,13,256,6,243,9.09e-13,66.2
1h5qH,3bmcD,28.287,251,160,9,13,256,6,243,9.09e-13,66.2
1h5qH,3bmcA,28.287,251,160,9,13,256,6,243,9.09e-13,66.2
1h5qH,2yhiD,28.287,251,160,9,13,256,6,243,9.09e-13,66.2
1h5qH,2yhiC,28.287,251,160,9,13,256,6,243,9.09e-13,66.2
1h5qH,2yhiB,28.287,251,160,9,13,256,6,243,9.09e-13,66.2
1h5qH,2yhiA,28.287,251,160,9,13,256,6,243,9.09e-13,66.2
1h5qH,2wd8A,28.287,251,160,9,13,256,6,243,9.09e-13,66.2
1h5qH,2wd7A,28.287,251,160,9,13,256,6,243,9.09e-13,66.2
1h5qH,2vz0C,28.287,251,160,9,13,256,6,243,9.09e-13,66.2
1h5qH,2vz0A,28.287,251,160,9,13,256,6,243,9.09e-13,66.2
1h5qH,1ja9A,25.758,264,172,4,7,256,4,257,1.51e-12,65.9
1h5qH,3jq6B,26.693,251,162,8,13,256,6,241,1.60e-12,65.5
1h5qH,3l77A,29.534,193,125,3,10,202,3,184,1.66e-12,65.5
1h5qH,2c7vB,26.482,253,167,8,13,256,6,248,2.23e-12,65.1
1h5qH,3bmqA,26.587,252,167,8,13,256,6,247,2.43e-12,65.1
1h5qH,3bmnD,26.587,252,167,8,13,256,6,247,2.43e-12,65.1
1h5qH,2c7vA,26.587,252,167,8,13,256,6,247,2.43e-12,65.1
1h5qH,3jqgC,27.490,251,161,9,13,256,6,242,2.44e-12,65.1
1h5qH,3jqeB,27.490,251,161,9,13,256,6,242,2.44e-12,65.1
1h5qH,3jqdC,27.490,251,161,9,13,256,6,242,2.44e-12,65.1
1h5qH,3jqdB,27.490,251,161,9,13,256,6,242,2.44e-12,65.1
1h5qH,3jqbC,27.490,251,161,9,13,256,6,242,2.44e-12,65.1
1h5qH,3jqbB,27.490,251,161,9,13,256,6,242,2.44e-12,65.1
1h5qH,3jq9B,27.490,251,161,9,13,256,6,242,2.44e-12,65.1
1h5qH,3jq8B,27.490,251,161,9,13,256,6,242,2.44e-12,65.1
1h5qH,3jq6C,27.490,251,161,9,13,256,6,242,2.44e-12,65.1
1h5qH,3gn1C,27.490,251,161,9,13,256,6,242,2.44e-12,65.1
1h5qH,3bmcC,27.490,251,161,9,13,256,6,242,2.44e-12,65.1
1h5qH,3bmcB,27.490,251,161,9,13,256,6,242,2.44e-12,65.1
1h5qH,2wd7B,27.490,251,161,9,13,256,6,242,2.44e-12,65.1
1h5qH,2vz0B,27.490,251,161,9,13,256,6,242,2.44e-12,65.1
1h5qH,3bmoB,27.490,251,161,9,13,256,7,243,2.62e-12,65.1
1h5qH,3gn1D,27.381,252,162,9,13,256,6,244,2.70e-12,65.1
1h5qH,2x9vD,27.381,252,162,9,13,256,6,244,2.70e-12,65.1
1h5qH,2y99A,27.386,241,154,6,5,238,1,227,4.32e-12,64.7
1h5qH,3bmqC,27.273,253,162,9,13,256,6,245,4.48e-12,64.3
1h5qH,3jq8C,26.295,251,159,8,13,256,6,237,4.99e-12,63.9
1h5qH,3jqcB,27.092,251,164,8,13,256,6,244,6.67e-12,63.9
1h5qH,2x9vB,25.794,252,167,9,13,256,6,245,6.81e-12,63.9
1h5qH,2o23B,26.087,230,139,6,13,230,14,224,7.09e-12,63.9
1h5qH,3iccB,26.154,260,170,6,10,259,8,255,7.97e-12,63.5
1h5qH,3iccA,26.154,260,170,6,10,259,8,255,7.97e-12,63.5
1h5qH,1uayA,27.941,204,121,9,65,255,44,234,1.04e-11,63.2
1h5qH,3bmoA,26.744,258,161,10,13,256,6,249,1.08e-11,63.2
1h5qH,1dohB,22.097,267,186,4,6,259,14,271,1.11e-11,63.5
1h5qH,1ybvA,22.097,267,186,4,6,259,13,270,1.11e-11,63.5
1h5qH,1g0nA,22.097,267,186,4,6,259,16,273,1.12e-11,63.5
1h5qH,1dohA,22.097,267,186,4,6,259,16,273,1.12e-11,63.5
1h5qH,2o23A,26.087,230,137,6,13,230,9,217,1.18e-11,63.2
1h5qH,1e3wA,25.652,230,144,6,13,230,8,222,1.85e-11,62.4
1h5qH,2bd0D,25.714,210,138,5,12,213,4,203,1.89e-11,62.4
1h5qH,2bd0A,25.714,210,138,5,12,213,4,203,1.89e-11,62.4
1h5qH,3mcvA,26.190,252,166,8,13,256,6,245,1.98e-11,62.4
1h5qH,2yhuA,26.190,252,166,8,13,256,6,245,1.98e-11,62.4
1h5qH,2x9gA,26.190,252,166,8,13,256,6,245,1.98e-11,62.4
1h5qH,3zv6B,27.273,242,154,6,5,238,1,228,2.04e-11,62.8
1h5qH,3zv5B,27.273,242,154,6,5,238,1,228,2.04e-11,62.8
1h5qH,2c7vC,25.769,260,166,8,13,256,6,254,2.94e-11,62.0
1h5qH,3jq7C,26.295,251,156,8,13,256,5,233,3.01e-11,61.6
1h5qH,1bdbA,26.378,254,166,7,10,256,6,245,3.93e-11,61.6
1h5qH,1zbqB,27.451,204,123,7,5,197,3,192,4.08e-11,62.0
1h5qH,3rwbD,25.385,260,174,4,4,258,1,245,4.55e-11,61.2
1h5qH,3rwbC,25.385,260,174,4,4,258,1,245,4.55e-11,61.2
1h5qH,3rwbA,25.385,260,174,4,4,258,1,245,4.55e-11,61.2
1h5qH,3ndrA,25.385,260,174,4,4,258,1,245,4.55e-11,61.2
1h5qH,4fs3A,25.468,267,167,8,5,256,2,251,9.26e-11,60.5
1h5qH,3zv6A,26.104,249,155,6,5,238,1,235,9.73e-11,60.8
1h5qH,3zv5A,26.104,249,155,6,5,238,1,235,9.73e-11,60.8
1h5qH,4alkF,25.475,263,172,7,5,256,2,251,1.24e-10,60.1
1h5qH,4alkH,25.475,263,172,7,5,256,1,250,1.44e-10,60.1
1h5qH,4alkE,25.475,263,172,7,5,256,1,250,1.44e-10,60.1
1h5qH,4alkB,25.475,263,172,7,5,256,1,250,1.44e-10,60.1
1h5qH,4aljF,25.475,263,172,7,5,256,1,250,1.44e-10,60.1
1h5qH,4aljE,25.475,263,172,7,5,256,1,250,1.44e-10,60.1
1h5qH,4aljC,25.475,263,172,7,5,256,1,250,1.44e-10,60.1
1h5qH,4aljB,25.475,263,172,7,5,256,1,250,1.44e-10,60.1
1h5qH,4aliG,25.475,263,172,7,5,256,1,250,1.44e-10,60.1
1h5qH,4aliE,25.475,263,172,7,5,256,1,250,1.44e-10,60.1
1h5qH,4aliB,25.475,263,172,7,5,256,1,250,1.44e-10,60.1
1h5qH,4allA,25.475,263,172,7,5,256,2,251,1.53e-10,60.1
1h5qH,3gr6A,25.475,263,172,7,5,256,1,250,1.68e-10,59.7
1h5qH,1uayB,27.941,204,117,10,65,255,45,231,1.86e-10,59.7
1h5qH,3gr6J,25.475,263,172,7,5,256,6,255,1.91e-10,59.7
1h5qH,3gr6D,25.475,263,172,7,5,256,6,255,1.91e-10,59.7
1h5qH,4allD,25.869,259,168,7,9,256,4,249,2.12e-10,59.7
1h5qH,4allC,25.869,259,168,7,9,256,4,249,2.12e-10,59.7
1h5qH,4allB,25.869,259,168,7,9,256,4,249,2.12e-10,59.7
1h5qH,4alkG,25.869,259,168,7,9,256,4,249,2.12e-10,59.7
1h5qH,4alkD,25.869,259,168,7,9,256,4,249,2.12e-10,59.7
1h5qH,4alkA,25.869,259,168,7,9,256,4,249,2.12e-10,59.7
1h5qH,4aljH,25.869,259,168,7,9,256,4,249,2.12e-10,59.7
1h5qH,4aljA,25.869,259,168,7,9,256,4,249,2.12e-10,59.7
1h5qH,4aliD,25.869,259,168,7,9,256,4,249,2.12e-10,59.7
1h5qH,4aliA,25.869,259,168,7,9,256,4,249,2.12e-10,59.7
1h5qH,3gr6G,25.869,259,168,7,9,256,4,249,2.12e-10,59.7
1h5qH,1fk8A,24.060,266,142,8,12,256,4,230,2.65e-10,58.9
1h5qH,3ojfA,25.483,259,167,7,10,256,7,251,5.09e-10,58.5
1h5qH,3ojfC,25.573,262,169,7,10,259,6,253,5.20e-10,58.5
1h5qH,3ojfB,25.573,262,169,7,10,259,6,253,5.20e-10,58.5
1h5qH,3ojfD,25.573,262,169,7,10,259,6,253,5.20e-10,58.5
1h5qH,2qioD,25.573,262,169,7,10,259,7,254,5.56e-10,58.5
1h5qH,2qioC,25.573,262,169,7,10,259,7,254,5.56e-10,58.5
1h5qH,2qioB,25.573,262,169,7,10,259,7,254,5.56e-10,58.5
1h5qH,2qioA,25.573,262,169,7,10,259,7,254,5.56e-10,58.5
1h5qH,3iahB,27.363,201,135,4,9,206,11,203,6.82e-10,58.2
1h5qH,3iahA,27.363,201,135,4,9,206,12,204,6.88e-10,58.2
1h5qH,1xg5A,26.667,255,168,10,1,248,3,245,7.42e-10,58.2
1h5qH,4gloC,31.313,198,107,9,65,256,65,239,7.76e-10,57.8
1h5qH,1e3sA,24.883,213,138,4,13,214,8,209,8.41e-10,57.8
1h5qH,4gvxC,30.392,204,111,9,65,256,65,249,9.27e-10,57.8
1h5qH,4gvxA,30.392,204,111,9,65,256,65,249,9.27e-10,57.8
1h5qH,4gloB,30.392,204,111,9,65,256,65,249,9.27e-10,57.8
1h5qH,4gloA,30.392,204,111,9,65,256,65,249,9.27e-10,57.8
1h5qH,3u4cA,24.715,263,170,7,10,258,3,251,9.97e-10,57.8
1h5qH,1p33B,27.138,269,158,10,13,256,8,263,1.60e-09,57.0
1h5qH,1p33C,27.138,269,158,10,13,256,7,262,1.83e-09,57.0
1h5qH,1p33A,27.138,269,158,10,13,256,6,261,1.94e-09,57.0
1h5qH,1fk8B,24.060,266,138,8,12,256,4,226,2.39e-09,56.2
1h5qH,1xhlB,27.037,270,163,11,7,256,2,257,2.48e-09,56.6
1h5qH,1xhlA,27.037,270,163,11,7,256,2,257,2.48e-09,56.6
1h5qH,3uwrA,23.105,277,178,7,10,259,7,275,3.06e-09,56.2
1h5qH,3rkuA,25.248,202,138,6,7,203,12,205,3.20e-09,56.2
1h5qH,1xg5B,28.230,209,134,9,1,202,3,202,3.36e-09,55.8
1h5qH,2wywA,24.436,266,173,9,3,256,2,251,3.53e-09,56.2
1h5qH,2wyvD,24.436,266,173,9,3,256,2,251,4.28e-09,55.8
1h5qH,2wywD,24.436,266,173,9,3,256,2,251,4.66e-09,55.8
1h5qH,2wywC,24.436,266,173,9,3,256,2,251,4.66e-09,55.8
1h5qH,2wywB,24.436,266,173,9,3,256,2,251,4.66e-09,55.8
1h5qH,1p33D,26.766,269,160,10,13,256,6,262,5.42e-09,55.5
1h5qH,2yw9H,24.621,264,165,9,3,256,2,241,5.65e-09,55.5
1h5qH,3uveA,22.615,283,177,7,10,259,7,280,9.54e-09,55.1
1h5qH,1gz6B,26.263,198,125,6,5,197,3,184,1.13e-08,54.7
1h5qH,3oifD,25.670,261,171,7,6,256,4,251,1.67e-08,53.9
1h5qH,1gz6A,24.020,204,130,5,5,197,3,192,1.78e-08,54.3
1h5qH,3p19A,23.697,211,139,5,8,214,1,193,1.89e-08,53.9
1h5qH,3rkrA,26.733,202,126,5,6,200,2,188,1.98e-08,53.5
1h5qH,4fw8A,28.910,211,127,7,10,214,187,380,2.10e-08,54.3
1h5qH,3q6iA,28.910,211,127,7,10,214,187,380,2.10e-08,54.3
1h5qH,2yw9D,24.242,264,167,9,3,256,2,242,2.38e-08,53.5
1h5qH,3asvE,23.605,233,159,4,12,240,3,220,2.79e-08,53.1
1h5qH,3asvC,23.605,233,159,4,12,240,3,220,2.79e-08,53.1
1h5qH,3asvA,23.605,233,159,4,12,240,3,220,2.79e-08,53.1
1h5qH,2wyvB,24.242,264,164,9,3,256,2,239,2.93e-08,53.1
1h5qH,1gz6C,25.000,204,127,6,5,197,2,190,3.07e-08,53.5
1h5qH,3f1kA,27.411,197,131,5,9,202,12,199,3.21e-08,53.1
1h5qH,3gz4A,27.411,197,131,5,9,202,9,196,3.41e-08,53.1
1h5qH,3oifA,25.095,263,171,8,6,256,4,252,3.57e-08,53.1
1h5qH,3gz4B,27.411,197,131,5,9,202,8,195,3.62e-08,52.8
1h5qH,3oigA,25.095,263,171,8,6,256,4,252,4.24e-08,52.8
1h5qH,4fw8B,29.557,203,120,7,10,206,186,371,5.19e-08,53.1
1h5qH,3q6iB,29.557,203,120,7,10,206,186,371,5.19e-08,53.1
1h5qH,3gy0A,26.904,197,132,5,9,202,7,194,8.17e-08,52.0
1h5qH,2japB,25.248,202,135,4,10,208,6,194,1.09e-07,51.6
1h5qH,2japA,25.248,202,135,4,10,208,6,194,1.09e-07,51.6
1h5qH,2jahA,25.248,202,135,4,10,208,6,194,1.09e-07,51.6
1h5qH,1yb1A,26.000,200,135,5,6,202,4,193,1.17e-07,51.6
1h5qH,1yb1B,25.000,200,136,4,6,202,4,192,1.18e-07,51.6
1h5qH,3v1uA,29.146,199,118,7,10,202,179,360,4.09e-07,50.4
1h5qH,3uceA,26.804,194,113,9,76,259,44,218,6.96e-07,48.9
1h5qH,3gegA,21.514,251,166,7,9,256,1,223,1.36e-06,48.1
1h5qH,3uicP,25.660,265,158,11,10,256,6,249,1.46e-06,48.1
1h5qH,3uicN,25.660,265,158,11,10,256,6,249,1.46e-06,48.1
1h5qH,3uicK,25.660,265,158,11,10,256,6,249,1.46e-06,48.1
1h5qH,3uicA,25.660,265,158,11,10,256,6,249,1.46e-06,48.1
1h5qH,3uicO,25.660,265,158,11,10,256,6,249,1.53e-06,48.1
1h5qH,3uicD,25.660,265,158,11,10,256,6,249,1.53e-06,48.1
1h5qH,3nrcB,25.660,265,158,11,10,256,6,249,1.53e-06,48.1
1h5qH,3nrcA,25.660,265,158,11,10,256,6,249,1.53e-06,48.1
1h5qH,3uicG,25.660,265,158,11,10,256,6,249,1.54e-06,48.1
1h5qH,3uicB,25.660,265,158,11,10,256,6,249,1.54e-06,48.1
1h5qH,4fw8C,28.788,198,118,7,10,201,183,363,1.65e-06,48.5
1h5qH,3q6iC,28.788,198,118,7,10,201,183,363,1.65e-06,48.5
1h5qH,3q6iD,27.919,197,120,6,10,202,178,356,1.87e-06,48.5
1h5qH,2bfmB,25.279,269,163,10,13,256,5,260,3.38e-06,47.4
1h5qH,1qyxA,23.415,205,140,5,12,210,5,198,7.52e-06,46.2
1h5qH,1qywA,23.415,205,140,5,12,210,5,198,7.70e-06,46.2
1h5qH,3h4vD,25.000,268,161,10,13,256,6,257,8.01e-06,46.2
1h5qH,1fduD,24.215,223,148,7,12,227,5,213,8.21e-06,46.2
1h5qH,1fduB,23.874,222,149,6,12,227,5,212,1.13e-05,45.8
1h5qH,2bfpA,24.627,268,167,9,13,256,5,261,1.31e-05,45.4
1h5qH,1w0cE,24.627,268,167,9,13,256,5,261,1.31e-05,45.4
1h5qH,2qhxA,24.715,263,169,10,13,256,6,258,1.32e-05,45.4
1h5qH,1e7wB,25.564,266,158,9,13,256,5,252,1.75e-05,45.1
1h5qH,2qhxC,24.031,258,168,8,13,256,5,248,1.86e-05,45.1
1h5qH,2qhxB,24.621,264,169,10,13,256,6,259,2.01e-05,45.1
1h5qH,1fduA,24.215,223,148,7,12,227,5,213,2.09e-05,45.1
1h5qH,2qhxD,24.719,267,158,10,13,256,6,252,2.10e-05,44.7
1h5qH,1fdvC,24.390,205,135,6,12,210,5,195,2.10e-05,45.1
1h5qH,1fduC,24.390,205,135,6,12,210,5,195,2.10e-05,45.1
1h5qH,1fdvD,23.529,204,139,5,12,209,5,197,2.13e-05,45.1
1h5qH,1fdvB,23.529,204,139,5,12,209,5,197,2.13e-05,45.1
1h5qH,1e92A,25.000,268,167,10,13,256,5,262,2.19e-05,44.7
1h5qH,3hb5X,24.390,205,135,6,12,210,5,195,2.19e-05,45.1
1h5qH,3hb4X,24.390,205,135,6,12,210,5,195,2.19e-05,45.1
1h5qH,3dheA,24.390,205,135,6,12,210,5,195,2.19e-05,45.1
1h5qH,1equB,24.390,205,135,6,12,210,5,195,2.19e-05,45.1
1h5qH,1equA,24.390,205,135,6,12,210,5,195,2.19e-05,45.1
1h5qH,1dhtA,24.390,205,135,6,12,210,5,195,2.19e-05,45.1
1h5qH,1i5rA,24.390,205,135,6,12,210,5,195,2.28e-05,44.7
1h5qH,1fdtA,24.390,205,135,6,12,210,5,195,2.28e-05,44.7
1h5qH,1a27A,24.390,205,135,6,12,210,5,195,2.28e-05,44.7
1h5qH,2bf7C,24.419,258,166,8,13,256,5,247,2.40e-05,44.7
1h5qH,3h4vE,25.000,268,165,10,13,256,5,260,2.94e-05,44.3
1h5qH,2bfmA,25.000,268,165,10,13,256,5,260,2.94e-05,44.3
1h5qH,1e7wA,24.436,266,169,10,13,256,6,261,3.39e-05,44.3
1h5qH,1w0cG,25.000,268,162,10,13,256,5,257,3.46e-05,44.3
1h5qH,1lxcB,24.335,263,157,11,10,256,6,242,3.47e-05,44.3
1h5qH,1lxcA,24.335,263,157,11,10,256,6,242,3.47e-05,44.3
1h5qH,1jtvA,23.858,197,133,5,12,202,5,190,3.72e-05,44.3
1h5qH,1fdsA,23.858,197,133,5,12,202,5,190,3.91e-05,44.3
1h5qH,3deyX,23.858,197,133,5,12,202,5,190,3.95e-05,44.3
1h5qH,1fdwA,23.858,197,133,5,12,202,5,190,4.17e-05,43.9
1h5qH,2jjyD,25.095,263,150,11,10,256,6,237,4.45e-05,43.9
1h5qH,3fcoA,28.571,147,95,5,10,152,15,155,4.67e-05,43.9
1h5qH,3h4vH,25.000,268,161,10,13,256,6,257,4.81e-05,43.9
1h5qH,3qqpA,28.571,147,95,5,10,152,16,156,5.17e-05,43.9
1h5qH,3d5qA,28.571,147,95,5,10,152,15,155,5.25e-05,43.5
1h5qH,3qqpB,28.571,147,95,5,10,152,16,156,5.33e-05,43.5
1h5qH,3d4nD,28.571,147,95,5,10,152,16,156,5.38e-05,43.5
1h5qH,3d5qB,28.571,147,95,5,10,152,15,155,5.39e-05,43.5
1h5qH,3qqpC,28.571,147,95,5,10,152,16,156,5.40e-05,43.5
1h5qH,3oq1C,28.571,147,95,5,10,152,15,155,5.44e-05,43.5
1h5qH,3bzuB,28.571,147,95,5,10,152,14,154,5.45e-05,43.5
1h5qH,2iltA,28.571,147,95,5,10,152,25,165,5.46e-05,43.5
1h5qH,3oq1B,28.571,147,95,5,10,152,15,155,5.50e-05,43.5
1h5qH,3czrA,28.571,147,95,5,10,152,16,156,5.51e-05,43.5
1h5qH,3fcoB,28.571,147,95,5,10,152,15,155,5.53e-05,43.5
1h5qH,2irwH,28.571,147,95,5,10,152,10,150,5.54e-05,43.5
1h5qH,2irwF,28.571,147,95,5,10,152,10,150,5.54e-05,43.5
1h5qH,2irwD,28.571,147,95,5,10,152,10,150,5.54e-05,43.5
1h5qH,2irwA,28.571,147,95,5,10,152,10,150,5.54e-05,43.5
1h5qH,3oq1A,28.571,147,95,5,10,152,15,155,5.63e-05,43.5
1h5qH,3pdjB,28.571,147,95,5,10,152,15,155,5.71e-05,43.5
1h5qH,3h6kB,28.571,147,95,5,10,152,14,154,5.74e-05,43.5
1h5qH,3byzD,28.571,147,95,5,10,152,11,151,5.74e-05,43.5
1h5qH,2rbeD,28.571,147,95,5,10,152,11,151,5.74e-05,43.5
1h5qH,2rbeB,28.571,147,95,5,10,152,9,149,5.75e-05,43.5
1h5qH,3hfgB,28.571,147,95,5,10,152,14,154,5.77e-05,43.5
1h5qH,3frjB,28.571,147,95,5,10,152,16,156,5.77e-05,43.5
1h5qH,3d4nB,28.571,147,95,5,10,152,16,156,5.77e-05,43.5
1h5qH,2belA,28.571,147,95,5,10,152,10,150,5.81e-05,43.5
1h5qH,3h6kA,28.571,147,95,5,10,152,10,150,5.82e-05,43.5
1h5qH,3tfqB,28.571,147,95,5,10,152,26,166,5.83e-05,43.5
1h5qH,3qqpD,28.571,147,95,5,10,152,16,156,5.88e-05,43.5
1h5qH,3pdjA,28.571,147,95,5,10,152,16,156,5.92e-05,43.5
1h5qH,3d4nC,28.571,147,95,5,10,152,16,156,5.93e-05,43.5
1h5qH,3d4nA,28.571,147,95,5,10,152,15,155,5.95e-05,43.5
1h5qH,4bb6A,28.571,147,95,5,10,152,10,150,5.96e-05,43.5
1h5qH,2rbeA,28.571,147,95,5,10,152,11,151,5.96e-05,43.5
1h5qH,3bzuA,28.571,147,95,5,10,152,11,151,6.00e-05,43.5
1h5qH,3h6kC,28.571,147,95,5,10,152,12,152,6.04e-05,43.5
1h5qH,3ch6D,28.571,147,95,5,10,152,24,164,6.11e-05,43.5
1h5qH,3ch6B,28.571,147,95,5,10,152,26,166,6.12e-05,43.5
1h5qH,3klpX,23.116,199,136,5,12,204,5,192,6.17e-05,43.5
1h5qH,3d3eD,28.571,147,95,5,10,152,15,155,6.18e-05,43.5
1h5qH,3d3eB,28.571,147,95,5,10,152,15,155,6.18e-05,43.5
1h5qH,2rbeC,28.571,147,95,5,10,152,10,150,6.19e-05,43.5
1h5qH,3h6kD,28.571,147,95,5,10,152,10,150,6.22e-05,43.5
1h5qH,4bb5A,28.571,147,95,5,10,152,9,149,6.34e-05,43.5
1h5qH,3czrB,28.571,147,95,5,10,152,15,155,6.34e-05,43.5
1h5qH,1xu7A,28.571,147,95,5,10,152,15,155,6.34e-05,43.5
1h5qH,3hfgD,28.571,147,95,5,10,152,11,151,6.34e-05,43.5
