1jrzA,1jrzB,100.000,568,0,0,1,568,1,568,0.0,1171
1jrzA,1jrzA,100.000,568,0,0,1,568,1,568,0.0,1171
1jrzA,1jryB,99.824,568,1,0,1,568,1,568,0.0,1168
1jrzA,1jryA,99.824,568,1,0,1,568,1,568,0.0,1168
1jrzA,1jrxB,99.824,568,1,0,1,568,1,568,0.0,1168
1jrzA,1jrxA,99.824,568,1,0,1,568,1,568,0.0,1168
1jrzA,2b7rA,99.648,568,2,0,1,568,1,568,0.0,1166
1jrzA,1ksuB,99.648,568,2,0,1,568,1,568,0.0,1165
1jrzA,1p2eA,99.648,568,2,0,1,568,1,568,0.0,1165
1jrzA,1kssA,99.648,568,2,0,1,568,1,568,0.0,1165
1jrzA,1e39A,99.648,568,2,0,1,568,1,568,0.0,1165
1jrzA,1p2hA,99.648,568,2,0,1,568,1,568,0.0,1165
1jrzA,1m64B,99.648,568,2,0,1,568,1,568,0.0,1164
1jrzA,1m64A,99.648,568,2,0,1,568,1,568,0.0,1164
1jrzA,1q9iA,99.472,568,3,0,1,568,1,568,0.0,1164
1jrzA,1d4cC,61.728,567,212,3,4,568,3,566,0.0,701
1jrzA,1d4cD,61.728,567,212,3,4,568,5,568,0.0,701
1jrzA,1d4cA,61.728,567,212,3,4,568,5,568,0.0,701
1jrzA,1d4cB,61.728,567,210,4,4,568,3,564,0.0,696
1jrzA,1d4eA,61.905,567,205,6,4,568,2,559,0.0,689
1jrzA,1d4dA,61.905,567,205,6,4,568,2,559,0.0,689
1jrzA,1qo8D,43.007,572,308,6,3,568,3,562,6.44e-168,488
1jrzA,1qo8A,43.007,572,308,6,3,568,3,562,6.44e-168,488
1jrzA,2b76A,26.588,425,260,11,151,566,32,413,2.50e-30,125
1jrzA,3p4sM,26.588,425,260,11,151,566,32,413,2.62e-30,125
1jrzA,3p4sA,26.588,425,260,11,151,566,32,413,2.62e-30,125
1jrzA,3p4rM,26.588,425,260,11,151,566,32,413,2.62e-30,125
1jrzA,3p4rA,26.588,425,260,11,151,566,32,413,2.62e-30,125
1jrzA,3p4qM,26.588,425,260,11,151,566,32,413,2.62e-30,125
1jrzA,3p4qA,26.588,425,260,11,151,566,32,413,2.62e-30,125
1jrzA,3p4pM,26.588,425,260,11,151,566,32,413,2.62e-30,125
1jrzA,3p4pA,26.588,425,260,11,151,566,32,413,2.62e-30,125
1jrzA,1l0vM,26.588,425,260,11,151,566,32,413,2.62e-30,125
1jrzA,1l0vA,26.588,425,260,11,151,566,32,413,2.62e-30,125
1jrzA,1kfyM,26.588,425,260,11,151,566,32,413,2.62e-30,125
1jrzA,1kfyA,26.588,425,260,11,151,566,32,413,2.62e-30,125
1jrzA,1kf6M,26.588,425,260,11,151,566,32,413,2.62e-30,125
1jrzA,1kf6A,26.588,425,260,11,151,566,32,413,2.62e-30,125
1jrzA,2b76M,26.588,425,260,11,151,566,32,413,2.75e-30,125
1jrzA,3ae9A,25.604,414,234,15,168,558,52,414,2.35e-29,122
1jrzA,3ae7A,25.604,414,234,15,168,558,52,414,2.35e-29,122
1jrzA,3ae3A,25.604,414,234,15,168,558,52,414,2.35e-29,122
1jrzA,1zp0A,25.604,414,234,15,168,558,52,414,2.35e-29,122
1jrzA,2e5vB,27.273,440,229,19,129,557,2,361,3.25e-29,120
1jrzA,2e5vA,27.273,440,229,19,129,557,2,361,3.25e-29,120
1jrzA,2h88N,25.547,411,238,15,168,558,51,413,2.19e-28,119
1jrzA,2h88A,25.547,411,238,15,168,558,51,413,2.19e-28,119
1jrzA,2fbwN,25.547,411,238,15,168,558,51,413,2.19e-28,119
1jrzA,2h89A,25.547,411,238,15,168,558,52,414,2.28e-28,119
1jrzA,2fbwA,25.547,411,238,15,168,558,52,414,2.28e-28,119
1jrzA,1yq4A,25.547,411,238,15,168,558,53,415,2.44e-28,119
1jrzA,1yq3A,25.547,411,238,15,168,558,53,415,2.44e-28,119
1jrzA,3vrbE,27.111,450,263,12,128,558,11,414,5.99e-28,118
1jrzA,3vrbA,27.111,450,263,12,128,558,11,414,5.99e-28,118
1jrzA,3vr8A,27.111,450,263,12,128,558,11,414,5.99e-28,118
1jrzA,1knrA,25.949,474,251,16,123,566,1,404,5.25e-26,112
1jrzA,1knpA,25.949,474,251,16,123,566,1,404,5.25e-26,112
1jrzA,4at2A,27.959,490,278,14,128,566,17,482,1.80e-25,109
1jrzA,4at0A,27.959,490,278,14,128,566,17,482,1.80e-25,109
1jrzA,2wu2E,26.271,472,256,13,123,561,4,416,3.47e-25,109
1jrzA,2wdvI,26.271,472,256,13,123,561,4,416,3.47e-25,109
1jrzA,2wdvE,26.271,472,256,13,123,561,4,416,3.47e-25,109
1jrzA,2wdvA,26.271,472,256,13,123,561,4,416,3.47e-25,109
1jrzA,2aczA,26.271,472,256,13,123,561,4,416,3.47e-25,109
1jrzA,1nekA,26.271,472,256,13,123,561,4,416,3.47e-25,109
1jrzA,3cirA,25.882,425,227,13,151,566,32,377,1.91e-24,107
1jrzA,2bs2A,24.313,473,273,15,128,567,7,427,9.11e-18,87.0
1jrzA,1qlbA,24.313,473,273,15,128,567,7,427,1.21e-17,86.7
1jrzA,3cirM,25.105,239,150,6,151,381,32,249,1.06e-10,64.3
1jrzA,3cirM,44.444,72,33,2,496,566,280,345,1.11e-10,64.3
1jrzA,2k3vA,42.045,88,37,5,2,86,3,79,3.71e-09,53.9
1jrzA,1m1rA,36.364,88,38,5,4,86,5,79,6.89e-06,44.7
1jrzA,1m1qA,36.364,88,38,5,4,86,4,78,7.06e-06,44.7
1jrzA,1m1pD,36.364,88,38,5,4,86,2,76,8.59e-06,44.3
1jrzA,1m1pF,36.364,88,38,5,4,86,4,78,9.20e-06,44.3
1jrzA,1m1pE,36.364,88,38,5,4,86,4,78,9.20e-06,44.3
1jrzA,1m1pA,36.364,88,38,5,4,86,3,77,9.61e-06,44.3
1jrzA,1m1pB,36.364,88,37,6,4,86,4,77,1.57e-04,40.8
1jrzA,1m1pC,36.364,88,37,6,4,86,3,76,1.75e-04,40.8
