1q1rA,1q1rA,100.000,421,0,0,1,421,1,421,0.0,857
1q1rA,3lb8A,100.000,419,0,0,1,419,1,419,0.0,853
1q1rA,3fg2P,39.024,410,244,3,3,412,1,404,1.20e-94,290
1q1rA,3lxdA,40.488,410,237,4,5,412,5,409,1.23e-87,272
1q1rA,2yvjA,37.713,411,238,7,6,413,6,401,8.47e-73,233
1q1rA,1f3pA,37.713,411,238,7,6,413,6,401,8.78e-73,233
1q1rA,1d7yA,37.713,411,238,7,6,413,6,401,8.78e-73,233
1q1rA,2yvjP,37.713,411,238,7,6,413,5,400,1.21e-72,233
1q1rA,2yvgA,37.713,411,238,7,6,413,5,400,1.21e-72,233
1q1rA,2yvfA,37.713,411,238,7,6,413,5,400,1.21e-72,233
1q1rA,2gr2A,37.713,411,238,7,6,413,5,400,1.21e-72,233
1q1rA,2gr0A,37.713,411,238,7,6,413,5,400,1.21e-72,233
1q1rA,4emjA,32.274,409,269,4,5,413,4,404,1.84e-50,175
1q1rA,3ef6A,32.187,407,268,4,5,411,2,400,2.83e-50,174
1q1rA,4emiA,32.187,407,268,4,5,411,3,401,3.57e-50,174
1q1rA,1xhcA,29.121,364,221,13,5,365,2,331,6.81e-23,99.0
1q1rA,2v3aA,29.787,282,187,6,6,285,4,276,2.10e-22,98.2
1q1rA,2cduA,27.397,292,184,10,61,341,60,334,2.52e-21,95.9
1q1rA,2cduB,27.397,292,184,10,61,341,60,334,3.11e-21,95.5
1q1rA,1f8wA,28.358,268,176,6,51,309,47,307,3.67e-19,89.4
1q1rA,2npxA,28.358,268,176,6,51,309,47,307,1.41e-18,87.4
1q1rA,1nhpA,28.358,268,176,6,51,309,47,307,1.57e-18,87.4
1q1rA,3nt6B,31.641,256,143,11,56,284,54,304,2.03e-18,87.4
1q1rA,3nt6A,31.641,256,143,11,56,284,54,304,2.03e-18,87.4
1q1rA,3ntdB,31.641,256,143,11,56,284,54,304,2.25e-18,87.4
1q1rA,3ntdA,31.641,256,143,11,56,284,54,304,2.25e-18,87.4
1q1rA,3ntaB,31.641,256,143,11,56,284,54,304,2.89e-18,87.0
1q1rA,3ntaA,31.641,256,143,11,56,284,54,304,2.89e-18,87.0
1q1rA,1m6iA,25.706,354,222,13,22,342,23,368,3.31e-18,86.3
1q1rA,3gd4B,23.775,408,263,14,22,391,21,418,6.14e-18,85.5
1q1rA,4fdcB,25.562,356,222,13,22,342,23,370,1.40e-17,84.7
1q1rA,3gd4A,24.157,356,227,12,22,342,22,369,2.72e-16,80.5
1q1rA,3gd3D,24.157,356,227,12,22,342,22,369,3.33e-16,80.5
1q1rA,3gd3C,24.157,356,227,12,22,342,22,369,3.60e-16,80.1
1q1rA,3gd3B,24.157,356,227,12,22,342,23,370,3.71e-16,80.1
1q1rA,3gd3A,24.157,356,227,12,22,342,22,369,4.14e-16,80.1
1q1rA,1gv4A,24.157,356,227,12,22,342,29,376,4.31e-16,80.1
1q1rA,3cgeA,26.733,303,187,13,5,288,2,288,1.84e-15,78.2
1q1rA,3cgdA,26.733,303,187,13,5,288,2,288,1.84e-15,78.2
1q1rA,3cgcB,26.733,303,187,13,5,288,2,288,1.84e-15,78.2
1q1rA,3cgcA,26.733,303,187,13,5,288,2,288,1.84e-15,78.2
1q1rA,3cgbB,26.733,303,187,13,5,288,2,288,1.84e-15,78.2
1q1rA,3cgbA,26.733,303,187,13,5,288,2,288,1.84e-15,78.2
1q1rA,3kljA,22.254,346,226,7,6,332,5,326,3.24e-15,76.6
1q1rA,3icrA,26.855,283,178,11,51,317,50,319,1.34e-14,75.9
1q1rA,3ictA,26.855,283,178,11,51,317,52,321,1.40e-14,75.5
1q1rA,3ictB,26.855,283,178,11,51,317,48,317,1.60e-14,75.5
1q1rA,3icsB,26.855,283,178,11,51,317,49,318,1.63e-14,75.5
1q1rA,3icrB,26.855,283,178,11,51,317,49,318,1.63e-14,75.5
1q1rA,2bcpA,26.459,257,165,8,56,297,72,319,3.66e-13,70.9
1q1rA,2bc1A,26.459,257,165,8,56,297,72,319,3.66e-13,70.9
1q1rA,2bc0B,26.459,257,165,8,56,297,72,319,4.75e-13,70.9
1q1rA,2bc0A,26.459,257,165,8,56,297,72,319,4.75e-13,70.9
1q1rA,4eqwA,23.938,259,163,10,51,293,46,286,1.13e-12,69.3
1q1rA,4eqsB,23.938,259,163,10,51,293,46,286,1.18e-12,69.3
1q1rA,4eqsA,23.938,259,163,10,51,293,46,286,1.18e-12,69.3
1q1rA,4eqrA,23.938,259,163,10,51,293,46,286,1.18e-12,69.3
1q1rA,4em4B,23.938,259,163,10,51,293,46,286,1.18e-12,69.3
1q1rA,4em4A,23.938,259,163,10,51,293,46,286,1.18e-12,69.3
1q1rA,4em3B,23.938,259,163,10,51,293,46,286,1.18e-12,69.3
1q1rA,4em3A,23.938,259,163,10,51,293,46,286,1.18e-12,69.3
1q1rA,1yqzB,23.938,259,163,10,51,293,46,286,1.18e-12,69.3
1q1rA,1yqzA,23.938,259,163,10,51,293,46,286,1.18e-12,69.3
1q1rA,4emwA,23.938,259,163,10,51,293,46,286,1.28e-12,69.3
1q1rA,2eq7B,30.049,203,125,6,88,286,116,305,1.21e-11,66.2
1q1rA,2eq7A,30.049,203,125,6,88,286,116,305,1.21e-11,66.2
1q1rA,2yquB,30.049,203,125,6,88,286,116,305,1.33e-11,66.2
1q1rA,2yquA,30.049,203,125,6,88,286,116,305,1.33e-11,66.2
1q1rA,3oc4A,22.449,294,177,9,5,284,2,258,8.27e-11,63.5
1q1rA,1ebdA,27.778,216,134,8,102,306,134,338,9.06e-11,63.5
1q1rA,2rabB,29.258,229,138,10,62,283,87,298,8.27e-10,60.5
1q1rA,2rabA,29.258,229,138,10,62,283,87,298,8.33e-10,60.5
1q1rA,3oc4B,22.260,292,179,10,5,284,3,258,1.30e-09,59.7
1q1rA,2r9zB,29.130,230,138,11,62,283,88,300,9.79e-09,57.0
1q1rA,2r9zA,29.130,230,138,11,62,283,86,298,1.01e-08,57.0
1q1rA,1lvlA,28.452,239,132,9,96,325,129,337,5.15e-08,55.1
1q1rA,2eq9G,28.042,189,118,6,105,286,132,309,8.11e-07,51.2
1q1rA,2eq6A,28.042,189,118,6,105,286,132,309,8.11e-07,51.2
1q1rA,1dxlD,28.767,146,87,4,149,283,175,314,1.36e-06,50.4
1q1rA,1dxlC,28.767,146,87,4,149,283,175,314,1.36e-06,50.4
1q1rA,1dxlB,28.767,146,87,4,149,283,175,314,1.36e-06,50.4
1q1rA,1dxlA,28.767,146,87,4,149,283,175,314,1.36e-06,50.4
1q1rA,1lpfB,25.112,223,133,7,75,286,122,321,2.92e-06,49.3
1q1rA,1lpfA,25.112,223,133,7,75,286,122,321,2.92e-06,49.3
1q1rA,3urhA,30.282,142,92,4,151,286,176,316,3.14e-06,49.3
1q1rA,3ladB,25.328,229,125,7,75,286,122,321,4.77e-06,48.9
1q1rA,3ladA,25.328,229,125,7,75,286,122,321,4.77e-06,48.9
1q1rA,3q6jB,23.320,253,173,8,97,344,169,405,7.20e-06,48.1
1q1rA,2c3dA,23.320,253,173,8,97,344,169,405,7.20e-06,48.1
1q1rA,2c3cB,23.320,253,173,8,97,344,169,405,7.20e-06,48.1
1q1rA,2c3cA,23.320,253,173,8,97,344,169,405,7.20e-06,48.1
1q1rA,1mo9B,23.320,253,173,8,97,344,169,405,7.20e-06,48.1
1q1rA,1mo9A,23.320,253,173,8,97,344,169,405,7.20e-06,48.1
1q1rA,1zk7A,29.319,191,116,8,98,284,135,310,2.53e-05,46.6
1q1rA,1aogA,25.269,186,104,7,150,321,189,353,4.96e-05,45.4
1q1rA,1bzlB,25.269,186,104,7,150,321,187,351,5.13e-05,45.4
1q1rA,1aogB,25.269,186,104,7,150,321,187,351,5.13e-05,45.4
1q1rA,1gxfA,25.269,186,104,7,150,321,188,352,5.23e-05,45.4
1q1rA,1bzlA,25.269,186,104,7,150,321,190,354,5.52e-05,45.4
1q1rA,5grtA,25.909,220,131,9,84,286,114,318,1.10e-04,44.3
1q1rA,4grtA,25.909,220,131,9,84,286,114,318,1.10e-04,44.3
1q1rA,3grtA,25.909,220,131,9,84,286,114,318,1.10e-04,44.3
1q1rA,2grtA,25.909,220,131,9,84,286,114,318,1.10e-04,44.3
1q1rA,1zdlA,25.652,230,137,8,100,318,142,348,1.34e-04,44.3
1q1rA,3dgzA,25.652,230,137,8,100,318,143,349,1.41e-04,43.9
1q1rA,1zkqA,25.652,230,137,8,100,318,143,349,1.41e-04,43.9
1q1rA,3dk8A,25.909,220,131,9,84,286,115,319,1.47e-04,43.9
1q1rA,3dk4A,25.909,220,131,9,84,286,115,319,1.47e-04,43.9
1q1rA,3djjA,25.909,220,131,9,84,286,115,319,1.47e-04,43.9
1q1rA,4gr1A,25.909,220,131,9,84,286,114,318,1.58e-04,43.9
1q1rA,3sqpA,25.909,220,131,9,84,286,114,318,1.58e-04,43.9
1q1rA,3djgX,25.909,220,131,9,84,286,114,318,1.58e-04,43.9
1q1rA,2gh5B,25.909,220,131,9,84,286,114,318,1.58e-04,43.9
1q1rA,2gh5A,25.909,220,131,9,84,286,114,318,1.58e-04,43.9
1q1rA,2aaqA,25.909,220,131,9,84,286,114,318,1.58e-04,43.9
1q1rA,1xanA,25.909,220,131,9,84,286,114,318,1.58e-04,43.9
1q1rA,1greA,25.909,220,131,9,84,286,114,318,1.58e-04,43.9
1q1rA,1grbA,25.909,220,131,9,84,286,114,318,1.58e-04,43.9
1q1rA,1graA,25.909,220,131,9,84,286,114,318,1.58e-04,43.9
1q1rA,1dncA,25.909,220,131,9,84,286,114,318,1.58e-04,43.9
1q1rA,1bwcA,25.909,220,131,9,84,286,114,318,1.58e-04,43.9
1q1rA,1onfA,22.388,268,176,10,86,344,97,341,3.41e-04,42.7
1q1rA,4dnaB,23.000,200,127,6,93,283,123,304,4.91e-04,42.4
1q1rA,4dnaA,23.000,200,127,6,93,283,123,304,4.91e-04,42.4
1q1rA,3f8rD,25.221,226,141,11,86,308,85,285,0.003,39.7
1q1rA,1fl2A,25.943,212,127,8,84,284,86,278,0.003,39.7
1q1rA,1hyuA,25.728,206,123,7,90,284,303,489,0.003,40.0
1q1rA,3f8rB,24.229,227,149,8,86,308,88,295,0.005,38.9
1q1rA,2wpfC,26.471,238,126,12,100,321,149,353,0.005,39.3
1q1rA,2wbaA,26.471,238,126,12,100,321,150,354,0.005,39.3
1q1rA,2wowD,26.471,238,126,12,100,321,150,354,0.005,39.3
1q1rA,2wovD,26.471,238,126,12,100,321,150,354,0.005,39.3
1q1rA,2wpeC,26.471,238,126,12,100,321,149,353,0.005,39.3
1q1rA,2wowC,26.471,238,126,12,100,321,153,357,0.005,39.3
1q1rA,1zy8J,22.581,217,144,7,75,283,120,320,0.005,39.3
1q1rA,1zy8I,22.581,217,144,7,75,283,120,320,0.005,39.3
1q1rA,1zy8G,22.581,217,144,7,75,283,120,320,0.005,39.3
1q1rA,1zy8E,22.581,217,144,7,75,283,120,320,0.005,39.3
1q1rA,1zy8D,22.581,217,144,7,75,283,120,320,0.005,39.3
1q1rA,1zy8C,22.581,217,144,7,75,283,120,320,0.005,39.3
1q1rA,1zy8A,22.581,217,144,7,75,283,120,320,0.005,39.3
1q1rA,1zmdF,22.581,217,144,7,75,283,117,317,0.005,39.3
1q1rA,1zmdB,22.581,217,144,7,75,283,117,317,0.005,39.3
1q1rA,1zmcH,22.581,217,144,7,75,283,117,317,0.005,39.3
1q1rA,1zmcF,22.581,217,144,7,75,283,117,317,0.005,39.3
1q1rA,1zmcB,22.581,217,144,7,75,283,117,317,0.005,39.3
1q1rA,2wp5C,26.471,238,126,12,100,321,150,354,0.005,39.3
1q1rA,2wp5B,26.471,238,126,12,100,321,150,354,0.005,39.3
1q1rA,2wpfD,26.471,238,126,12,100,321,154,358,0.005,39.3
1q1rA,1zmdG,22.581,217,144,7,75,283,118,318,0.005,38.9
1q1rA,1zmdD,22.581,217,144,7,75,283,118,318,0.005,38.9
1q1rA,1zmdA,22.581,217,144,7,75,283,118,318,0.005,38.9
1q1rA,1zmcG,22.581,217,144,7,75,283,118,318,0.005,38.9
1q1rA,1zmcA,22.581,217,144,7,75,283,118,318,0.005,38.9
1q1rA,2wpfA,26.471,238,126,12,100,321,153,357,0.005,38.9
1q1rA,2wowA,26.471,238,126,12,100,321,153,357,0.005,38.9
1q1rA,2wovC,26.471,238,126,12,100,321,153,357,0.005,38.9
1q1rA,2wovA,26.471,238,126,12,100,321,153,357,0.005,38.9
1q1rA,2wp5A,26.471,238,126,12,100,321,152,356,0.006,38.9
1q1rA,3ab1B,26.027,146,102,3,149,291,152,294,0.006,38.5
1q1rA,2wp5D,26.471,238,126,12,100,321,153,357,0.006,38.9
1q1rA,3ab1A,26.027,146,102,3,149,291,152,294,0.006,38.5
1q1rA,1typB,24.607,191,123,7,100,283,150,326,0.007,38.9
1q1rA,1typA,24.607,191,123,7,100,283,151,327,0.007,38.9
1q1rA,3o0hA,28.025,157,80,6,151,291,169,308,0.008,38.5
1q1rA,1feaD,24.607,191,123,7,100,283,150,326,0.008,38.5
1q1rA,1feaB,24.607,191,123,7,100,283,150,326,0.008,38.5
1q1rA,1tytB,24.607,191,123,7,100,283,150,326,0.008,38.5
1q1rA,1tytA,24.607,191,123,7,100,283,151,327,0.008,38.5
1q1rA,1feaA,24.607,191,123,7,100,283,150,326,0.008,38.5
1q1rA,3f8dA,24.286,210,136,8,103,308,104,294,0.009,38.1
1q1rA,2qaeA,24.878,205,115,8,96,283,129,311,0.010,38.1
