1xcwA,4gqrA,100.000,495,0,0,1,495,2,496,0.0,1029
1xcwA,4gqqA,100.000,495,0,0,1,495,2,496,0.0,1029
1xcwA,3ij9A,100.000,495,0,0,1,495,2,496,0.0,1028
1xcwA,3ij8A,100.000,495,0,0,1,495,2,496,0.0,1028
1xcwA,3ij7A,100.000,495,0,0,1,495,2,496,0.0,1028
1xcwA,3bawA,100.000,495,0,0,1,495,2,496,0.0,1028
1xcwA,3baiA,100.000,495,0,0,1,495,2,496,0.0,1028
1xcwA,2qv4A,100.000,495,0,0,1,495,2,496,0.0,1028
1xcwA,2qmkA,100.000,495,0,0,1,495,2,496,0.0,1028
1xcwA,1xd1A,100.000,495,0,0,1,495,2,496,0.0,1028
1xcwA,1xd0A,100.000,495,0,0,1,495,2,496,0.0,1028
1xcwA,1xcxA,100.000,495,0,0,1,495,2,496,0.0,1028
1xcwA,1xcwA,100.000,495,0,0,1,495,2,496,0.0,1028
1xcwA,1u30A,100.000,495,0,0,1,495,2,496,0.0,1028
1xcwA,1u2yA,100.000,495,0,0,1,495,2,496,0.0,1028
1xcwA,1hnyA,100.000,495,0,0,1,495,2,496,0.0,1028
1xcwA,1cpuA,100.000,495,0,0,1,495,2,496,0.0,1028
1xcwA,1b2yA,100.000,495,0,0,1,495,1,495,0.0,1028
1xcwA,3oliA,99.798,495,1,0,1,495,1,495,0.0,1028
1xcwA,3olgA,99.798,495,1,0,1,495,1,495,0.0,1028
1xcwA,3oleA,99.798,495,1,0,1,495,1,495,0.0,1028
1xcwA,3oldA,99.798,495,1,0,1,495,1,495,0.0,1028
1xcwA,3cpuA,99.798,495,1,0,1,495,2,496,0.0,1027
1xcwA,3bayA,99.798,495,1,0,1,495,2,496,0.0,1027
1xcwA,3baxA,99.798,495,1,0,1,495,2,496,0.0,1027
1xcwA,3bakA,99.798,495,1,0,1,495,2,496,0.0,1027
1xcwA,1xh1A,99.798,495,1,0,1,495,2,496,0.0,1027
1xcwA,1smdA,97.172,495,14,0,1,495,2,496,0.0,1002
1xcwA,1mfvA,97.172,495,14,0,1,495,2,496,0.0,1002
1xcwA,1z32X,96.970,495,15,0,1,495,2,496,0.0,999
1xcwA,1q4nX,96.970,495,15,0,1,495,2,496,0.0,999
1xcwA,3blpX,96.970,495,15,0,1,495,2,496,0.0,998
1xcwA,3blkA,96.970,495,15,0,1,495,2,496,0.0,998
1xcwA,1nm9A,96.970,495,15,0,1,495,2,496,0.0,998
1xcwA,1mfuA,96.162,495,14,1,1,495,2,491,0.0,986
1xcwA,3dhpA,95.960,495,20,0,1,495,2,496,0.0,985
1xcwA,3l2mA,86.869,495,65,0,1,495,2,496,0.0,915
1xcwA,3l2lA,86.869,495,65,0,1,495,2,496,0.0,915
1xcwA,1jfhA,86.869,495,65,0,1,495,2,496,0.0,915
1xcwA,1ppiA,86.869,495,65,0,1,495,2,496,0.0,914
1xcwA,1vahA,86.667,495,66,0,1,495,2,496,0.0,914
1xcwA,1ua3A,86.667,495,66,0,1,495,2,496,0.0,914
1xcwA,1oseA,86.667,495,66,0,1,495,2,496,0.0,914
1xcwA,1wo2A,86.667,495,66,0,1,495,2,496,0.0,913
1xcwA,1hx0A,86.667,495,66,0,1,495,2,496,0.0,913
1xcwA,1pigA,86.465,495,67,0,1,495,2,496,0.0,911
1xcwA,1bvnP,86.465,495,67,0,1,495,2,496,0.0,911
1xcwA,3vm5A,72.581,496,135,1,1,495,2,497,0.0,778
1xcwA,1jaeA,51.619,494,210,10,4,495,5,471,1.23e-169,486
1xcwA,1jd7A,44.990,489,222,16,10,495,3,447,9.43e-130,384
1xcwA,1l0pA,44.785,489,223,16,10,495,3,447,3.18e-129,383
1xcwA,1g9hA,44.785,489,223,16,10,495,3,447,3.18e-129,383
1xcwA,1g94A,44.785,489,223,16,10,495,3,447,3.18e-129,383
1xcwA,1aqhA,44.785,489,223,16,10,495,3,447,3.18e-129,383
1xcwA,1kxhA,44.581,489,224,16,10,495,3,447,1.14e-128,381
1xcwA,1bagA,23.195,457,276,18,2,448,3,394,1.71e-14,75.5
1xcwA,1ua7A,23.246,456,275,18,3,448,1,391,3.37e-14,74.7
1xcwA,1a47A,23.246,499,297,22,9,479,43,483,5.49e-11,65.1
1xcwA,3bmwA,23.046,499,298,22,9,479,43,483,1.94e-10,63.5
1xcwA,1kckA,23.241,469,264,24,30,464,65,471,3.97e-09,59.3
1xcwA,1uksB,23.617,470,261,26,30,464,65,471,4.49e-09,58.9
1xcwA,1uksA,23.617,470,261,26,30,464,65,471,4.49e-09,58.9
1xcwA,1pj9A,23.241,469,264,24,30,464,65,471,7.96e-09,58.2
1xcwA,3bcdA,26.190,336,205,13,31,337,145,466,1.05e-08,57.8
1xcwA,3bc9A,26.190,336,205,13,31,337,145,466,1.05e-08,57.8
1xcwA,1ukqB,22.601,469,267,23,30,464,65,471,1.29e-08,57.4
1xcwA,1ukqA,22.601,469,267,23,30,464,65,471,1.29e-08,57.4
1xcwA,1i75B,22.601,469,267,23,30,464,65,471,1.29e-08,57.4
1xcwA,1i75A,22.601,469,267,23,30,464,65,471,1.29e-08,57.4
1xcwA,2dijA,23.028,469,265,24,30,464,65,471,1.41e-08,57.4
1xcwA,1cgvA,23.028,469,265,24,30,464,65,471,1.41e-08,57.4
1xcwA,7taaA,27.513,189,110,7,30,208,51,222,1.61e-08,57.0
1xcwA,2gvyB,27.513,189,110,7,30,208,51,222,1.61e-08,57.0
1xcwA,2gvyA,27.513,189,110,7,30,208,51,222,1.61e-08,57.0
1xcwA,2cxgA,22.863,468,267,23,30,464,65,471,2.08e-08,57.0
1xcwA,1cxiA,22.863,468,267,23,30,464,65,471,2.08e-08,57.0
1xcwA,1cxhA,22.863,468,267,23,30,464,65,471,2.08e-08,57.0
1xcwA,1cxeA,22.863,468,267,23,30,464,65,471,2.08e-08,57.0
1xcwA,1cdgA,22.863,468,267,23,30,464,65,471,2.08e-08,57.0
1xcwA,1kclA,23.028,469,265,24,30,464,65,471,2.18e-08,57.0
1xcwA,1cxlA,22.462,463,275,21,30,464,65,471,2.20e-08,57.0
1xcwA,1cgwA,22.863,468,267,23,30,464,65,471,2.23e-08,56.6
1xcwA,1uktB,22.601,469,267,23,30,464,65,471,2.78e-08,56.6
1xcwA,1uktA,22.601,469,267,23,30,464,65,471,2.78e-08,56.6
1xcwA,1dtuA,22.863,468,267,23,30,464,65,471,2.90e-08,56.6
1xcwA,1v3mB,22.388,469,268,23,30,464,65,471,3.13e-08,56.2
1xcwA,1v3mA,22.388,469,268,23,30,464,65,471,3.13e-08,56.2
1xcwA,1v3lB,22.388,469,268,23,30,464,65,471,5.00e-08,55.8
1xcwA,1v3lA,22.388,469,268,23,30,464,65,471,5.00e-08,55.8
1xcwA,1ot2A,22.650,468,268,23,30,464,65,471,5.95e-08,55.5
1xcwA,1pezA,22.650,468,268,23,30,464,65,471,7.59e-08,55.1
1xcwA,1qhpA,25.000,440,242,21,73,482,105,486,9.75e-08,54.7
1xcwA,1qhoA,25.000,440,242,21,73,482,105,486,9.75e-08,54.7
1xcwA,1dedB,22.388,469,268,23,30,464,65,471,9.84e-08,54.7
1xcwA,1dedA,22.388,469,268,23,30,464,65,471,9.84e-08,54.7
1xcwA,1d3cA,22.246,463,276,21,30,464,65,471,1.00e-07,54.7
1xcwA,1cxkA,22.246,463,276,21,30,464,65,471,1.00e-07,54.7
1xcwA,1cxfA,22.246,463,276,21,30,464,65,471,1.00e-07,54.7
1xcwA,1eo7A,22.270,467,271,22,30,464,65,471,1.16e-07,54.7
1xcwA,1eo5A,22.270,467,271,22,30,464,65,471,1.16e-07,54.7
1xcwA,1ot1A,22.650,468,268,23,30,464,65,471,1.42e-07,54.3
1xcwA,1lwjB,25.735,136,97,2,66,201,60,191,1.61e-05,47.4
1xcwA,1lwjA,25.735,136,97,2,66,201,60,191,1.61e-05,47.4
1xcwA,6cgtA,21.581,468,269,20,28,460,63,467,0.001,41.6
1xcwA,5cgtA,21.909,461,276,22,28,460,63,467,0.003,40.4
1xcwA,1cguA,21.909,461,276,22,28,460,63,467,0.003,40.4
1xcwA,1gviA,28.302,106,55,6,30,126,184,277,0.005,39.7
