2dtxA,2dtxB,100.000,255,0,0,1,255,1,255,0.0,522
2dtxA,2dtxA,100.000,255,0,0,1,255,1,255,0.0,522
2dtxA,2dteA,100.000,255,0,0,1,255,1,255,0.0,522
2dtxA,3op4A,35.968,253,142,5,2,245,3,244,6.94e-46,154
2dtxA,3op4B,35.968,253,142,5,2,245,2,243,6.97e-46,154
2dtxA,3auuB,34.601,263,141,7,2,246,3,252,2.75e-45,152
2dtxA,3auuA,34.601,263,141,7,2,246,3,252,2.75e-45,152
2dtxA,3autB,34.601,263,141,7,2,246,3,252,2.75e-45,152
2dtxA,3ay6A,34.601,263,141,7,2,246,4,253,3.11e-45,152
2dtxA,3ay6B,34.601,263,141,7,2,246,8,257,3.39e-45,152
2dtxA,2d1yA,37.959,245,133,4,8,246,6,237,5.78e-45,151
2dtxA,3tzcA,36.364,253,120,7,2,245,3,223,5.37e-41,140
2dtxA,2cfcC,35.714,252,137,6,8,243,3,245,1.09e-40,140
2dtxA,2cfcB,35.714,252,137,6,8,243,3,245,1.09e-40,140
2dtxA,2cfcA,35.714,252,137,6,8,243,3,245,1.09e-40,140
2dtxA,1g6kA,34.231,260,146,7,2,246,2,251,1.65e-40,140
2dtxA,1q7bA,35.060,251,143,5,4,245,1,240,1.76e-40,139
2dtxA,1vl8A,33.074,257,149,6,4,246,2,249,5.12e-40,139
2dtxA,1q7cB,34.661,251,144,5,4,245,1,240,5.55e-40,138
2dtxA,1q7cA,34.661,251,144,5,4,245,1,240,5.55e-40,138
2dtxA,3sj7B,35.458,251,137,7,8,245,3,241,7.57e-40,138
2dtxA,2ztvC,31.395,258,159,4,5,248,2,255,1.20e-39,137
2dtxA,2q2qD,32.016,253,156,6,5,244,2,251,2.07e-39,137
2dtxA,3sj7A,35.060,251,135,7,8,245,2,237,2.10e-39,137
2dtxA,2ztlB,31.801,261,159,4,5,248,2,260,2.12e-38,134
2dtxA,2ztlA,31.801,261,159,4,5,248,2,260,2.12e-38,134
2dtxA,1wmbB,31.801,261,159,4,5,248,2,260,2.12e-38,134
2dtxA,1wmbA,31.801,261,159,4,5,248,2,260,2.12e-38,134
2dtxA,1nfqC,35.039,254,130,5,5,244,4,236,3.11e-38,134
2dtxA,1nfqB,35.039,254,130,5,5,244,4,236,3.11e-38,134
2dtxA,1nfqA,35.039,254,130,5,5,244,4,236,3.11e-38,134
2dtxA,1nffA,35.039,254,130,5,5,244,4,236,3.11e-38,134
2dtxA,3vdrD,32.046,259,161,4,5,248,2,260,3.15e-38,134
2dtxA,3vdrC,32.046,259,161,4,5,248,2,260,3.15e-38,134
2dtxA,3vdrB,32.046,259,161,4,5,248,2,260,3.15e-38,134
2dtxA,3vdrA,32.046,259,161,4,5,248,2,260,3.15e-38,134
2dtxA,3vdqB,32.046,259,161,4,5,248,2,260,3.15e-38,134
2dtxA,3vdqA,32.046,259,161,4,5,248,2,260,3.15e-38,134
2dtxA,2q2qG,31.474,251,156,6,5,244,2,247,3.49e-38,134
2dtxA,1zk4A,35.271,258,143,6,5,248,4,251,4.81e-38,133
2dtxA,2q2qC,31.873,251,147,6,5,244,2,239,7.21e-38,133
2dtxA,1zk1A,35.271,258,143,6,5,248,4,251,7.38e-38,133
2dtxA,1zk0A,35.271,258,143,6,5,248,4,251,7.38e-38,133
2dtxA,1zjyA,35.271,258,143,6,5,248,4,251,7.38e-38,133
2dtxA,4fn4C,35.361,263,142,9,2,247,2,253,9.76e-37,130
2dtxA,4fn4A,35.361,263,142,9,2,247,2,253,9.76e-37,130
2dtxA,2ztmA,31.128,257,158,4,9,248,1,255,3.67e-36,129
2dtxA,2q2qF,31.076,251,144,6,5,244,2,234,3.41e-35,125
2dtxA,1iy8C,32.157,255,155,5,7,246,4,255,4.23e-35,126
2dtxA,1iy8A,32.157,255,155,5,7,246,4,255,4.23e-35,126
2dtxA,4b79A,36.100,241,127,8,10,244,13,232,4.37e-35,125
2dtxA,2ztuD,30.620,258,147,4,5,248,2,241,4.50e-35,125
2dtxA,3o03A,33.597,253,141,5,5,245,9,246,8.26e-35,125
2dtxA,1x1tA,29.845,258,144,3,5,248,2,236,9.81e-35,124
2dtxA,2ztuC,30.620,258,148,5,5,248,2,242,1.75e-34,124
2dtxA,2ewmA,31.474,251,138,5,5,245,4,230,9.28e-34,122
2dtxA,2ztuA,29.457,258,144,4,5,248,2,235,1.43e-33,121
2dtxA,2ewmB,31.076,251,154,5,5,245,3,244,3.37e-33,120
2dtxA,1uznA,32.365,241,151,3,8,247,8,237,1.01e-32,119
2dtxA,1ae1B,31.518,257,154,7,5,246,4,253,7.86e-32,117
2dtxA,1edoA,34.387,253,141,6,9,247,3,244,8.75e-32,117
2dtxA,4ag3B,31.225,253,151,4,5,245,2,243,3.00e-31,115
2dtxA,4dmmB,32.941,255,137,5,5,245,3,237,3.12e-31,115
2dtxA,4dmmC,32.941,255,137,5,5,245,3,237,3.51e-31,115
2dtxA,4ag3A,31.225,253,151,4,5,245,10,251,3.77e-31,115
2dtxA,3toxE,33.977,259,150,9,3,247,1,252,4.70e-31,115
2dtxA,3toxA,33.977,259,150,9,3,247,1,252,4.70e-31,115
2dtxA,3toxB,32.046,259,149,7,3,247,1,246,7.98e-31,114
2dtxA,3rwbD,32.283,254,146,5,5,245,4,244,1.16e-30,114
2dtxA,3rwbC,32.283,254,146,5,5,245,4,244,1.16e-30,114
2dtxA,3rwbA,32.283,254,146,5,5,245,4,244,1.16e-30,114
2dtxA,3ndrA,32.283,254,146,5,5,245,4,244,1.16e-30,114
2dtxA,3i3oB,27.273,264,164,7,1,249,33,283,1.20e-30,115
2dtxA,3i3oA,27.273,264,164,7,1,249,32,282,1.28e-30,115
2dtxA,2ag5C,33.468,248,154,6,5,247,3,244,3.90e-30,112
2dtxA,2ag5B,33.468,248,154,6,5,247,3,244,4.17e-30,112
2dtxA,2ag5A,33.468,248,154,6,5,247,4,245,4.35e-30,112
2dtxA,1zemA,30.888,259,159,8,5,244,3,260,4.63e-30,113
2dtxA,1gegH,30.502,259,151,6,8,245,2,252,6.18e-30,112
2dtxA,1gegF,30.502,259,151,6,8,245,2,252,6.18e-30,112
2dtxA,1gegC,30.502,259,151,6,8,245,2,252,6.18e-30,112
2dtxA,1gegB,30.502,259,151,6,8,245,2,252,6.18e-30,112
2dtxA,1gegA,30.502,259,151,6,8,245,2,252,6.18e-30,112
2dtxA,1xr3B,31.621,253,152,5,8,246,7,252,9.61e-30,112
2dtxA,3uwrA,30.000,270,152,8,8,244,7,272,1.19e-29,112
2dtxA,2hsdD,31.783,258,146,6,3,246,1,242,2.14e-29,111
2dtxA,2hsdC,31.783,258,146,6,3,246,1,242,2.14e-29,111
2dtxA,2hsdB,31.783,258,146,6,3,246,1,242,2.14e-29,111
2dtxA,2hsdA,31.783,258,146,6,3,246,1,242,2.14e-29,111
2dtxA,1hdcD,31.783,258,146,6,3,246,1,242,2.14e-29,111
2dtxA,1hdcC,31.783,258,146,6,3,246,1,242,2.14e-29,111
2dtxA,1hdcA,31.783,258,146,6,3,246,1,242,2.14e-29,111
2dtxA,3t7cD,30.418,263,156,7,8,244,7,268,8.02e-29,110
2dtxA,3uveA,29.032,279,156,7,8,248,7,281,1.61e-28,109
2dtxA,4dc0B,31.538,260,150,7,8,246,7,259,1.69e-28,108
2dtxA,1xr3A,31.225,253,160,4,8,246,2,254,1.74e-28,108
2dtxA,1w4zA,31.225,253,160,4,8,246,5,257,1.84e-28,108
2dtxA,2rh4B,31.225,253,160,4,8,246,14,266,2.08e-28,108
2dtxA,2rhcA,31.225,253,160,4,8,246,3,255,2.12e-28,108
2dtxA,2rh4A,31.225,253,160,4,8,246,3,255,2.12e-28,108
2dtxA,3ri3B,31.225,253,152,5,8,246,11,255,2.46e-28,108
2dtxA,3csdB,31.225,253,152,5,8,246,11,255,2.46e-28,108
2dtxA,4dbzA,31.225,253,160,4,8,246,3,255,2.76e-28,108
2dtxA,3lqfD,32.530,249,144,6,12,247,16,253,2.91e-28,108
2dtxA,3lqfC,32.530,249,144,6,12,247,16,253,2.91e-28,108
2dtxA,3lqfB,32.530,249,144,6,12,247,16,253,2.91e-28,108
2dtxA,3lqfA,32.530,249,144,6,12,247,16,253,2.91e-28,108
2dtxA,2wsbD,32.530,249,144,6,12,247,16,253,2.91e-28,108
2dtxA,2wsbC,32.530,249,144,6,12,247,16,253,2.91e-28,108
2dtxA,2wsbB,32.530,249,144,6,12,247,16,253,2.91e-28,108
2dtxA,2wsbA,32.530,249,144,6,12,247,16,253,2.91e-28,108
2dtxA,2wdzD,32.530,249,144,6,12,247,16,253,2.91e-28,108
2dtxA,2wdzC,32.530,249,144,6,12,247,16,253,2.91e-28,108
2dtxA,2wdzB,32.530,249,144,6,12,247,16,253,2.91e-28,108
2dtxA,2wdzA,32.530,249,144,6,12,247,16,253,2.91e-28,108
2dtxA,3ri3A,31.225,253,160,4,8,246,2,254,3.07e-28,108
2dtxA,3csdA,31.225,253,160,4,8,246,2,254,3.07e-28,108
2dtxA,2rhrA,31.225,253,160,4,8,246,2,254,3.07e-28,108
2dtxA,2pd6A,32.400,250,139,7,5,245,5,233,3.08e-28,107
2dtxA,3ak4A,31.518,257,166,4,1,247,1,257,5.29e-28,107
2dtxA,1yxmB,31.579,266,137,8,5,247,9,252,6.11e-28,108
2dtxA,2c07A,31.746,252,144,5,7,246,10,245,8.99e-28,106
2dtxA,3t7cA,30.224,268,155,9,8,244,8,274,2.04e-27,106
2dtxA,3t7cB,30.224,268,155,9,8,244,7,273,2.44e-27,106
2dtxA,1fmcB,30.952,252,151,6,5,244,9,249,5.09e-27,105
2dtxA,1fmcA,30.952,252,151,6,5,244,9,249,5.09e-27,105
2dtxA,1ahiB,30.952,252,151,6,5,244,9,249,5.09e-27,105
2dtxA,1ahiA,30.952,252,151,6,5,244,9,249,5.09e-27,105
2dtxA,1ahhB,30.952,252,151,6,5,244,9,249,5.14e-27,105
2dtxA,1ahhA,30.952,252,151,6,5,244,9,249,5.14e-27,105
2dtxA,2ae2B,29.845,258,162,7,1,245,2,253,5.53e-27,105
2dtxA,2ae2A,29.845,258,162,7,1,245,2,253,5.53e-27,105
2dtxA,1ipfB,29.845,258,162,7,1,245,2,253,5.53e-27,105
2dtxA,1ipfA,29.845,258,162,7,1,245,2,253,5.53e-27,105
2dtxA,1ipeB,29.845,258,162,7,1,245,2,253,5.53e-27,105
2dtxA,1ipeA,29.845,258,162,7,1,245,2,253,5.53e-27,105
2dtxA,3uxyC,32.022,178,116,3,71,247,67,240,7.23e-27,104
2dtxA,3sjuB,29.688,256,160,6,8,246,1,253,1.94e-26,103
2dtxA,3sjuA,29.688,256,160,6,8,246,1,253,1.94e-26,103
2dtxA,3uf0A,31.518,257,143,7,5,244,5,245,2.27e-26,103
2dtxA,1ae1A,28.794,257,148,6,5,246,4,240,2.40e-26,102
2dtxA,1bdbA,30.038,263,157,8,5,252,3,253,3.80e-26,102
2dtxA,1o5iB,29.796,245,153,5,5,246,2,230,4.10e-26,102
2dtxA,2ekpA,29.719,249,151,8,7,245,1,235,1.90e-25,100
2dtxA,3o4rA,29.845,258,157,7,5,248,6,253,3.77e-25,100
2dtxA,2bgmA,29.771,262,160,7,5,250,4,257,8.17e-25,99.4
2dtxA,2bglA,29.771,262,160,7,5,250,4,257,8.17e-25,99.4
2dtxA,3sx2A,30.576,278,141,11,5,245,3,265,9.14e-25,99.4
2dtxA,4iiuA,27.559,254,154,6,8,245,3,242,1.04e-24,98.6
2dtxA,3zv6B,30.502,259,157,8,5,249,3,252,1.29e-24,99.0
2dtxA,3zv5B,30.502,259,157,8,5,249,3,252,1.29e-24,99.0
2dtxA,2zatA,29.457,258,158,7,5,248,3,250,2.73e-24,97.8
2dtxA,3zv6A,28.958,259,168,6,5,249,3,259,3.02e-24,98.2
2dtxA,3zv5A,28.958,259,168,6,5,249,3,259,3.02e-24,98.2
2dtxA,2y99A,30.116,259,157,8,5,249,3,251,4.71e-24,97.4
2dtxA,4iinA,31.076,251,137,4,8,245,7,234,6.61e-24,96.3
2dtxA,3sx2H,30.515,272,131,10,5,245,3,247,6.76e-24,96.7
2dtxA,4fc7D,28.137,263,160,7,5,250,20,270,1.34e-23,96.3
2dtxA,4fc7B,28.137,263,160,7,5,250,24,274,1.54e-23,96.3
2dtxA,4fc6B,28.137,263,160,7,5,250,24,274,1.54e-23,96.3
2dtxA,4fc7A,28.137,263,160,7,5,250,23,273,1.57e-23,96.3
2dtxA,4fc6A,28.137,263,160,7,5,250,23,273,1.57e-23,96.3
2dtxA,3gegA,27.711,249,151,5,7,248,1,227,1.70e-23,95.5
2dtxA,4iinC,30.677,251,140,4,8,245,7,236,2.14e-23,95.1
2dtxA,4gvxC,32.157,255,154,7,4,246,4,251,4.14e-23,94.7
2dtxA,4gvxA,32.157,255,154,7,4,246,4,251,4.14e-23,94.7
2dtxA,4gloB,32.157,255,154,7,4,246,4,251,4.14e-23,94.7
2dtxA,4gloA,32.157,255,154,7,4,246,4,251,4.14e-23,94.7
2dtxA,3lf2A,27.273,264,159,5,4,246,3,254,5.54e-23,94.4
2dtxA,4iivB,27.165,254,151,6,8,245,2,237,9.18e-23,93.2
2dtxA,3a28A,29.119,261,154,8,8,245,2,254,1.18e-22,93.6
2dtxA,3a28C,29.119,261,154,8,8,245,2,254,1.18e-22,93.6
2dtxA,4hp8A,30.350,257,150,9,5,248,5,245,2.65e-22,92.0
2dtxA,3pgxA,27.206,272,158,7,5,244,3,266,7.69e-22,91.7
2dtxA,1xkqA,29.104,268,158,10,5,247,3,263,9.09e-22,91.3
2dtxA,2gdzA,28.718,195,112,6,8,183,7,193,1.04e-21,90.9
2dtxA,3ai2C,26.667,255,167,7,8,245,8,259,1.06e-21,90.9
2dtxA,3ai2A,26.667,255,167,7,8,245,8,259,1.06e-21,90.9
2dtxA,2japB,30.208,192,119,4,3,181,1,190,2.90e-21,89.4
2dtxA,2japA,30.208,192,119,4,3,181,1,190,2.90e-21,89.4
2dtxA,2jahA,30.208,192,119,4,3,181,1,190,2.90e-21,89.4
2dtxA,4gloC,30.980,255,147,6,4,246,4,241,3.51e-21,89.4
2dtxA,3ai3G,26.667,255,167,7,8,245,8,259,3.68e-21,89.4
2dtxA,3ai3E,26.667,255,167,7,8,245,8,259,3.68e-21,89.4
2dtxA,3ai3C,26.667,255,167,7,8,245,8,259,3.68e-21,89.4
2dtxA,3ai3A,26.667,255,167,7,8,245,8,259,3.68e-21,89.4
2dtxA,3jqgD,29.885,261,139,10,11,247,6,246,6.62e-21,88.6
2dtxA,3jqgA,29.885,261,139,10,11,247,6,246,6.62e-21,88.6
2dtxA,3jqfD,29.885,261,139,10,11,247,6,246,6.62e-21,88.6
2dtxA,3jqeD,29.885,261,139,10,11,247,6,246,6.62e-21,88.6
2dtxA,3jqeA,29.885,261,139,10,11,247,6,246,6.62e-21,88.6
2dtxA,3jqdA,29.885,261,139,10,11,247,6,246,6.62e-21,88.6
2dtxA,3jqbA,29.885,261,139,10,11,247,6,246,6.62e-21,88.6
2dtxA,3jqaC,29.885,261,139,10,11,247,6,246,6.62e-21,88.6
2dtxA,3jq9D,29.885,261,139,10,11,247,6,246,6.62e-21,88.6
2dtxA,3jq9C,29.885,261,139,10,11,247,6,246,6.62e-21,88.6
2dtxA,3jq9A,29.885,261,139,10,11,247,6,246,6.62e-21,88.6
2dtxA,3jq8D,29.885,261,139,10,11,247,6,246,6.62e-21,88.6
2dtxA,3jq7A,29.885,261,139,10,11,247,6,246,6.62e-21,88.6
2dtxA,3jq6D,29.885,261,139,10,11,247,6,246,6.62e-21,88.6
2dtxA,3jq6A,29.885,261,139,10,11,247,6,246,6.62e-21,88.6
2dtxA,3gn2D,29.885,261,139,10,11,247,6,246,6.62e-21,88.6
2dtxA,3gn1A,29.885,261,139,10,11,247,6,246,6.62e-21,88.6
2dtxA,3bmcD,29.885,261,139,10,11,247,6,246,6.62e-21,88.6
2dtxA,3bmcA,29.885,261,139,10,11,247,6,246,6.62e-21,88.6
2dtxA,2yhiD,29.885,261,139,10,11,247,6,246,6.62e-21,88.6
2dtxA,2yhiC,29.885,261,139,10,11,247,6,246,6.62e-21,88.6
2dtxA,2yhiB,29.885,261,139,10,11,247,6,246,6.62e-21,88.6
2dtxA,2yhiA,29.885,261,139,10,11,247,6,246,6.62e-21,88.6
2dtxA,2wd8A,29.885,261,139,10,11,247,6,246,6.62e-21,88.6
2dtxA,2wd7A,29.885,261,139,10,11,247,6,246,6.62e-21,88.6
2dtxA,2vz0C,29.885,261,139,10,11,247,6,246,6.62e-21,88.6
2dtxA,2vz0A,29.885,261,139,10,11,247,6,246,6.62e-21,88.6
2dtxA,3bmqC,29.658,263,139,10,11,247,6,248,6.65e-21,88.6
2dtxA,2x9nB,29.183,257,145,8,11,247,6,245,7.28e-21,88.6
2dtxA,2x9nA,29.183,257,145,8,11,247,6,245,7.28e-21,88.6
2dtxA,4iqgC,29.457,258,148,9,8,244,2,246,1.09e-20,87.8
2dtxA,2yhuD,29.070,258,145,9,11,247,6,246,1.43e-20,87.8
2dtxA,2x9vC,29.070,258,145,9,11,247,6,246,1.43e-20,87.8
2dtxA,3gn1D,29.771,262,139,10,11,247,6,247,1.44e-20,87.8
2dtxA,2x9vD,29.771,262,139,10,11,247,6,247,1.44e-20,87.8
2dtxA,2c7vB,29.658,263,142,9,11,247,6,251,1.70e-20,87.4
2dtxA,3bmnC,29.885,261,141,10,11,247,6,248,2.83e-20,87.0
2dtxA,2yhuB,29.183,257,147,8,11,247,6,247,3.11e-20,86.7
2dtxA,3s55A,26.740,273,167,6,3,248,1,267,3.37e-20,87.0
2dtxA,3r3sA,26.641,259,164,7,1,244,41,288,3.58e-20,87.4
2dtxA,3p19A,29.146,199,133,4,8,198,3,201,4.32e-20,86.3
2dtxA,3jqcB,30.534,262,137,11,11,247,6,247,4.69e-20,86.3
2dtxA,3bmoB,30.153,262,136,10,11,247,7,246,5.83e-20,85.9
2dtxA,3jqgC,30.153,262,136,10,11,247,6,245,5.97e-20,85.9
2dtxA,3jqeB,30.153,262,136,10,11,247,6,245,5.97e-20,85.9
2dtxA,3jqdC,30.153,262,136,10,11,247,6,245,5.97e-20,85.9
2dtxA,3jqdB,30.153,262,136,10,11,247,6,245,5.97e-20,85.9
2dtxA,3jqbC,30.153,262,136,10,11,247,6,245,5.97e-20,85.9
2dtxA,3jqbB,30.153,262,136,10,11,247,6,245,5.97e-20,85.9
2dtxA,3jq9B,30.153,262,136,10,11,247,6,245,5.97e-20,85.9
2dtxA,3jq8B,30.153,262,136,10,11,247,6,245,5.97e-20,85.9
2dtxA,3jq6C,30.153,262,136,10,11,247,6,245,5.97e-20,85.9
2dtxA,3gn1C,30.153,262,136,10,11,247,6,245,5.97e-20,85.9
2dtxA,3bmcC,30.153,262,136,10,11,247,6,245,5.97e-20,85.9
2dtxA,3bmcB,30.153,262,136,10,11,247,6,245,5.97e-20,85.9
2dtxA,2wd7B,30.153,262,136,10,11,247,6,245,5.97e-20,85.9
2dtxA,2vz0B,30.153,262,136,10,11,247,6,245,5.97e-20,85.9
2dtxA,3jq6B,30.534,262,134,10,11,247,6,244,5.99e-20,85.9
2dtxA,3lf2C,27.692,260,169,5,4,246,1,258,8.23e-20,85.9
2dtxA,3lf2D,27.692,260,169,5,4,246,2,259,8.45e-20,85.9
2dtxA,3lf1A,27.692,260,169,5,4,246,2,259,8.45e-20,85.9
2dtxA,4iqgA,28.295,258,138,8,8,244,3,234,9.83e-20,85.1
2dtxA,2x9vB,30.000,260,142,9,11,247,6,248,1.04e-19,85.5
2dtxA,3bmqA,29.771,262,142,9,11,247,6,250,1.09e-19,85.5
2dtxA,3bmnD,29.771,262,142,9,11,247,6,250,1.09e-19,85.5
2dtxA,2c7vA,29.771,262,142,9,11,247,6,250,1.09e-19,85.5
2dtxA,1u7tB,27.068,266,159,9,5,248,2,254,1.13e-19,85.5
2dtxA,1u7tA,27.068,266,159,9,5,248,2,254,1.13e-19,85.5
2dtxA,3mcvA,30.000,260,142,9,11,247,6,248,1.14e-19,85.1
2dtxA,2yhuA,30.000,260,142,9,11,247,6,248,1.14e-19,85.1
2dtxA,2x9gA,30.000,260,142,9,11,247,6,248,1.14e-19,85.1
2dtxA,3bmoD,29.502,261,142,10,11,247,6,248,1.19e-19,85.1
2dtxA,2yhuC,29.885,261,142,9,11,247,6,249,1.59e-19,84.7
2dtxA,1dohB,26.357,258,172,8,3,244,13,268,3.68e-19,84.3
2dtxA,1ybvA,26.357,258,172,8,3,244,12,267,4.06e-19,84.0
2dtxA,1g0nA,26.357,258,172,8,3,244,15,270,4.07e-19,84.3
2dtxA,1dohA,26.357,258,172,8,3,244,15,270,4.07e-19,84.3
2dtxA,3rkrA,31.937,191,111,5,3,177,1,188,4.09e-19,83.2
2dtxA,3bmoA,29.545,264,142,9,11,247,6,252,4.10e-19,84.0
2dtxA,3jq8C,30.153,262,131,11,11,247,6,240,4.56e-19,83.6
2dtxA,4esoD,29.482,251,153,6,4,245,2,237,7.55e-19,82.8
2dtxA,3v1uA,27.711,249,156,5,5,243,176,410,8.97e-19,84.7
2dtxA,2c7vC,28.731,268,144,9,11,247,6,257,9.04e-19,82.8
2dtxA,3jq7C,29.771,262,129,10,11,247,5,236,1.15e-18,82.4
2dtxA,1h5qC,27.407,270,155,10,1,244,2,256,1.30e-18,82.4
2dtxA,1h5qB,27.407,270,155,10,1,244,2,256,1.30e-18,82.4
2dtxA,1h5qA,27.407,270,155,10,1,244,2,256,1.30e-18,82.4
2dtxA,2b4qA,23.664,262,175,7,2,247,4,256,1.55e-18,82.4
2dtxA,2o23B,26.692,266,152,8,5,248,8,252,1.63e-18,82.0
2dtxA,3tjrA,25.258,194,132,4,2,182,3,196,2.68e-18,81.6
2dtxA,1g0nB,26.953,256,156,9,3,244,13,251,2.81e-18,81.6
2dtxA,1mxhA,28.077,260,141,7,11,245,5,243,2.95e-18,81.3
2dtxA,4fw8B,27.600,250,157,5,5,243,183,419,3.86e-18,83.2
2dtxA,3q6iB,27.600,250,157,5,5,243,183,419,3.86e-18,83.2
2dtxA,1cydD,28.235,255,152,9,2,244,3,238,4.54e-18,80.9
2dtxA,1cydC,28.235,255,152,9,2,244,3,238,4.54e-18,80.9
2dtxA,1cydA,28.235,255,152,9,2,244,3,238,4.54e-18,80.9
2dtxA,1mxfC,29.070,258,140,8,11,245,5,242,5.45e-18,80.5
2dtxA,1mxfB,29.070,258,140,8,11,245,5,242,5.45e-18,80.5
2dtxA,1mxfA,29.070,258,140,8,11,245,5,242,5.45e-18,80.5
2dtxA,4fw8A,27.490,251,157,5,5,243,184,421,5.56e-18,82.8
2dtxA,3q6iA,27.490,251,157,5,5,243,184,421,5.56e-18,82.8
2dtxA,3iccB,29.588,267,146,10,3,244,3,252,6.36e-18,80.5
2dtxA,3iccA,29.588,267,146,10,3,244,3,252,6.36e-18,80.5
2dtxA,3tscA,26.316,266,169,6,5,244,3,267,6.57e-18,80.9
2dtxA,3qwiA,24.016,254,178,4,5,244,6,258,1.03e-17,80.1
2dtxA,3qwhA,24.016,254,178,4,5,244,6,258,1.03e-17,80.1
2dtxA,3qwiD,24.016,254,178,4,5,244,7,259,1.09e-17,80.1
2dtxA,3qwhD,24.016,254,178,4,5,244,7,259,1.09e-17,80.1
2dtxA,3qwfA,24.016,254,178,4,5,244,7,259,1.09e-17,80.1
2dtxA,4fw8C,27.600,250,153,6,5,243,180,412,1.11e-17,81.6
2dtxA,3q6iC,27.600,250,153,6,5,243,180,412,1.11e-17,81.6
2dtxA,3q6iD,27.126,247,154,5,5,243,175,403,1.89e-17,80.9
2dtxA,4esoA,30.279,251,158,7,4,245,2,244,2.80e-17,78.6
2dtxA,2o23A,25.940,266,152,8,5,248,3,245,2.98e-17,78.6
2dtxA,4esoB,30.279,251,158,7,4,245,2,244,3.02e-17,78.6
2dtxA,4esoC,30.279,251,156,7,4,245,2,242,3.38e-17,78.6
2dtxA,1yb1B,24.686,239,157,6,8,230,8,239,4.27e-17,78.2
2dtxA,1e3wA,25.660,265,160,8,5,248,2,250,5.43e-17,77.8
2dtxA,2dknA,27.170,265,144,9,9,245,2,245,1.31e-16,77.0
2dtxA,3d3wB,27.711,249,160,7,5,245,5,241,1.48e-16,76.6
2dtxA,3d3wA,27.711,249,160,7,5,245,5,241,1.48e-16,76.6
2dtxA,1wntD,27.711,249,160,7,5,245,5,241,1.48e-16,76.6
2dtxA,1wntC,27.711,249,160,7,5,245,5,241,1.48e-16,76.6
2dtxA,1wntB,27.711,249,160,7,5,245,5,241,1.48e-16,76.6
2dtxA,1pr9B,27.711,249,160,7,5,245,5,241,1.48e-16,76.6
2dtxA,1pr9A,27.711,249,160,7,5,245,5,241,1.48e-16,76.6
2dtxA,1yb1A,24.686,239,158,6,8,230,8,240,1.68e-16,76.6
2dtxA,2bd0D,28.205,195,115,5,9,181,3,194,3.42e-16,75.5
2dtxA,2bd0A,28.205,195,115,5,9,181,3,194,3.42e-16,75.5
2dtxA,3oidA,25.882,255,167,5,6,247,1,246,4.92e-16,75.1
2dtxA,3oidB,25.882,255,167,5,6,247,3,248,5.27e-16,75.1
2dtxA,3oidC,25.984,254,166,5,7,247,1,245,7.86e-16,74.7
2dtxA,1e3sA,25.188,266,150,9,5,248,2,240,6.84e-15,72.0
2dtxA,1xhlB,27.068,266,170,9,8,253,5,266,1.19e-14,71.6
2dtxA,1xhlA,27.068,266,170,9,8,253,5,266,1.19e-14,71.6
2dtxA,2bfmB,29.032,279,140,11,9,247,3,263,1.66e-14,71.2
2dtxA,1p33C,28.014,282,139,10,9,247,5,265,1.66e-14,71.2
2dtxA,1p33B,28.014,282,139,10,9,247,6,266,1.87e-14,71.2
2dtxA,1w6uA,26.293,232,154,5,15,244,46,262,2.03e-14,71.2
2dtxA,1p33A,28.014,282,139,10,9,247,4,264,3.25e-14,70.5
2dtxA,1w6uB,26.293,232,150,6,15,244,47,259,4.27e-14,70.5
2dtxA,1w6uC,25.862,232,154,5,15,244,45,260,4.40e-14,70.5
2dtxA,2bfpA,29.286,280,139,12,9,247,3,264,5.21e-14,70.1
2dtxA,1w0cE,29.286,280,139,12,9,247,3,264,5.21e-14,70.1
2dtxA,3pxxA,24.820,278,171,7,5,248,8,281,5.90e-14,70.1
2dtxA,1e92A,28.421,285,136,11,9,247,3,265,6.67e-14,69.7
2dtxA,1w0cG,29.242,277,139,10,9,247,3,260,7.76e-14,69.3
2dtxA,4imrA,25.781,256,162,6,5,244,14,257,9.66e-14,68.9
2dtxA,3h4vD,28.777,278,138,9,9,247,4,260,1.01e-13,68.9
2dtxA,3h4vH,27.758,281,137,9,9,247,4,260,1.29e-13,68.9
2dtxA,1w6uD,25.431,232,150,5,15,244,47,257,1.57e-13,68.9
2dtxA,3h4vG,28.520,277,139,9,9,247,3,258,1.65e-13,68.6
2dtxA,2qhxA,29.137,278,138,12,9,247,4,261,1.67e-13,68.6
2dtxA,2qhxB,29.032,279,138,12,9,247,4,262,2.12e-13,68.2
2dtxA,3h4vE,29.137,278,141,11,9,247,3,263,2.46e-13,68.2
2dtxA,2bfmA,29.137,278,141,11,9,247,3,263,2.46e-13,68.2
2dtxA,1w73D,25.862,232,147,6,15,244,47,255,2.46e-13,68.2
2dtxA,3h4vA,28.772,285,139,12,9,247,4,270,2.69e-13,68.2
2dtxA,2qhxD,28.102,274,140,9,9,247,4,255,2.72e-13,67.8
2dtxA,3afnB,27.068,266,158,10,2,244,1,253,2.79e-13,67.8
2dtxA,1e7wB,28.269,283,129,12,9,247,3,255,3.34e-13,67.4
2dtxA,1p33D,28.014,282,140,10,9,247,4,265,3.46e-13,67.8
2dtxA,2bf7D,28.205,273,136,9,9,247,4,250,4.00e-13,67.4
2dtxA,1e7wA,28.826,281,138,12,9,247,4,264,4.29e-13,67.4
2dtxA,1w0cH,27.338,278,139,9,9,247,4,257,4.58e-13,67.0
2dtxA,3l77A,29.032,186,114,5,8,179,3,184,4.68e-13,66.6
2dtxA,1ja9A,24.000,200,144,5,50,244,61,257,5.09e-13,67.0
2dtxA,1w73B,26.293,232,146,7,15,244,47,255,5.24e-13,67.4
2dtxA,1xg5A,24.219,256,160,8,1,236,4,245,6.16e-13,66.6
2dtxA,2bf7C,27.372,274,138,9,9,247,3,250,1.30e-12,65.9
2dtxA,1w0cA,27.875,287,143,10,9,247,3,273,1.45e-12,65.9
2dtxA,3h4vB,28.522,291,132,13,9,247,4,270,2.02e-12,65.5
2dtxA,3asvE,26.776,183,121,4,9,182,2,180,2.14e-12,65.1
2dtxA,3asvC,26.776,183,121,4,9,182,2,180,2.14e-12,65.1
2dtxA,3asvA,26.776,183,121,4,9,182,2,180,2.14e-12,65.1
2dtxA,2qhxC,28.102,274,137,10,9,247,3,251,2.92e-12,64.7
2dtxA,3kvoA,27.807,187,115,3,10,176,13,199,3.09e-12,65.1
2dtxA,3kvoB,27.807,187,115,3,10,176,13,199,3.26e-12,65.1
2dtxA,1e92C,27.737,274,141,9,9,247,3,254,3.49e-12,64.7
2dtxA,2bfmD,27.737,274,139,9,9,247,4,253,3.92e-12,64.3
2dtxA,1w0cD,27.737,274,139,9,9,247,4,253,3.92e-12,64.3
2dtxA,1e92D,27.737,274,139,9,9,247,4,253,3.92e-12,64.3
2dtxA,2bfpD,27.636,275,139,10,9,247,4,254,5.20e-12,64.3
2dtxA,1xg5B,24.020,204,135,5,1,184,4,207,7.17e-12,63.5
2dtxA,1w0cC,27.143,280,141,9,9,247,4,261,2.51e-11,62.4
2dtxA,3u4cA,25.794,252,167,5,8,244,3,249,3.95e-11,61.6
2dtxA,1uayA,27.559,254,155,9,7,247,1,238,5.53e-11,60.8
2dtxA,1uayB,27.668,253,152,8,7,247,2,235,1.07e-10,60.1
2dtxA,3iahA,26.977,215,128,6,5,198,10,216,5.95e-10,58.2
2dtxA,3iahB,26.977,215,128,6,5,198,9,215,6.37e-10,58.2
2dtxA,1zbqB,27.027,185,117,4,8,174,8,192,6.83e-10,58.5
2dtxA,1gz6B,26.776,183,124,4,8,180,8,190,7.71e-10,58.2
2dtxA,3f1kA,26.168,214,130,5,5,198,10,215,7.94e-10,57.8
2dtxA,3gy0A,25.701,214,131,5,5,198,5,210,8.83e-10,57.4
2dtxA,3rkuA,25.616,203,123,6,5,183,12,210,1.16e-09,57.4
2dtxA,3gz4A,25.701,214,131,5,5,198,7,212,2.34e-09,56.2
2dtxA,3gz4B,25.701,214,131,5,5,198,6,211,2.49e-09,56.2
2dtxA,1gz6A,25.946,185,119,4,8,174,8,192,3.38e-09,56.2
2dtxA,1gz6C,26.630,184,118,4,8,174,7,190,8.32e-09,55.1
2dtxA,1fk8A,23.221,267,137,7,9,245,3,231,1.07e-08,54.3
2dtxA,1fduB,25.628,199,119,5,9,182,4,198,4.54e-08,52.8
2dtxA,3uceA,24.280,243,151,9,7,244,1,215,5.00e-08,52.4
2dtxA,3oifD,25.962,208,127,8,52,249,66,256,9.38e-08,51.6
2dtxA,1fdvD,25.128,195,117,5,9,178,4,194,9.61e-08,52.0
2dtxA,1fdvB,25.128,195,117,5,9,178,4,194,9.61e-08,52.0
2dtxA,1fduD,25.253,198,119,5,9,181,4,197,1.21e-07,51.6
2dtxA,1fduA,25.253,198,119,5,9,181,4,197,1.27e-07,51.6
2dtxA,1fdvC,25.253,198,119,5,9,181,4,197,1.31e-07,51.6
2dtxA,1fduC,25.253,198,119,5,9,181,4,197,1.31e-07,51.6
2dtxA,3hb5X,25.253,198,119,5,9,181,4,197,1.34e-07,51.6
2dtxA,3hb4X,25.253,198,119,5,9,181,4,197,1.34e-07,51.6
2dtxA,3dheA,25.253,198,119,5,9,181,4,197,1.34e-07,51.6
2dtxA,1equB,25.253,198,119,5,9,181,4,197,1.34e-07,51.6
2dtxA,1equA,25.253,198,119,5,9,181,4,197,1.34e-07,51.6
2dtxA,1dhtA,25.253,198,119,5,9,181,4,197,1.34e-07,51.6
2dtxA,3klpX,25.424,177,109,4,9,166,4,176,1.36e-07,51.6
2dtxA,1jtvA,25.424,177,109,4,9,166,4,176,1.39e-07,51.6
2dtxA,2hrbA,26.786,168,107,5,8,162,2,166,1.41e-07,51.2
2dtxA,1fdwA,25.424,177,109,4,9,166,4,176,1.42e-07,51.2
2dtxA,3deyX,25.424,177,109,4,9,166,4,176,1.42e-07,51.2
2dtxA,1qyxA,25.424,177,109,4,9,166,4,176,1.42e-07,51.2
2dtxA,1i5rA,25.253,198,119,5,9,181,4,197,1.45e-07,51.2
2dtxA,1fdtA,25.253,198,119,5,9,181,4,197,1.45e-07,51.2
2dtxA,1a27A,25.253,198,119,5,9,181,4,197,1.45e-07,51.2
2dtxA,1qywA,25.424,177,109,4,9,166,4,176,1.61e-07,51.2
2dtxA,1fdsA,25.424,177,109,4,9,166,4,176,1.67e-07,51.2
2dtxA,1fk8B,23.552,259,142,8,9,245,3,227,2.77e-07,50.1
2dtxA,1iolA,24.747,198,120,5,9,181,4,197,5.18e-07,49.7
2dtxA,3bzuD,26.667,195,127,6,5,185,7,199,8.22e-07,48.9
2dtxA,3gmdD,26.946,167,109,4,5,159,7,172,8.35e-07,48.9
2dtxA,3gmdC,26.946,167,109,4,5,159,7,172,8.35e-07,48.9
2dtxA,3gmdB,26.946,167,109,4,5,159,7,172,8.35e-07,48.9
2dtxA,3gmdA,26.946,167,109,4,5,159,7,172,8.35e-07,48.9
2dtxA,2xoxB,25.283,265,115,8,9,242,4,216,9.49e-07,48.5
2dtxA,3oigA,25.238,210,131,8,52,251,66,259,1.03e-06,48.5
2dtxA,3oifA,25.481,208,129,8,52,249,66,257,1.27e-06,48.5
2dtxA,1y5rB,26.946,167,109,4,5,159,8,173,1.35e-06,48.5
2dtxA,1y5rA,26.946,167,109,4,5,159,8,173,1.35e-06,48.5
2dtxA,1y5mB,26.946,167,109,4,5,159,8,173,1.35e-06,48.5
2dtxA,1y5mA,26.946,167,109,4,5,159,8,173,1.35e-06,48.5
2dtxA,3d3eD,26.699,206,133,6,5,194,12,215,1.48e-06,48.1
2dtxA,3d3eB,26.699,206,133,6,5,194,12,215,1.48e-06,48.1
2dtxA,3fcoA,26.214,206,134,6,5,194,12,215,1.52e-06,48.1
2dtxA,3hfgB,26.904,197,126,6,5,185,11,205,1.58e-06,48.1
2dtxA,3hfgD,26.904,197,126,6,5,185,8,202,1.67e-06,48.1
2dtxA,2irwC,28.500,200,119,8,5,185,7,201,1.71e-06,48.1
2dtxA,3oq1A,26.904,197,126,6,5,185,12,206,1.71e-06,48.1
2dtxA,3d4nD,26.904,197,126,6,5,185,13,207,1.71e-06,48.1
2dtxA,3d4nC,26.904,197,126,6,5,185,13,207,1.74e-06,48.1
2dtxA,3ch6D,26.904,197,126,6,5,185,21,215,1.74e-06,48.1
2dtxA,3h6kD,28.500,200,119,8,5,185,7,201,1.75e-06,48.1
2dtxA,3d3eA,26.699,206,133,6,5,194,12,215,1.75e-06,48.1
2dtxA,2rbeC,28.500,200,119,8,5,185,7,201,1.76e-06,48.1
2dtxA,3tfqB,26.904,197,126,6,5,185,23,217,1.77e-06,48.1
2dtxA,2rbeB,28.500,200,119,8,5,185,6,200,1.77e-06,48.1
2dtxA,3h6kB,26.904,197,126,6,5,185,11,205,1.79e-06,48.1
2dtxA,3qqpA,26.904,197,126,6,5,185,13,207,1.80e-06,48.1
2dtxA,3bzuB,26.904,197,126,6,5,185,11,205,1.80e-06,48.1
2dtxA,3czrB,26.904,197,126,6,5,185,12,206,1.81e-06,48.1
2dtxA,1xu7A,26.904,197,126,6,5,185,12,206,1.81e-06,48.1
2dtxA,3frjB,26.904,197,126,6,5,185,13,207,1.81e-06,48.1
2dtxA,3d4nB,26.904,197,126,6,5,185,13,207,1.81e-06,48.1
2dtxA,3byzA,28.500,200,119,8,5,185,8,202,1.82e-06,48.1
2dtxA,3d4nA,26.500,200,129,6,5,188,12,209,1.83e-06,48.1
2dtxA,3qqpC,26.904,197,126,6,5,185,13,207,1.85e-06,48.1
2dtxA,3qqpD,26.904,197,126,6,5,185,13,207,1.87e-06,47.8
2dtxA,2rbeA,28.500,200,119,8,5,185,8,202,1.88e-06,47.8
2dtxA,2belA,28.500,200,119,8,5,185,7,201,1.89e-06,47.8
2dtxA,3ch6E,26.904,197,126,6,5,185,8,202,1.90e-06,47.8
2dtxA,3bzuC,26.904,197,126,6,5,185,9,203,1.90e-06,47.8
2dtxA,3qqpB,26.904,197,126,6,5,185,13,207,1.94e-06,47.8
2dtxA,3d5qB,26.904,197,126,6,5,185,12,206,1.96e-06,47.8
2dtxA,3ey4A,28.500,200,119,8,5,185,8,202,1.97e-06,47.8
2dtxA,2belB,26.163,172,114,3,5,164,6,176,1.98e-06,47.8
2dtxA,3fcoB,26.904,197,126,6,5,185,12,206,1.98e-06,47.8
2dtxA,2iltA,26.904,197,126,6,5,185,22,216,1.98e-06,48.1
2dtxA,3bzuA,26.904,197,126,6,5,185,8,202,1.99e-06,47.8
2dtxA,2belD,26.904,197,126,6,5,185,8,202,2.02e-06,47.8
2dtxA,3czrA,26.904,197,126,6,5,185,13,207,2.02e-06,47.8
2dtxA,3ch6B,26.904,197,126,6,5,185,23,217,2.03e-06,47.8
2dtxA,3h6kC,28.500,200,119,8,5,185,9,203,2.03e-06,47.8
2dtxA,3h6kA,28.500,200,119,8,5,185,7,201,2.09e-06,47.8
2dtxA,3pdjA,26.904,197,126,6,5,185,13,207,2.15e-06,47.8
2dtxA,3d5qA,26.904,197,126,6,5,185,12,206,2.15e-06,47.8
2dtxA,3ch6A,26.904,197,126,6,5,185,7,201,2.15e-06,47.8
2dtxA,3byzD,26.904,197,126,6,5,185,8,202,2.18e-06,47.8
2dtxA,2rbeD,26.904,197,126,6,5,185,8,202,2.18e-06,47.8
2dtxA,3pdjB,26.904,197,126,6,5,185,12,206,2.19e-06,47.8
2dtxA,3oq1C,26.904,197,126,6,5,185,12,206,2.20e-06,47.8
2dtxA,3tfqA,26.904,197,126,6,5,185,7,201,2.23e-06,47.8
2dtxA,2irwH,28.500,200,119,8,5,185,7,201,2.32e-06,47.8
2dtxA,2irwF,28.500,200,119,8,5,185,7,201,2.32e-06,47.8
2dtxA,2irwD,28.500,200,119,8,5,185,7,201,2.32e-06,47.8
2dtxA,2irwA,28.500,200,119,8,5,185,7,201,2.32e-06,47.8
2dtxA,3oq1B,26.904,197,126,6,5,185,12,206,2.33e-06,47.8
2dtxA,4bb6B,26.904,197,126,6,5,185,7,201,2.66e-06,47.4
2dtxA,4bb5B,26.904,197,126,6,5,185,7,201,2.79e-06,47.4
2dtxA,4hfrA,26.904,197,126,6,5,185,7,201,2.90e-06,47.4
2dtxA,4bb6A,26.904,197,126,6,5,185,7,201,2.97e-06,47.4
2dtxA,4bb5A,26.904,197,126,6,5,185,6,200,3.16e-06,47.4
2dtxA,1snyA,23.377,231,144,9,10,208,5,234,4.17e-06,47.0
2dtxA,1sbyB,25.000,228,134,7,4,211,2,212,1.47e-05,45.1
2dtxA,1sbyA,25.000,228,134,7,4,211,2,212,1.47e-05,45.1
2dtxA,1b2lA,25.000,228,134,7,4,211,2,212,1.47e-05,45.1
2dtxA,1b16A,25.000,228,134,7,4,211,2,212,1.47e-05,45.1
2dtxA,1b14A,25.000,228,134,7,4,211,2,212,1.47e-05,45.1
2dtxA,3rj9B,25.000,228,134,7,4,211,2,212,1.79e-05,45.1
2dtxA,3rj5A,25.000,228,134,7,4,211,2,212,1.79e-05,45.1
2dtxA,3bhmA,26.797,153,98,4,9,149,4,154,4.59e-05,43.9
2dtxA,2pfgA,26.797,153,98,4,9,149,3,153,4.66e-05,43.9
2dtxA,3bhjA,26.797,153,98,4,9,149,5,155,5.34e-05,43.5
2dtxA,1wmaA,26.797,153,98,4,9,149,5,155,5.34e-05,43.5
2dtxA,4iy1B,20.884,249,177,8,11,247,4,244,7.54e-05,43.1
