2vkuA,2vkuA,100.000,444,0,0,1,444,1,444,0.0,912
2vkuA,1e9xA,99.550,444,2,0,1,444,6,449,0.0,909
2vkuA,1ea1A,99.550,444,2,0,1,444,4,447,0.0,909
2vkuA,2w0bA,98.423,444,0,1,1,444,4,440,0.0,890
2vkuA,1h5zA,96.396,444,2,2,1,444,5,434,0.0,868
2vkuA,1u13A,96.396,444,1,2,1,444,5,433,0.0,864
2vkuA,2bz9A,95.937,443,0,2,1,443,5,429,0.0,858
2vkuA,1x8vA,95.721,444,0,3,1,444,5,429,0.0,854
2vkuA,2w0aA,94.595,444,1,3,1,444,4,424,0.0,842
2vkuA,2cibA,94.357,443,0,2,1,443,2,419,0.0,841
2vkuA,2ci0A,94.357,443,0,2,1,443,4,421,0.0,841
2vkuA,2w09A,94.369,444,0,3,1,444,3,421,0.0,840
2vkuA,3ld6A,33.258,442,275,11,12,444,15,445,2.37e-76,245
2vkuA,3jusB,33.258,442,275,11,12,444,15,445,2.37e-76,245
2vkuA,3jusA,33.258,442,275,11,12,444,15,445,2.37e-76,245
2vkuA,3juvA,33.258,442,275,11,12,444,18,448,3.89e-76,244
2vkuA,3ld6B,33.333,441,274,11,12,443,15,444,4.97e-76,244
2vkuA,3l4dC,32.308,455,282,14,2,443,5,446,5.54e-72,233
2vkuA,3l4dD,32.527,455,278,15,2,443,6,444,1.51e-71,232
2vkuA,3l4dB,32.456,456,281,15,2,443,6,448,3.92e-71,231
2vkuA,3l4dA,32.456,456,281,15,2,443,5,447,4.03e-71,231
2vkuA,3k1oA,31.293,441,281,12,12,443,14,441,2.95e-65,216
2vkuA,3kswA,31.222,442,282,12,12,443,14,443,3.30e-65,216
2vkuA,2wuzA,30.856,444,279,12,12,443,17,444,1.31e-64,214
2vkuA,2x2nA,31.250,448,281,10,12,445,14,448,1.82e-64,214
2vkuA,2x2nD,31.390,446,279,10,12,443,14,446,1.83e-64,214
2vkuA,2wx2A,30.839,441,278,11,12,443,18,440,2.06e-64,214
2vkuA,3tikD,31.320,447,279,11,12,443,16,449,4.84e-63,210
2vkuA,3tikA,31.320,447,279,11,12,443,16,449,4.84e-63,210
2vkuA,3gw9A,31.320,447,279,11,12,443,16,449,4.84e-63,210
2vkuA,3p99C,31.390,446,276,11,12,443,15,444,6.18e-63,210
2vkuA,3p99D,31.320,447,279,11,12,443,15,448,7.33e-63,209
2vkuA,3p99B,31.320,447,279,11,12,443,15,448,7.33e-63,209
2vkuA,3p99A,31.320,447,279,11,12,443,15,448,7.33e-63,209
2vkuA,3g1qA,31.320,447,279,11,12,443,15,448,7.33e-63,209
2vkuA,3gw9D,31.320,447,279,11,12,443,15,448,8.00e-63,209
2vkuA,3gw9C,31.320,447,279,11,12,443,15,448,8.00e-63,209
2vkuA,3gw9B,31.320,447,279,11,12,443,15,448,8.00e-63,209
2vkuA,3khmA,31.066,441,273,13,12,443,20,438,1.80e-62,208
2vkuA,2x2nC,31.166,446,274,11,12,443,14,440,2.31e-62,208
2vkuA,2wv2A,30.942,446,277,11,12,443,14,442,5.03e-62,207
2vkuA,3g1qC,31.166,446,278,11,12,443,17,447,7.14e-62,207
2vkuA,2wx2B,31.081,444,270,14,12,443,16,435,4.16e-61,205
2vkuA,2ve4B,24.427,393,280,8,26,414,27,406,3.97e-29,118
2vkuA,2ve4A,24.427,393,280,8,26,414,27,406,4.08e-29,118
2vkuA,2ve3A,24.427,393,280,8,26,414,29,408,4.16e-29,118
2vkuA,2ve3B,24.427,393,273,8,26,414,28,400,1.85e-28,116
2vkuA,3el3B,25.899,417,273,11,2,413,4,389,8.50e-27,111
2vkuA,3el3A,25.899,417,273,11,2,413,4,389,8.50e-27,111
2vkuA,2v0mA,26.638,229,161,2,217,445,234,455,1.23e-22,100
2vkuA,1jpzA,23.501,417,299,10,10,413,13,422,1.37e-22,99.8
2vkuA,2uwhF,24.882,422,289,13,10,413,13,424,1.43e-22,99.8
2vkuA,2uwhE,24.882,422,289,13,10,413,13,424,1.43e-22,99.8
2vkuA,2uwhD,24.882,422,289,13,10,413,13,424,1.43e-22,99.8
2vkuA,2uwhC,24.882,422,289,13,10,413,13,424,1.43e-22,99.8
2vkuA,2uwhB,24.882,422,289,13,10,413,13,424,1.43e-22,99.8
2vkuA,2uwhA,24.882,422,289,13,10,413,13,424,1.43e-22,99.8
2vkuA,1tqnA,25.882,255,185,3,191,445,217,467,2.75e-22,99.0
2vkuA,2v0mD,28.934,197,133,2,217,413,234,423,3.18e-22,98.6
2vkuA,2v0mB,28.934,197,133,2,217,413,232,421,3.25e-22,98.6
2vkuA,1w0gA,26.432,227,157,2,219,445,239,455,3.60e-22,98.6
2vkuA,2v0mC,28.319,226,156,4,191,413,213,435,3.64e-22,98.6
2vkuA,3kx3A,23.810,420,294,12,10,413,11,420,3.85e-22,98.6
2vkuA,1w0fA,26.699,206,150,1,240,445,255,459,4.46e-22,98.2
2vkuA,3dbgA,23.786,412,250,11,2,413,4,351,4.65e-22,97.4
2vkuA,1w0eA,26.699,206,150,1,240,445,246,450,4.87e-22,98.2
2vkuA,2ij4B,23.261,417,300,10,10,413,12,421,5.85e-22,97.8
2vkuA,3ekdB,23.261,417,300,10,10,413,12,421,6.36e-22,97.8
2vkuA,4enhA,32.323,198,122,5,222,415,210,399,6.43e-22,97.4
2vkuA,4fiaA,32.323,198,122,5,222,415,211,400,7.40e-22,97.4
2vkuA,4dudB,24.408,422,291,13,10,413,12,423,7.64e-22,97.4
2vkuA,2q9gA,32.323,198,122,5,222,415,206,395,7.72e-22,97.4
2vkuA,4dufD,24.408,422,291,13,10,413,12,423,8.08e-22,97.4
2vkuA,4dufC,24.408,422,291,13,10,413,12,423,8.08e-22,97.4
2vkuA,4dufB,24.408,422,291,13,10,413,12,423,8.08e-22,97.4
2vkuA,4dufA,24.408,422,291,13,10,413,12,423,8.08e-22,97.4
2vkuA,4ducB,24.408,422,291,13,10,413,12,423,8.08e-22,97.4
2vkuA,4ducA,24.408,422,291,13,10,413,12,423,8.08e-22,97.4
2vkuA,1zoaB,24.645,422,290,13,10,413,12,423,8.21e-22,97.4
2vkuA,1zoaA,24.645,422,290,13,10,413,12,423,8.21e-22,97.4
2vkuA,3mdvB,32.323,198,122,5,222,415,209,398,8.53e-22,97.1
2vkuA,3mdvA,32.323,198,122,5,222,415,209,398,8.53e-22,97.1
2vkuA,3mdtB,32.323,198,122,5,222,415,209,398,8.53e-22,97.1
2vkuA,3mdtA,32.323,198,122,5,222,415,209,398,8.53e-22,97.1
2vkuA,3mdrA,32.323,198,122,5,222,415,210,399,8.74e-22,97.1
2vkuA,2q9fA,32.323,198,122,5,222,415,216,405,8.83e-22,97.1
2vkuA,3mdmA,32.323,198,122,5,222,415,218,407,8.88e-22,97.1
2vkuA,3nxuB,29.310,174,122,1,240,413,255,427,9.79e-22,97.4
2vkuA,3nxuA,29.310,174,122,1,240,413,255,427,9.79e-22,97.4
2vkuA,3tjsA,29.310,174,122,1,240,413,247,419,1.04e-21,97.1
2vkuA,2j0dA,29.310,174,122,1,240,413,244,416,1.08e-21,97.1
2vkuA,3ua1A,29.310,174,122,1,240,413,254,426,1.26e-21,97.1
2vkuA,1fagD,24.645,422,290,13,10,413,13,424,1.35e-21,97.1
2vkuA,1fagC,24.645,422,290,13,10,413,13,424,1.35e-21,97.1
2vkuA,1fagB,24.645,422,290,13,10,413,13,424,1.35e-21,97.1
2vkuA,1fagA,24.645,422,290,13,10,413,13,424,1.35e-21,97.1
2vkuA,1bu7B,24.645,422,290,13,10,413,13,424,1.35e-21,97.1
2vkuA,1bu7A,24.645,422,290,13,10,413,13,424,1.35e-21,97.1
2vkuA,2x80A,24.645,422,290,13,10,413,13,424,1.36e-21,96.7
2vkuA,3benB,24.645,422,290,13,10,413,13,424,1.38e-21,96.7
2vkuA,2hpdA,24.645,422,290,13,10,413,13,424,1.38e-21,96.7
2vkuA,3benA,24.645,422,290,13,10,413,10,421,1.45e-21,96.7
2vkuA,2j1mB,24.645,422,290,13,10,413,12,423,1.49e-21,96.7
2vkuA,2j1mA,24.645,422,290,13,10,413,12,423,1.49e-21,96.7
2vkuA,1zo9B,24.645,422,290,13,10,413,13,424,1.57e-21,96.7
2vkuA,1zo9A,24.645,422,290,13,10,413,13,424,1.57e-21,96.7
2vkuA,4dueA,24.286,420,292,12,10,413,12,421,1.62e-21,96.7
2vkuA,3kx3B,24.645,422,290,13,10,413,11,422,4.94e-21,95.1
2vkuA,3cbdB,24.645,422,290,13,10,413,13,424,5.09e-21,95.1
2vkuA,3cbdA,24.645,422,290,13,10,413,13,424,5.09e-21,95.1
2vkuA,1smjB,24.408,422,291,13,10,413,13,424,6.60e-21,94.7
2vkuA,1smjA,24.408,422,291,13,10,413,13,424,6.60e-21,94.7
2vkuA,1fahB,24.408,422,291,13,10,413,13,424,7.58e-21,94.7
2vkuA,1fahA,24.408,422,291,13,10,413,13,424,7.58e-21,94.7
2vkuA,3kx4B,24.645,422,290,13,10,413,12,423,7.96e-21,94.7
2vkuA,3kx4A,24.645,422,290,13,10,413,11,422,9.70e-21,94.4
2vkuA,3ekdA,24.105,419,293,11,10,413,13,421,1.44e-20,94.0
2vkuA,3dgiA,23.753,421,291,14,10,413,11,418,2.45e-20,93.2
2vkuA,4dubB,24.408,422,291,13,10,413,12,423,2.94e-20,92.8
2vkuA,4dubA,24.408,422,291,13,10,413,12,423,2.94e-20,92.8
2vkuA,4duaB,24.408,422,291,13,10,413,13,424,2.95e-20,92.8
2vkuA,4dueB,24.350,423,285,14,10,413,12,418,5.12e-20,92.0
2vkuA,4dtzB,24.105,419,296,11,10,413,11,422,5.25e-20,92.0
2vkuA,4dtzA,24.105,419,296,11,10,413,11,422,5.25e-20,92.0
2vkuA,4dtwA,24.105,419,296,11,10,413,11,422,5.25e-20,92.0
2vkuA,4dtwB,24.105,419,296,11,10,413,11,422,5.25e-20,92.0
2vkuA,3nplB,24.408,422,291,13,10,413,9,420,6.48e-20,91.7
2vkuA,2x7yA,25.178,421,271,16,10,413,13,406,7.43e-20,91.7
2vkuA,2j4sA,24.408,422,288,15,10,413,13,421,1.66e-19,90.5
2vkuA,2nnbA,24.065,428,286,14,2,413,6,410,2.24e-19,90.1
2vkuA,1p0xB,24.350,423,285,14,10,413,11,417,2.33e-19,90.1
2vkuA,3ekbA,23.963,434,277,16,2,413,8,410,9.01e-19,88.2
2vkuA,1smiA,23.953,430,279,14,2,413,8,407,9.19e-19,88.2
2vkuA,1yqpB,23.832,428,287,14,2,413,6,410,9.91e-19,88.2
2vkuA,1p0vB,24.065,428,289,14,2,413,6,413,1.43e-18,87.8
2vkuA,3hf2A,23.821,424,281,13,2,413,4,397,1.80e-18,87.4
2vkuA,1jmeA,23.832,428,287,14,2,413,6,410,2.18e-18,87.0
2vkuA,4du2B,24.048,420,286,13,10,413,11,413,3.83e-18,86.3
2vkuA,3psxA,22.837,416,265,13,10,413,10,381,5.04e-18,85.9
2vkuA,3dgiB,23.741,417,272,15,10,413,11,394,1.65e-17,84.3
2vkuA,3hf2B,23.168,423,280,13,2,413,4,392,2.55e-17,83.6
2vkuA,3qi8B,22.062,417,299,12,10,413,13,416,2.98e-17,83.6
2vkuA,3ebsB,24.471,425,278,17,25,419,28,439,5.19e-16,80.1
2vkuA,3ebsD,24.471,425,278,17,25,419,28,439,6.11e-16,79.7
2vkuA,3t3qA,24.471,425,278,17,25,419,27,438,6.20e-16,79.7
2vkuA,3ebsA,24.471,425,278,17,25,419,29,440,6.71e-16,79.7
2vkuA,3qi8A,22.464,414,275,12,10,413,13,390,1.84e-15,78.2
2vkuA,4ejgH,24.413,426,272,17,25,419,27,433,2.46e-15,77.8
2vkuA,4ejhH,24.356,427,272,17,25,419,27,434,3.06e-15,77.4
2vkuA,2pg6C,23.866,419,288,16,25,419,28,439,7.05e-15,76.6
2vkuA,2pg6B,24.000,425,280,17,25,419,27,438,7.05e-15,76.6
2vkuA,2fdwB,24.000,425,280,17,25,419,27,438,7.20e-15,76.6
2vkuA,1z10B,24.000,425,280,17,25,419,27,438,7.20e-15,76.6
2vkuA,1z11A,23.866,419,288,16,25,419,29,440,7.24e-15,76.6
2vkuA,2fdyB,24.000,425,280,17,25,419,27,438,7.99e-15,76.3
2vkuA,4ejjD,24.000,425,280,17,25,419,28,439,8.06e-15,76.3
2vkuA,4ejjC,24.000,425,280,17,25,419,28,439,8.06e-15,76.3
2vkuA,4ejjB,24.000,425,280,17,25,419,28,439,8.06e-15,76.3
2vkuA,2fdyC,24.000,425,280,17,25,419,28,439,8.06e-15,76.3
2vkuA,2fdwC,24.000,425,280,17,25,419,28,439,8.06e-15,76.3
2vkuA,2fdvC,24.000,425,280,17,25,419,28,439,8.06e-15,76.3
2vkuA,2fduC,24.000,425,280,17,25,419,28,439,8.06e-15,76.3
2vkuA,1z11C,24.000,425,280,17,25,419,28,439,8.06e-15,76.3
2vkuA,1z10D,24.000,425,280,17,25,419,28,439,8.06e-15,76.3
2vkuA,1z10C,24.000,425,280,17,25,419,28,439,8.06e-15,76.3
2vkuA,4ejjA,24.000,425,280,17,25,419,29,440,8.69e-15,76.3
2vkuA,2fdyA,24.000,425,280,17,25,419,29,440,8.69e-15,76.3
2vkuA,2fduA,24.000,425,280,17,25,419,29,440,8.69e-15,76.3
2vkuA,1z10A,24.000,425,280,17,25,419,29,440,8.69e-15,76.3
2vkuA,3t3rC,24.000,425,280,17,25,419,27,438,9.79e-15,75.9
2vkuA,3t3rB,24.000,425,280,17,25,419,27,438,9.79e-15,75.9
2vkuA,3t3rA,24.000,425,280,17,25,419,27,438,9.79e-15,75.9
2vkuA,2fduB,24.000,425,280,17,25,419,27,438,9.79e-15,75.9
2vkuA,4ejiA,24.883,426,275,18,25,419,28,439,1.01e-14,75.9
2vkuA,4ejhF,24.883,426,275,18,25,419,28,439,1.01e-14,75.9
2vkuA,4ejhE,24.883,426,275,18,25,419,28,439,1.01e-14,75.9
2vkuA,4ejhC,24.883,426,275,18,25,419,28,439,1.01e-14,75.9
2vkuA,4ejhB,24.883,426,275,18,25,419,28,439,1.01e-14,75.9
2vkuA,4ejhA,24.883,426,275,18,25,419,28,439,1.01e-14,75.9
2vkuA,4ejgC,24.883,426,275,18,25,419,28,439,1.01e-14,75.9
2vkuA,4ejgB,24.883,426,275,18,25,419,28,439,1.01e-14,75.9
2vkuA,4ejgA,24.883,426,275,18,25,419,28,439,1.01e-14,75.9
2vkuA,3t3sH,24.883,426,275,18,25,419,28,439,1.01e-14,75.9
2vkuA,3t3sF,24.883,426,275,18,25,419,28,439,1.01e-14,75.9
2vkuA,3t3sE,24.883,426,275,18,25,419,28,439,1.01e-14,75.9
2vkuA,3t3sD,24.883,426,275,18,25,419,28,439,1.01e-14,75.9
2vkuA,3t3sC,24.883,426,275,18,25,419,28,439,1.01e-14,75.9
2vkuA,3t3sB,24.883,426,275,18,25,419,28,439,1.01e-14,75.9
2vkuA,3t3sA,24.883,426,275,18,25,419,28,439,1.01e-14,75.9
2vkuA,2p85F,24.883,426,275,18,25,419,28,439,1.01e-14,75.9
2vkuA,2p85D,24.883,426,275,18,25,419,28,439,1.01e-14,75.9
2vkuA,2p85C,24.883,426,275,18,25,419,28,439,1.01e-14,75.9
2vkuA,2p85B,24.883,426,275,18,25,419,28,439,1.01e-14,75.9
2vkuA,2p85A,24.883,426,275,18,25,419,28,439,1.01e-14,75.9
2vkuA,4ejgF,24.883,426,275,18,25,419,29,440,1.05e-14,75.9
2vkuA,4ejgD,24.883,426,275,18,25,419,29,440,1.05e-14,75.9
2vkuA,2pg5B,24.000,425,280,17,25,419,27,438,1.19e-14,75.9
2vkuA,2pg5A,24.000,425,280,17,25,419,28,439,1.36e-14,75.5
2vkuA,2pg5C,24.000,425,280,17,25,419,27,438,1.39e-14,75.5
2vkuA,2pg7D,24.000,425,280,17,25,419,28,439,1.81e-14,75.1
2vkuA,2pg7A,24.000,425,280,17,25,419,28,439,1.81e-14,75.1
2vkuA,3sn5A,25.194,258,162,8,181,416,188,436,4.39e-14,73.9
2vkuA,3daxA,25.194,258,162,8,181,416,190,438,4.52e-14,73.9
2vkuA,3k9yB,23.164,177,134,1,236,412,259,433,5.02e-14,73.9
2vkuA,3k9vB,23.164,177,134,1,236,412,261,435,5.15e-14,73.9
2vkuA,3k9vA,23.164,177,134,1,236,412,261,435,5.15e-14,73.9
2vkuA,3v8dB,25.692,253,160,8,181,414,194,437,5.19e-14,73.9
2vkuA,3k9yA,23.164,177,134,1,236,412,258,432,5.68e-14,73.6
2vkuA,3v8dA,25.391,256,160,8,181,414,200,446,5.76e-14,73.6
2vkuA,3rukA,24.506,253,175,7,172,414,182,428,1.78e-13,72.0
2vkuA,4gl7A,21.788,358,236,11,80,416,86,420,1.34e-12,69.3
2vkuA,4gl5A,21.788,358,236,11,80,416,86,420,1.34e-12,69.3
2vkuA,3s7sA,21.788,358,236,11,80,416,86,420,1.34e-12,69.3
2vkuA,3eqmA,21.788,358,236,11,80,416,86,420,1.34e-12,69.3
2vkuA,1z8qA,25.839,298,166,10,112,403,120,368,1.37e-12,69.3
2vkuA,3swzD,24.803,254,174,8,172,414,183,430,1.65e-12,69.3
2vkuA,3swzB,24.803,254,174,8,172,414,182,429,1.83e-12,68.9
2vkuA,3rukB,24.803,254,174,8,172,414,182,429,1.83e-12,68.9
2vkuA,2z3tC,29.688,192,103,7,217,407,191,351,2.23e-12,68.6
2vkuA,2z3tA,29.688,192,103,7,217,407,193,353,2.50e-12,68.2
2vkuA,1z8pA,25.503,298,167,10,112,403,120,368,3.57e-12,67.8
2vkuA,1jipA,25.503,298,167,10,112,403,120,368,3.57e-12,67.8
2vkuA,1z8oA,25.503,298,167,10,112,403,119,367,5.09e-12,67.4
2vkuA,1jioA,25.503,298,167,10,112,403,120,368,5.39e-12,67.4
2vkuA,3tdaD,24.301,465,290,20,12,436,5,447,7.82e-12,67.0
2vkuA,3tdaB,24.301,465,290,20,12,436,5,447,7.82e-12,67.0
2vkuA,3tbgD,24.301,465,290,20,12,436,5,447,7.82e-12,67.0
2vkuA,3tbgB,24.301,465,290,20,12,436,5,447,7.82e-12,67.0
2vkuA,3swzA,24.031,258,175,8,172,414,183,434,1.63e-11,66.2
2vkuA,3swzC,23.938,259,175,8,172,414,182,434,1.89e-11,65.9
2vkuA,1ue8A,24.186,215,128,5,224,434,183,366,2.01e-11,65.5
2vkuA,3qm4B,24.390,451,291,20,16,436,18,448,2.72e-11,65.5
2vkuA,3mzsD,26.136,176,128,2,239,414,270,443,3.95e-11,64.7
2vkuA,3mzsC,26.136,176,128,2,239,414,270,443,3.95e-11,64.7
2vkuA,3mzsB,26.136,176,128,2,239,414,270,443,3.95e-11,64.7
2vkuA,3mzsA,26.136,176,128,2,239,414,270,443,3.95e-11,64.7
2vkuA,3uasA,22.406,424,280,18,27,419,30,435,4.35e-11,64.7
2vkuA,1oxaA,24.916,297,170,9,112,403,120,368,4.49e-11,64.3
2vkuA,1jinA,24.916,297,170,9,112,403,120,368,4.49e-11,64.3
2vkuA,1eupA,24.916,297,170,9,112,403,120,368,4.49e-11,64.3
2vkuA,1egyA,24.916,297,170,9,112,403,120,368,4.49e-11,64.3
2vkuA,3rukD,23.664,262,175,8,172,414,182,437,4.71e-11,64.7
2vkuA,3rukC,23.664,262,175,8,172,414,182,437,5.04e-11,64.7
2vkuA,3tdaC,24.078,461,288,20,16,436,20,458,5.80e-11,64.3
2vkuA,3tdaA,24.078,461,288,20,16,436,20,458,5.80e-11,64.3
2vkuA,3tbgC,24.078,461,288,20,16,436,20,458,5.80e-11,64.3
2vkuA,3tbgA,24.078,461,288,20,16,436,20,458,5.80e-11,64.3
2vkuA,3pm0A,25.000,216,152,5,218,426,223,435,6.39e-11,64.3
2vkuA,3qm4A,24.078,461,288,20,16,436,18,456,6.65e-11,64.3
2vkuA,4i8vD,20.882,431,306,15,12,414,14,437,7.63e-11,63.9
2vkuA,4i8vC,20.882,431,307,15,12,414,14,438,9.05e-11,63.5
2vkuA,3mvrB,22.897,428,277,20,27,419,30,439,9.19e-11,63.5
2vkuA,3mvrA,22.897,428,277,20,27,419,30,439,9.19e-11,63.5
2vkuA,3r1bD,22.897,428,277,20,27,419,30,439,9.21e-11,63.5
2vkuA,3r1aH,22.897,428,277,20,27,419,30,439,9.21e-11,63.5
2vkuA,3r1bB,22.897,428,277,20,27,419,30,439,9.56e-11,63.5
2vkuA,3r1bA,22.897,428,277,20,27,419,30,439,9.56e-11,63.5
2vkuA,3r1aG,22.897,428,277,20,27,419,30,439,9.56e-11,63.5
2vkuA,3r1aF,22.897,428,277,20,27,419,30,439,9.56e-11,63.5
2vkuA,3r1aE,22.897,428,277,20,27,419,30,439,9.56e-11,63.5
2vkuA,3r1aD,22.897,428,277,20,27,419,30,439,9.56e-11,63.5
2vkuA,3r1aB,22.897,428,277,20,27,419,30,439,9.56e-11,63.5
2vkuA,3r1aA,22.897,428,277,20,27,419,30,439,9.56e-11,63.5
2vkuA,3me6D,22.897,428,277,20,27,419,30,439,9.56e-11,63.5
2vkuA,3me6B,22.897,428,277,20,27,419,30,439,9.56e-11,63.5
2vkuA,3me6A,22.897,428,277,20,27,419,30,439,9.56e-11,63.5
2vkuA,2q6nG,22.897,428,277,20,27,419,30,439,9.56e-11,63.5
2vkuA,2q6nF,22.897,428,277,20,27,419,30,439,9.56e-11,63.5
2vkuA,2q6nE,22.897,428,277,20,27,419,30,439,9.56e-11,63.5
2vkuA,2q6nD,22.897,428,277,20,27,419,30,439,9.56e-11,63.5
2vkuA,2q6nC,22.897,428,277,20,27,419,30,439,9.56e-11,63.5
2vkuA,2q6nB,22.897,428,277,20,27,419,30,439,9.56e-11,63.5
2vkuA,2q6nA,22.897,428,277,20,27,419,30,439,9.56e-11,63.5
2vkuA,2bdmA,22.897,428,277,20,27,419,30,439,9.56e-11,63.5
2vkuA,1suoA,22.897,428,277,20,27,419,30,439,9.56e-11,63.5
2vkuA,3tmzA,22.482,427,279,19,27,419,29,437,9.69e-11,63.5
2vkuA,3kw4A,22.897,428,277,20,27,419,31,440,1.01e-10,63.5
2vkuA,2f9qD,25.862,232,160,7,209,436,219,442,1.46e-10,63.2
2vkuA,2f9qB,25.862,232,160,7,209,436,219,442,1.46e-10,63.2
2vkuA,3rwlA,23.828,256,154,7,183,432,182,402,1.51e-10,62.8
2vkuA,3tk3D,22.897,428,277,20,27,419,30,439,1.56e-10,63.2
2vkuA,3tk3A,22.897,428,277,20,27,419,30,439,1.56e-10,63.2
2vkuA,2f9qA,23.371,445,290,17,27,436,17,445,1.63e-10,62.8
2vkuA,3g5nA,22.328,421,277,18,27,419,31,429,1.81e-10,62.8
2vkuA,2hi4A,21.924,447,296,17,12,418,19,452,2.02e-10,62.8
2vkuA,3g5nC,22.090,421,274,17,27,419,32,426,2.14e-10,62.4
2vkuA,3g93C,23.294,425,264,20,27,419,30,424,2.38e-10,62.4
2vkuA,2z3tD,28.272,191,106,6,218,407,188,348,2.52e-10,62.0
2vkuA,4i8vA,20.642,436,310,15,12,414,15,447,2.52e-10,62.4
2vkuA,1po5A,22.717,427,279,19,27,419,30,439,4.26e-10,61.6
2vkuA,3mgxA,28.049,164,92,5,292,443,238,387,4.55e-10,61.2
2vkuA,3ua5B,21.928,415,289,14,27,417,29,432,4.63e-10,61.6
2vkuA,3na0B,25.668,187,129,3,232,414,263,443,4.70e-10,61.6
2vkuA,3na0A,25.668,187,129,3,232,414,263,443,4.70e-10,61.6
2vkuA,3n9zB,25.668,187,129,3,232,414,263,443,4.70e-10,61.6
2vkuA,3n9zA,25.668,187,129,3,232,414,263,443,4.70e-10,61.6
2vkuA,3na1B,25.668,187,129,3,232,414,263,443,4.84e-10,61.6
2vkuA,3na1A,25.668,187,129,3,232,414,264,444,5.20e-10,61.2
2vkuA,3n9yA,25.668,187,129,3,232,414,264,444,5.24e-10,61.2
2vkuA,3a1lA,29.050,179,96,6,230,407,231,379,5.42e-10,61.2
2vkuA,2z3uA,29.050,179,96,6,230,407,231,379,5.42e-10,61.2
2vkuA,3tktA,27.184,206,120,5,215,419,215,391,7.08e-10,60.8
2vkuA,3g5nD,22.090,421,275,18,27,419,30,425,8.47e-10,60.5
2vkuA,4h1nA,21.934,424,283,17,27,419,29,435,1.08e-09,60.5
2vkuA,3g5nB,22.090,421,275,18,27,419,30,425,1.43e-09,60.1
2vkuA,3g93B,23.059,425,264,20,27,419,30,423,1.52e-09,59.7
2vkuA,3r1bC,22.717,427,270,20,27,419,30,430,2.16e-09,59.3
2vkuA,3g93A,22.588,425,273,20,27,419,31,431,2.44e-09,59.3
2vkuA,3qoaA,21.308,413,291,13,27,417,30,430,2.97e-09,58.9
2vkuA,1cptA,29.050,179,98,6,241,418,241,391,3.02e-09,58.9
2vkuA,1lfkA,26.667,195,114,6,226,419,189,355,3.43e-09,58.5
2vkuA,1f4tB,24.658,219,131,5,218,432,176,364,4.01e-09,58.2
2vkuA,1f4tA,24.658,219,131,5,218,432,176,364,4.01e-09,58.2
2vkuA,1io7B,24.658,219,131,5,218,432,169,357,4.33e-09,58.2
2vkuA,1io7A,24.658,219,131,5,218,432,176,364,4.61e-09,58.2
2vkuA,1f4uA,24.658,219,131,5,218,432,176,364,4.61e-09,58.2
2vkuA,3qu8D,21.875,416,284,15,27,417,30,429,5.99e-09,58.2
2vkuA,3qu8E,21.875,416,284,15,27,417,30,429,6.38e-09,57.8
2vkuA,3qu8B,21.875,416,284,15,27,417,30,429,6.38e-09,57.8
2vkuA,3r9cA,25.243,206,123,6,219,423,212,387,1.07e-08,57.0
2vkuA,3qu8A,21.583,417,287,15,27,417,30,432,1.16e-08,57.0
2vkuA,3r9bA,25.243,206,123,6,219,423,203,378,1.19e-08,57.0
2vkuA,2cd8A,26.842,190,109,4,219,407,199,359,1.25e-08,56.6
2vkuA,3qu8C,21.718,419,284,15,27,417,30,432,1.37e-08,57.0
2vkuA,2c6hB,26.842,190,109,4,219,407,199,359,1.42e-08,56.6
2vkuA,2bvjA,26.842,190,109,4,219,407,199,359,1.42e-08,56.6
2vkuA,2wi9B,26.842,190,109,4,219,407,199,359,1.46e-08,56.6
2vkuA,2cd8B,26.842,190,109,4,219,407,199,359,1.50e-08,56.6
2vkuA,2ca0B,26.842,190,109,4,219,407,199,359,1.53e-08,56.6
2vkuA,2ca0A,26.842,190,109,4,219,407,199,359,1.53e-08,56.6
2vkuA,2c6hA,26.842,190,109,4,219,407,199,359,1.53e-08,56.6
2vkuA,2whwB,26.842,190,109,4,219,407,199,359,1.56e-08,56.6
2vkuA,2vz7B,26.842,190,109,4,219,407,199,359,1.56e-08,56.6
2vkuA,2vzmB,26.842,190,109,4,219,407,200,360,1.58e-08,56.6
2vkuA,3ua5A,21.823,417,289,15,27,417,30,435,1.58e-08,56.6
2vkuA,3ibdA,21.823,417,289,15,27,417,30,435,1.58e-08,56.6
2vkuA,2vzmA,26.842,190,109,4,219,407,201,361,1.65e-08,56.2
2vkuA,2wi9A,26.842,190,109,4,219,407,201,361,1.69e-08,56.2
2vkuA,2whwA,26.842,190,109,4,219,407,201,361,1.69e-08,56.2
2vkuA,2vz7A,26.842,190,109,4,219,407,201,361,1.69e-08,56.2
2vkuA,2c7xA,26.842,190,109,4,219,407,202,362,1.81e-08,56.2
2vkuA,3e6iA,22.059,204,146,4,218,413,232,430,1.86e-08,56.6
2vkuA,3qz1A,26.087,207,133,6,246,443,250,445,1.92e-08,56.2
2vkuA,3gphB,22.059,204,146,4,218,413,231,429,1.98e-08,56.2
2vkuA,3gphA,22.059,204,146,4,218,413,231,429,1.98e-08,56.2
2vkuA,3kohB,22.059,204,146,4,218,413,233,431,1.99e-08,56.2
2vkuA,3kohA,22.059,204,146,4,218,413,233,431,1.99e-08,56.2
2vkuA,3t3zC,22.059,204,146,4,218,413,233,431,1.99e-08,56.2
2vkuA,3t3zB,22.059,204,146,4,218,413,233,431,1.99e-08,56.2
2vkuA,3t3zA,22.059,204,146,4,218,413,233,431,1.99e-08,56.2
2vkuA,3lc4A,22.059,204,146,4,218,413,230,428,1.99e-08,56.2
2vkuA,3e4eB,22.059,204,146,4,218,413,230,428,2.00e-08,56.2
2vkuA,3e4eA,22.059,204,146,4,218,413,230,428,2.00e-08,56.2
2vkuA,2wm5A,25.543,184,109,4,227,409,240,396,2.47e-08,55.8
2vkuA,4apyA,25.896,251,135,10,159,406,174,376,2.68e-08,55.8
2vkuA,2wm4A,25.543,184,109,4,227,409,241,397,2.80e-08,55.8
2vkuA,3qz1B,25.490,204,136,6,246,443,243,436,3.62e-08,55.5
2vkuA,1n97B,23.810,168,105,4,246,413,216,360,3.76e-08,55.1
2vkuA,1n97A,23.810,168,105,4,246,413,216,360,3.76e-08,55.1
2vkuA,3nc5A,21.086,313,199,8,102,407,81,352,5.50e-08,54.7
2vkuA,3danA,25.000,148,94,5,285,418,314,458,6.06e-08,54.7
2vkuA,3dbmA,25.000,148,94,5,285,418,309,453,6.11e-08,54.7
2vkuA,3damA,25.000,148,94,5,285,418,309,453,6.11e-08,54.7
2vkuA,3qz1D,25.143,175,118,5,246,418,244,407,7.84e-08,54.3
2vkuA,3qz1C,25.143,175,119,5,246,418,245,409,8.31e-08,54.3
2vkuA,3b6hB,23.871,465,306,18,12,443,19,468,8.72e-08,54.3
2vkuA,3ejdD,23.438,192,112,4,218,408,199,356,8.89e-08,53.9
2vkuA,3ejdF,23.438,192,112,4,218,408,196,353,1.14e-07,53.9
2vkuA,2iagA,23.871,465,307,18,12,443,19,469,1.20e-07,53.9
2vkuA,1wiyA,23.837,172,100,5,246,413,189,333,1.33e-07,53.5
2vkuA,2vn0A,23.267,202,146,5,218,413,234,432,1.35e-07,53.9
2vkuA,3nc7B,21.086,313,197,9,102,407,82,351,1.42e-07,53.5
2vkuA,2nnjA,23.267,202,146,5,218,413,234,432,1.44e-07,53.5
2vkuA,2nniA,23.267,202,146,5,218,413,234,432,1.44e-07,53.5
2vkuA,2nnhB,23.267,202,146,5,218,413,234,432,1.44e-07,53.5
2vkuA,2nnhA,23.267,202,146,5,218,413,234,432,1.44e-07,53.5
2vkuA,1pq2B,23.267,202,146,5,218,413,234,432,1.44e-07,53.5
2vkuA,1pq2A,23.267,202,146,5,218,413,234,432,1.44e-07,53.5
2vkuA,1wiyB,22.619,168,105,4,246,413,195,337,1.68e-07,53.1
2vkuA,3nc3B,21.406,313,195,9,102,407,84,352,1.71e-07,53.1
2vkuA,4dvqE,31.818,132,76,3,263,391,293,413,1.73e-07,53.5
2vkuA,4fdhA,31.818,132,76,3,263,391,293,413,1.74e-07,53.5
2vkuA,2iagB,23.871,465,303,18,12,443,19,465,1.90e-07,53.1
2vkuA,3nc5B,21.086,313,197,9,102,407,72,341,1.98e-07,53.1
2vkuA,3nc7A,21.406,313,195,9,102,407,79,347,2.08e-07,52.8
2vkuA,3nc6B,21.086,313,201,8,102,407,83,356,2.38e-07,52.8
2vkuA,3b99B,20.485,454,281,16,12,443,20,415,2.55e-07,52.8
2vkuA,2wivA,27.419,124,81,2,305,427,266,381,2.66e-07,52.8
2vkuA,3b6hA,23.871,465,305,18,12,443,19,467,2.68e-07,52.8
2vkuA,4ep6A,27.419,124,81,2,305,427,267,382,2.69e-07,52.8
2vkuA,3ejbH,22.917,192,115,4,218,408,199,358,2.85e-07,52.4
2vkuA,1dt6A,21.111,270,203,4,154,419,159,422,3.12e-07,52.4
2vkuA,3ejbD,22.917,192,115,4,218,408,199,358,3.22e-07,52.4
2vkuA,4dvqB,31.818,132,76,3,263,391,293,413,3.45e-07,52.4
2vkuA,4dvqA,31.818,132,76,3,263,391,293,413,3.45e-07,52.4
2vkuA,3zbyF,25.121,207,120,5,202,408,190,361,3.56e-07,52.4
2vkuA,3zbyE,25.121,207,120,5,202,408,190,361,3.56e-07,52.4
2vkuA,3zbyD,25.121,207,120,5,202,408,190,361,3.56e-07,52.4
2vkuA,3zbyC,25.121,207,120,5,202,408,190,361,3.56e-07,52.4
2vkuA,3zbyA,25.121,207,120,5,202,408,190,361,3.56e-07,52.4
2vkuA,3zbyB,25.121,207,120,5,202,408,190,361,3.63e-07,52.4
2vkuA,2yooD,25.121,207,120,5,202,408,186,357,3.68e-07,52.4
2vkuA,2yooC,25.121,207,120,5,202,408,186,357,3.72e-07,52.0
2vkuA,2yooB,25.121,207,120,5,202,408,186,357,3.72e-07,52.0
2vkuA,2yooA,25.121,207,120,5,202,408,187,358,4.04e-07,52.0
2vkuA,3ejeD,22.917,192,112,4,218,408,199,355,4.45e-07,52.0
2vkuA,3ejeF,22.917,192,110,4,218,408,196,350,4.52e-07,52.0
2vkuA,3ejbF,23.316,193,111,4,217,408,194,350,4.74e-07,51.6
2vkuA,3ejbB,23.316,193,111,4,217,408,195,351,4.76e-07,51.6
2vkuA,3ejeB,22.798,193,111,4,217,408,195,350,4.95e-07,51.6
2vkuA,3ejdB,23.429,175,104,3,235,408,207,352,5.87e-07,51.6
2vkuA,4fdhK,31.818,132,82,3,263,391,293,419,5.95e-07,51.6
2vkuA,3ejdH,23.429,175,104,3,235,408,209,354,6.18e-07,51.6
2vkuA,3ejeH,22.917,192,112,4,218,408,199,355,6.54e-07,51.2
2vkuA,3nc6A,28.800,125,79,1,293,407,218,342,6.56e-07,51.2
2vkuA,3nc3A,28.800,125,79,1,293,407,224,348,6.84e-07,51.2
2vkuA,1r9oA,22.043,186,143,2,236,420,245,429,7.13e-07,51.6
2vkuA,3abbA,27.273,176,98,4,220,395,189,334,8.83e-07,50.8
2vkuA,1og5B,22.043,186,143,2,236,420,253,437,1.01e-06,50.8
2vkuA,1og5A,22.043,186,143,2,236,420,253,437,1.01e-06,50.8
2vkuA,1og2B,22.043,186,143,2,236,420,253,437,1.01e-06,50.8
2vkuA,1og2A,22.043,186,143,2,236,420,253,437,1.01e-06,50.8
2vkuA,3b98B,21.598,463,278,17,12,443,19,427,1.36e-06,50.4
2vkuA,4dvqK,31.061,132,74,3,263,391,293,410,1.57e-06,50.4
2vkuA,1nr6A,21.182,203,158,2,218,419,235,436,1.70e-06,50.4
2vkuA,1n6bA,21.182,203,158,2,218,419,235,436,1.70e-06,50.4
2vkuA,3c6gA,23.729,177,131,3,236,410,257,431,1.93e-06,50.1
2vkuA,4dvqL,31.818,132,73,4,263,391,287,404,2.00e-06,50.1
2vkuA,4fdhF,31.061,132,76,3,263,391,293,412,2.03e-06,50.1
2vkuA,4dvqF,31.061,132,76,3,263,391,293,412,2.03e-06,50.1
2vkuA,3dl9A,23.729,177,131,3,236,410,258,432,2.03e-06,50.1
2vkuA,3czhA,23.729,177,131,3,236,410,258,432,2.03e-06,50.1
2vkuA,4fdhJ,31.061,132,76,3,263,391,293,412,2.06e-06,50.1
2vkuA,4fdhH,31.061,132,76,3,263,391,293,412,2.06e-06,50.1
2vkuA,4fdhC,31.061,132,76,3,263,391,293,412,2.06e-06,50.1
2vkuA,4dvqI,31.061,132,76,3,263,391,293,412,2.06e-06,50.1
2vkuA,4dvqH,31.061,132,76,3,263,391,293,412,2.06e-06,50.1
2vkuA,4dvqG,31.061,132,76,3,263,391,293,412,2.06e-06,50.1
2vkuA,4dvqD,31.061,132,76,3,263,391,293,412,2.06e-06,50.1
2vkuA,4dvqC,31.061,132,76,3,263,391,293,412,2.06e-06,50.1
2vkuA,3dl9B,23.729,177,131,3,236,410,257,431,2.17e-06,50.1
2vkuA,3czhB,23.729,177,131,3,236,410,257,431,2.17e-06,50.1
2vkuA,3c6gB,23.729,177,131,3,236,410,257,431,2.17e-06,50.1
2vkuA,4fdhL,31.061,132,76,3,263,391,287,406,2.23e-06,50.1
2vkuA,2x5wA,24.206,252,137,10,161,406,173,376,2.36e-06,49.7
2vkuA,4gqsB,23.077,208,151,5,218,419,227,431,2.39e-06,49.7
2vkuA,1se6A,27.203,261,149,8,187,419,115,362,2.58e-06,49.7
2vkuA,4gqsC,23.077,208,151,5,218,419,233,437,2.66e-06,49.7
2vkuA,4gqsA,23.077,208,151,5,218,419,233,437,2.71e-06,49.7
2vkuA,4gqsD,23.077,208,151,5,218,419,223,427,2.84e-06,49.7
2vkuA,2x5lA,24.206,252,137,10,161,406,172,375,3.02e-06,49.3
2vkuA,3p3lB,24.118,170,97,5,240,406,229,369,3.81e-06,48.9
2vkuA,3p3lA,24.118,170,97,5,240,406,229,369,3.81e-06,48.9
2vkuA,3p3zA,24.118,170,97,5,240,406,233,373,3.91e-06,48.9
2vkuA,3p3oA,24.118,170,97,5,240,406,242,382,3.94e-06,48.9
2vkuA,2xc3A,25.824,182,102,6,227,406,221,371,4.32e-06,48.9
2vkuA,2nzaB,31.783,129,75,3,304,429,258,376,4.53e-06,48.9
2vkuA,2nzaA,31.783,129,75,3,304,429,267,385,4.95e-06,48.5
2vkuA,3b98A,19.348,460,311,16,12,443,19,446,5.28e-06,48.5
2vkuA,2nz5B,31.783,129,75,3,304,429,267,385,5.52e-06,48.5
2vkuA,2nz5A,31.783,129,75,3,304,429,267,385,5.52e-06,48.5
2vkuA,2dkkA,31.783,129,75,3,304,429,267,385,5.52e-06,48.5
2vkuA,2zbzA,26.776,183,104,6,239,419,229,383,7.32e-06,48.1
2vkuA,2zbyA,26.776,183,104,6,239,419,225,379,7.33e-06,48.1
2vkuA,3cv9A,26.776,183,104,6,239,419,225,379,7.75e-06,48.1
2vkuA,3b99A,19.432,458,311,16,12,443,20,445,8.04e-06,48.1
2vkuA,2zbxA,26.776,183,104,6,239,419,221,375,8.35e-06,47.8
2vkuA,1t93A,24.786,234,134,7,190,419,186,381,1.05e-05,47.8
2vkuA,2d09A,24.786,234,134,7,190,419,186,381,1.13e-05,47.4
2vkuA,2d0eA,24.786,234,134,7,190,419,186,381,1.22e-05,47.4
2vkuA,3iw2A,26.437,174,95,6,235,406,224,366,1.25e-05,47.4
2vkuA,3iw1A,26.437,174,95,6,235,406,224,366,1.25e-05,47.4
2vkuA,3o1aA,23.944,213,125,5,213,422,187,365,1.57e-05,47.0
2vkuA,3e5lA,26.446,242,121,12,196,425,183,379,2.34e-05,46.6
2vkuA,3abaA,26.446,242,121,12,196,425,183,379,2.43e-05,46.6
2vkuA,3e5jA,30.841,107,61,3,321,425,280,375,2.49e-05,46.6
2vkuA,4dnjA,29.134,127,78,4,293,417,261,377,2.51e-05,46.6
2vkuA,2fr7A,29.134,127,78,4,293,417,259,375,2.66e-05,46.2
2vkuA,3e5kA,30.841,107,61,3,321,425,271,366,2.67e-05,46.2
2vkuA,3dsjA,22.059,136,94,3,287,411,308,442,2.88e-05,46.2
2vkuA,3dskA,22.059,136,94,3,287,411,309,443,2.88e-05,46.2
2vkuA,3dsiB,22.059,136,94,3,287,411,308,442,2.93e-05,46.2
2vkuA,2rclA,22.059,136,94,3,287,411,308,442,2.93e-05,46.2
2vkuA,2rchA,22.059,136,94,3,287,411,308,442,2.93e-05,46.2
2vkuA,3dsiA,22.059,136,94,3,287,411,309,443,2.99e-05,46.2
2vkuA,2xkrA,23.698,384,232,13,27,408,32,356,3.33e-05,46.2
2vkuA,3ofuB,23.429,350,201,12,79,415,77,372,3.42e-05,45.8
2vkuA,3ofuA,23.429,350,201,12,79,415,77,372,3.42e-05,45.8
2vkuA,3oftA,23.429,350,201,12,79,415,77,372,3.42e-05,45.8
2vkuA,3vm4A,21.531,418,253,12,19,411,10,377,3.87e-05,45.8
2vkuA,3awmA,21.531,418,253,12,19,411,10,377,3.87e-05,45.8
2vkuA,1s1fA,25.000,236,129,8,190,419,182,375,5.09e-05,45.4
2vkuA,3oftB,25.946,185,101,5,236,415,216,369,6.93e-05,45.1
2vkuA,3oftC,25.946,185,101,5,236,415,213,366,7.20e-05,45.1
2vkuA,4egpB,29.565,115,70,3,296,409,258,362,3.08e-04,43.1
2vkuA,4egpA,29.565,115,70,3,296,409,258,362,3.08e-04,43.1
2vkuA,4egoD,29.565,115,70,3,296,409,258,362,3.08e-04,43.1
2vkuA,4egoC,29.565,115,70,3,296,409,258,362,3.08e-04,43.1
2vkuA,4egoB,29.565,115,70,3,296,409,258,362,3.08e-04,43.1
2vkuA,4egoA,29.565,115,70,3,296,409,258,362,3.08e-04,43.1
