2ycdA,2ycdA,100.000,213,0,0,1,213,1,213,4.13e-159,438
2ycdA,4ecjA,30.108,186,122,4,25,204,16,199,3.06e-17,76.6
2ycdA,4eciA,30.108,186,122,4,25,204,16,199,3.06e-17,76.6
2ycdA,3lszD,32.500,160,98,5,49,201,49,205,8.12e-15,70.5
2ycdA,3lszB,32.500,160,98,5,49,201,51,207,1.05e-14,70.1
2ycdA,3lszA,32.500,160,98,5,49,201,52,208,1.83e-14,69.7
2ycdA,4ikhA,29.442,197,122,6,25,205,30,225,9.57e-13,65.1
2ycdA,1byeD,30.102,196,105,8,28,202,20,204,9.34e-09,53.5
2ycdA,1byeC,30.102,196,105,8,28,202,20,204,9.34e-09,53.5
2ycdA,1byeB,30.102,196,105,8,28,202,20,204,9.34e-09,53.5
2ycdA,1byeA,30.102,196,105,8,28,202,20,204,9.34e-09,53.5
2ycdA,2x64A,28.218,202,129,8,15,207,9,203,1.32e-08,53.1
2ycdA,2x64C,28.218,202,129,8,15,207,10,204,1.41e-08,53.1
2ycdA,2x64B,28.218,202,129,8,15,207,10,204,1.41e-08,53.1
2ycdA,1gnwB,29.651,172,100,7,24,175,8,178,6.77e-08,51.2
2ycdA,1gnwA,29.651,172,100,7,24,175,8,178,6.77e-08,51.2
2ycdA,4hz2B,30.000,160,104,6,47,201,40,196,9.52e-08,50.8
2ycdA,4hz2A,30.000,160,104,6,47,201,40,196,1.03e-07,50.4
2ycdA,17gsA,24.865,185,130,4,20,201,13,191,1.62e-07,50.1
2ycdA,2j9hB,24.865,185,130,4,20,201,12,190,1.89e-07,49.7
2ycdA,2j9hA,24.865,185,130,4,20,201,12,190,1.89e-07,49.7
2ycdA,3dgqA,24.865,185,130,4,20,201,13,191,2.15e-07,49.7
2ycdA,3dd3A,24.865,185,130,4,20,201,13,191,2.15e-07,49.7
2ycdA,13gsA,24.865,185,130,4,20,201,13,191,2.15e-07,49.7
2ycdA,3qawA,24.500,200,133,8,16,203,8,201,2.18e-07,49.7
2ycdA,2pgtA,24.865,185,130,4,20,201,13,191,2.23e-07,49.7
2ycdA,1pgtA,24.865,185,130,4,20,201,13,191,2.23e-07,49.7
2ycdA,3ie3A,24.865,185,130,4,20,201,12,190,2.28e-07,49.7
2ycdA,3gusB,24.865,185,130,4,20,201,11,189,2.35e-07,49.7
2ycdA,3gssB,24.865,185,130,4,20,201,11,189,2.35e-07,49.7
2ycdA,3gssA,24.865,185,130,4,20,201,11,189,2.35e-07,49.7
2ycdA,3dd3B,24.865,185,130,4,20,201,11,189,2.35e-07,49.7
2ycdA,2gssA,24.865,185,130,4,20,201,11,189,2.35e-07,49.7
2ycdA,20gsA,24.865,185,130,4,20,201,11,189,2.35e-07,49.7
2ycdA,1aqxD,24.865,185,130,4,20,201,11,189,2.35e-07,49.7
2ycdA,1aqxB,24.865,185,130,4,20,201,11,189,2.35e-07,49.7
2ycdA,1aqxA,24.865,185,130,4,20,201,11,189,2.35e-07,49.7
2ycdA,19gsA,24.865,185,130,4,20,201,11,189,2.35e-07,49.7
2ycdA,18gsA,24.865,185,130,4,20,201,11,189,2.35e-07,49.7
2ycdA,11gsA,24.865,185,130,4,20,201,11,189,2.35e-07,49.7
2ycdA,10gsA,24.865,185,130,4,20,201,11,189,2.35e-07,49.7
2ycdA,8gssB,24.865,185,130,4,20,201,12,190,2.56e-07,49.3
2ycdA,3gusA,24.865,185,130,4,20,201,12,190,2.56e-07,49.3
2ycdA,3csjB,24.865,185,130,4,20,201,12,190,2.56e-07,49.3
2ycdA,3cshA,24.865,185,130,4,20,201,12,190,2.56e-07,49.3
2ycdA,2a2rB,24.865,185,130,4,20,201,12,190,2.56e-07,49.3
2ycdA,1aqwA,24.865,185,130,4,20,201,12,190,2.56e-07,49.3
2ycdA,1aqvA,24.865,185,130,4,20,201,12,190,2.56e-07,49.3
2ycdA,1lbkA,24.865,185,130,4,20,201,12,190,2.85e-07,49.3
2ycdA,3csiC,24.865,185,130,4,20,201,12,190,3.10e-07,49.3
2ycdA,3csiB,24.865,185,130,4,20,201,12,190,3.10e-07,49.3
2ycdA,3csiA,24.865,185,130,4,20,201,12,190,3.10e-07,49.3
2ycdA,3kmoA,25.134,187,127,5,20,201,11,189,4.03e-07,48.9
2ycdA,3km6A,25.134,187,127,5,20,201,11,189,4.03e-07,48.9
2ycdA,3kmoB,25.134,187,127,5,20,201,12,190,4.14e-07,48.9
2ycdA,3km6B,25.134,187,127,5,20,201,12,190,4.14e-07,48.9
2ycdA,3hjoB,25.134,187,127,5,20,201,12,190,7.04e-07,48.1
2ycdA,3hjoA,25.134,187,127,5,20,201,12,190,7.04e-07,48.1
2ycdA,3hjmD,25.134,187,127,5,20,201,11,189,7.05e-07,48.1
2ycdA,3hjmA,25.134,187,127,5,20,201,11,189,7.05e-07,48.1
2ycdA,3o76A,28.859,149,95,5,57,201,49,190,1.82e-06,47.0
2ycdA,2oacA,28.859,149,95,5,57,201,49,190,1.82e-06,47.0
2ycdA,2oa7B,28.859,149,95,5,57,201,49,190,1.82e-06,47.0
2ycdA,2oa7A,28.859,149,95,5,57,201,49,190,1.82e-06,47.0
2ycdA,1gtiA,28.859,149,95,5,57,201,49,190,1.97e-06,47.0
2ycdA,1gsyA,28.859,149,95,5,57,201,49,190,1.97e-06,47.0
2ycdA,1glqA,28.859,149,95,5,57,201,49,190,1.97e-06,47.0
2ycdA,1glpB,28.859,149,95,5,57,201,49,190,1.97e-06,47.0
2ycdA,1glpA,28.859,149,95,5,57,201,49,190,1.97e-06,47.0
2ycdA,3uarA,28.125,192,117,9,28,207,18,200,3.09e-06,46.2
2ycdA,2gsrA,28.378,148,97,5,57,201,47,188,3.49e-05,43.1
2ycdA,4iw9A,24.084,191,132,4,15,196,9,195,5.09e-05,42.7
2ycdA,4iw9B,24.084,191,132,4,15,196,14,200,5.77e-05,42.7
2ycdA,3m3mA,27.222,180,123,6,25,198,17,194,9.76e-05,42.0
2ycdA,4hojA,25.543,184,123,6,25,204,15,188,1.63e-04,41.2
2ycdA,1gsuB,26.562,192,117,8,17,196,10,189,3.41e-04,40.4
2ycdA,1gsuA,26.562,192,117,8,17,196,10,189,3.41e-04,40.4
2ycdA,3gx0A,28.571,147,85,6,68,204,67,203,0.002,37.7
2ycdA,3t2uB,34.722,72,37,3,17,85,11,75,0.003,37.7
2ycdA,3t2uA,34.722,72,37,3,17,85,11,75,0.003,37.7
2ycdA,1c72D,26.042,192,118,8,17,196,10,189,0.003,37.7
2ycdA,1c72C,26.042,192,118,8,17,196,10,189,0.003,37.7
2ycdA,1c72B,26.042,192,118,8,17,196,10,189,0.003,37.7
2ycdA,1c72A,26.042,192,118,8,17,196,10,189,0.003,37.7
