3bpzB,3bpzB,100.000,194,0,0,1,194,1,194,5.86e-147,405
3bpzB,2q0aB,99.482,193,1,0,1,193,1,193,1.43e-145,402
3bpzB,1q3eA,98.964,193,1,1,1,193,1,192,4.32e-143,395
3bpzB,3etqA,97.938,194,4,0,1,194,1,194,9.37e-143,395
3bpzB,1q3eB,97.409,193,1,1,1,193,1,189,5.08e-140,388
3bpzB,3otfA,93.299,194,13,0,1,194,1,194,2.61e-138,384
3bpzB,3u11A,93.299,194,13,0,1,194,1,194,2.86e-138,384
3bpzB,3u0zA,90.206,194,19,0,1,194,1,194,2.82e-135,376
3bpzB,4hbnA,92.268,194,14,1,1,194,2,194,5.75e-135,375
3bpzB,2ptmA,58.854,192,78,1,1,191,1,192,2.04e-83,245
3bpzB,3cl1B,31.707,123,82,1,68,190,10,130,2.20e-15,69.3
3bpzB,1vp6C,31.707,123,82,1,68,190,11,131,2.33e-15,69.3
3bpzB,1vp6A,31.707,123,82,1,68,190,11,131,2.33e-15,69.3
3bpzB,3cl1A,31.707,123,82,1,68,190,9,129,2.42e-15,69.3
3bpzB,2k0gA,31.707,123,82,1,68,190,15,135,2.61e-15,69.7
3bpzB,3of1A,34.906,106,68,1,69,173,126,231,2.77e-12,63.5
3bpzB,3of1A,29.293,99,70,0,75,173,14,112,2.06e-06,47.0
3bpzB,4dinB,27.358,106,77,0,68,173,95,200,2.26e-08,52.8
3bpzB,4dinB,34.524,84,49,2,96,173,241,324,2.78e-04,40.8
3bpzB,3ogjC,30.556,72,50,0,102,173,54,125,8.75e-07,46.2
3bpzB,3od0A,30.556,72,50,0,102,173,54,125,8.75e-07,46.2
3bpzB,3ocpA,30.556,72,50,0,102,173,54,125,8.75e-07,46.2
3bpzB,3ocpB,30.556,72,50,0,102,173,54,125,9.85e-07,46.2
3bpzB,1ruoA,35.632,87,48,4,102,180,21,107,1.91e-06,46.6
3bpzB,1hw5B,35.632,87,48,4,102,180,29,115,1.95e-06,46.6
3bpzB,1runB,35.632,87,48,4,102,180,21,107,1.95e-06,46.6
3bpzB,1o3tB,35.632,87,48,4,102,180,21,107,1.95e-06,46.6
3bpzB,1j59B,35.632,87,48,4,102,180,21,107,1.95e-06,46.6
3bpzB,1cgpB,35.632,87,48,4,102,180,21,107,1.95e-06,46.6
3bpzB,1cgpA,35.632,87,48,4,102,180,21,107,1.95e-06,46.6
3bpzB,1i5zA,35.632,87,48,4,102,180,24,110,2.02e-06,46.6
3bpzB,2gzwB,35.632,87,48,4,102,180,23,109,2.03e-06,46.6
3bpzB,2gzwC,35.632,87,48,4,102,180,23,109,2.08e-06,46.6
3bpzB,1g6nA,35.632,87,48,4,102,180,23,109,2.08e-06,46.6
3bpzB,1hw5A,35.632,87,48,4,102,180,29,115,2.13e-06,46.6
3bpzB,3fweA,35.632,87,48,4,102,180,24,110,2.18e-06,46.2
3bpzB,3ryrA,35.632,87,48,4,102,180,22,108,2.22e-06,46.2
3bpzB,1zrcB,35.632,87,48,4,102,180,22,108,2.22e-06,46.2
3bpzB,1o3sA,35.632,87,48,4,102,180,22,108,2.22e-06,46.2
3bpzB,1o3rA,35.632,87,48,4,102,180,22,108,2.22e-06,46.2
3bpzB,1o3qA,35.632,87,48,4,102,180,22,108,2.22e-06,46.2
3bpzB,1o3tA,35.632,87,48,4,102,180,21,107,2.29e-06,46.2
3bpzB,1j59A,35.632,87,48,4,102,180,21,107,2.29e-06,46.2
3bpzB,3iydH,35.632,87,48,4,102,180,21,107,2.31e-06,46.2
3bpzB,3iydG,35.632,87,48,4,102,180,21,107,2.31e-06,46.2
3bpzB,1runA,35.632,87,48,4,102,180,21,107,2.31e-06,46.2
3bpzB,1i6xA,35.632,87,48,4,102,180,24,110,2.40e-06,46.2
3bpzB,2gzwD,35.632,87,48,4,102,180,23,109,2.52e-06,46.2
3bpzB,3shrB,30.556,72,50,0,102,173,52,123,4.04e-06,46.2
3bpzB,3shrB,25.000,112,78,1,68,173,136,247,3.59e-04,40.4
3bpzB,3shrA,30.556,72,50,0,102,173,52,123,4.04e-06,46.2
3bpzB,3shrA,25.000,112,78,1,68,173,136,247,3.59e-04,40.4
3bpzB,3qopB,34.483,87,49,4,102,180,22,108,6.70e-06,45.1
3bpzB,3qopA,34.483,87,49,4,102,180,22,108,6.70e-06,45.1
3bpzB,3rpqA,34.483,87,49,4,102,180,23,109,7.23e-06,45.1
3bpzB,3rpqB,34.483,87,49,4,102,180,23,109,7.57e-06,44.7
3bpzB,4ev0A,27.027,111,76,2,74,179,2,112,7.64e-06,45.1
3bpzB,1cx4A,23.913,138,95,3,58,185,122,259,2.00e-05,43.9
3bpzB,1cx4A,25.000,104,72,2,75,173,23,125,7.03e-04,39.3
3bpzB,3i54D,23.478,115,83,1,68,177,8,122,5.62e-05,42.4
3bpzB,3mzhB,23.478,115,83,1,68,177,4,118,5.65e-05,42.4
3bpzB,3mzhA,23.478,115,83,1,68,177,4,118,5.65e-05,42.4
3bpzB,4a2uC,23.478,115,83,1,68,177,3,117,6.48e-05,42.4
3bpzB,3h3uB,23.478,115,83,1,68,177,3,117,7.30e-05,42.0
3bpzB,3idbB,25.000,104,72,2,75,173,37,139,1.77e-04,40.4
3bpzB,3r6sE,20.833,120,90,1,65,179,1,120,0.002,38.1
3bpzB,3r6sA,20.833,120,90,1,65,179,1,120,0.002,38.1
3bpzB,3r6sC,20.833,120,90,1,65,179,1,120,0.002,38.1
3bpzB,1rl3A,32.143,84,51,2,96,173,166,249,0.004,37.0
3bpzB,1ne6A,32.143,84,51,2,96,173,166,249,0.004,37.0
3bpzB,1ne4A,32.143,84,51,2,96,173,166,249,0.004,37.0
3bpzB,1rl3B,32.143,84,51,2,96,173,166,249,0.004,37.0
3bpzB,1rgsA,32.143,84,51,2,96,173,162,245,0.004,37.0
3bpzB,3i59A,23.894,113,76,2,68,177,4,109,0.009,35.8
