3ntdB,3ntdB,100.000,565,0,0,1,565,1,565,0.0,1154
3ntdB,3ntdA,100.000,565,0,0,1,565,1,565,0.0,1154
3ntdB,3ntaB,99.823,565,1,0,1,565,1,565,0.0,1152
3ntdB,3ntaA,99.823,565,1,0,1,565,1,565,0.0,1152
3ntdB,3nt6B,99.823,565,1,0,1,565,1,565,0.0,1150
3ntdB,3nt6A,99.823,565,1,0,1,565,1,565,0.0,1150
3ntdB,3ictB,49.451,546,252,5,19,561,19,543,0.0,537
3ntdB,3ictA,49.451,546,252,5,19,561,23,547,0.0,537
3ntdB,3icsB,49.451,546,252,5,19,561,20,544,0.0,537
3ntdB,3icrB,49.451,546,252,5,19,561,20,544,0.0,537
3ntdB,3icrA,49.451,546,252,5,19,561,21,545,0.0,537
3ntdB,3cgeA,34.354,457,280,1,5,461,4,440,5.63e-92,289
3ntdB,3cgdA,34.354,457,280,1,5,461,4,440,5.63e-92,289
3ntdB,3cgcB,34.354,457,280,1,5,461,4,440,5.63e-92,289
3ntdB,3cgcA,34.354,457,280,1,5,461,4,440,5.63e-92,289
3ntdB,3cgbB,34.354,457,280,1,5,461,4,440,5.63e-92,289
3ntdB,3cgbA,34.354,457,280,1,5,461,4,440,5.63e-92,289
3ntdB,4em4B,32.816,451,274,8,15,464,14,436,8.04e-77,249
3ntdB,4em4A,32.816,451,274,8,15,464,14,436,8.04e-77,249
3ntdB,4em3B,32.816,451,274,8,15,464,14,436,8.04e-77,249
3ntdB,4em3A,32.816,451,274,8,15,464,14,436,8.04e-77,249
3ntdB,1yqzB,32.816,451,274,8,15,464,14,436,8.04e-77,249
3ntdB,1yqzA,32.816,451,274,8,15,464,14,436,8.04e-77,249
3ntdB,4emwA,32.816,451,274,8,15,464,14,436,8.69e-77,249
3ntdB,4eqsB,32.594,451,275,8,15,464,14,436,3.58e-76,248
3ntdB,4eqsA,32.594,451,275,8,15,464,14,436,3.58e-76,248
3ntdB,4eqrA,32.594,451,275,8,15,464,14,436,3.58e-76,248
3ntdB,4eqwA,32.373,451,276,8,15,464,14,436,1.30e-75,246
3ntdB,2npxA,28.355,462,310,5,3,464,2,442,3.21e-56,195
3ntdB,1f8wA,28.355,462,310,5,3,464,2,442,6.62e-56,194
3ntdB,1nhpA,28.139,462,311,5,3,464,2,442,1.11e-54,191
3ntdB,2cduA,23.529,459,325,7,3,458,2,437,1.47e-43,161
3ntdB,2cduB,23.529,459,325,7,3,458,2,437,1.63e-43,160
3ntdB,2bc0B,25.314,478,319,10,3,466,20,473,6.21e-41,154
3ntdB,2bc0A,25.314,478,319,10,3,466,20,473,6.21e-41,154
3ntdB,2bcpA,25.105,478,320,10,3,466,20,473,2.12e-39,150
3ntdB,2bc1A,25.105,478,320,10,3,466,20,473,2.12e-39,150
3ntdB,3oc4A,25.212,472,274,17,3,458,2,410,2.29e-23,102
3ntdB,3oc4B,24.947,469,276,16,3,458,3,408,4.21e-23,102
3ntdB,3lxdA,29.225,284,173,8,64,345,65,322,1.42e-20,94.4
3ntdB,1xhcA,27.989,368,217,11,3,370,2,321,2.86e-20,92.4
3ntdB,2yquB,27.654,405,218,18,88,477,111,455,8.97e-20,92.4
3ntdB,2yquA,27.654,405,218,18,88,477,111,455,8.97e-20,92.4
3ntdB,2eq7B,28.904,301,155,12,88,376,111,364,1.60e-19,91.7
3ntdB,2eq7A,28.904,301,155,12,88,376,111,364,1.60e-19,91.7
3ntdB,3lb8A,31.641,256,143,11,54,304,56,284,4.15e-18,87.0
3ntdB,1q1rA,31.641,256,143,11,54,304,56,284,4.25e-18,87.0
3ntdB,2v3aA,26.144,306,191,8,4,306,4,277,2.17e-16,81.3
3ntdB,1ebdA,25.910,467,274,19,5,439,7,433,4.45e-16,80.9
3ntdB,1lpfB,27.740,292,148,10,97,373,134,377,4.96e-16,80.9
3ntdB,1lpfA,27.740,292,148,10,97,373,134,377,4.96e-16,80.9
3ntdB,3fg2P,27.305,282,176,7,64,344,63,316,6.57e-16,80.1
3ntdB,1zk7A,30.455,220,120,8,95,311,128,317,2.15e-15,79.0
3ntdB,1f3pA,28.137,263,152,8,106,359,98,332,2.38e-15,78.2
3ntdB,1d7yA,28.137,263,152,8,106,359,98,332,2.38e-15,78.2
3ntdB,2yvjA,28.137,263,152,8,106,359,98,332,2.42e-15,78.2
3ntdB,2yvjP,28.137,263,152,8,106,359,97,331,2.47e-15,78.2
3ntdB,2yvgA,28.137,263,152,8,106,359,97,331,2.47e-15,78.2
3ntdB,2yvfA,28.137,263,152,8,106,359,97,331,2.47e-15,78.2
3ntdB,2gr2A,28.137,263,152,8,106,359,97,331,2.47e-15,78.2
3ntdB,2gr0A,28.137,263,152,8,106,359,97,331,2.47e-15,78.2
3ntdB,3o0hA,29.091,220,115,7,105,321,131,312,4.80e-15,77.8
3ntdB,3ladB,25.000,360,215,10,98,446,135,450,7.31e-15,77.4
3ntdB,3ladA,25.000,360,215,10,98,446,135,450,7.31e-15,77.4
3ntdB,4dnaB,30.233,172,93,6,152,321,169,315,8.43e-13,70.9
3ntdB,4dnaA,30.233,172,93,6,152,321,169,315,8.43e-13,70.9
3ntdB,1lvlA,25.753,299,177,10,78,373,108,364,9.28e-13,70.5
3ntdB,2wp5A,24.566,403,228,18,53,431,97,447,2.14e-12,69.7
3ntdB,2wpeC,24.752,404,226,19,53,431,94,444,2.19e-12,69.3
3ntdB,2wp5C,24.752,404,226,19,53,431,95,445,2.26e-12,69.3
3ntdB,2wp5B,24.752,404,226,19,53,431,95,445,2.26e-12,69.3
3ntdB,2wp5D,24.752,404,226,19,53,431,98,448,2.31e-12,69.3
3ntdB,2wpfC,24.752,404,226,19,53,431,94,444,2.41e-12,69.3
3ntdB,2wpfD,24.752,404,226,19,53,431,99,449,2.46e-12,69.3
3ntdB,2wowD,24.752,404,226,19,53,431,95,445,2.47e-12,69.3
3ntdB,2wovD,24.752,404,226,19,53,431,95,445,2.52e-12,69.3
3ntdB,2wpfA,24.752,404,226,19,53,431,98,448,2.61e-12,69.3
3ntdB,2wowA,24.752,404,226,19,53,431,98,448,2.61e-12,69.3
3ntdB,2wovC,24.752,404,226,19,53,431,98,448,2.61e-12,69.3
3ntdB,2wovA,24.752,404,226,19,53,431,98,448,2.61e-12,69.3
3ntdB,2wowC,24.566,403,228,18,53,431,98,448,2.64e-12,69.3
3ntdB,2wbaA,24.752,404,226,19,53,431,95,445,3.07e-12,68.9
3ntdB,1geuA,25.505,396,242,13,53,441,83,432,4.37e-12,68.6
3ntdB,3urhA,27.876,226,130,7,156,376,178,375,4.46e-12,68.6
3ntdB,3q6jB,24.380,242,140,7,108,342,176,381,8.26e-11,64.7
3ntdB,2c3dA,24.380,242,140,7,108,342,176,381,8.26e-11,64.7
3ntdB,2c3cB,24.380,242,140,7,108,342,176,381,8.26e-11,64.7
3ntdB,2c3cA,24.380,242,140,7,108,342,176,381,8.26e-11,64.7
3ntdB,1mo9B,24.380,242,140,7,108,342,176,381,8.26e-11,64.7
3ntdB,1mo9A,24.380,242,140,7,108,342,176,381,8.26e-11,64.7
3ntdB,1m6iA,27.915,283,162,13,73,343,96,348,8.76e-11,64.3
3ntdB,4emjA,26.667,225,136,7,80,303,79,275,9.18e-11,63.9
3ntdB,2eq9G,25.685,292,170,9,88,372,112,363,9.34e-11,64.3
3ntdB,2eq6A,25.685,292,170,9,88,372,112,363,9.34e-11,64.3
3ntdB,4emiA,26.667,225,136,7,80,303,78,274,9.46e-11,63.9
3ntdB,4fdcB,27.915,283,162,13,73,343,98,350,9.61e-11,64.3
3ntdB,3ef6A,26.667,225,136,7,80,303,77,273,1.05e-10,63.9
3ntdB,1onfA,24.051,237,141,10,108,341,117,317,3.16e-10,62.4
3ntdB,2rabA,26.749,243,130,9,105,341,127,327,3.23e-10,62.4
3ntdB,2rabB,26.749,243,130,9,105,341,127,327,3.57e-10,62.4
3ntdB,1dxlD,26.609,233,122,9,156,375,179,375,3.83e-10,62.4
3ntdB,1dxlC,26.609,233,122,9,156,375,179,375,3.83e-10,62.4
3ntdB,1dxlB,26.609,233,122,9,156,375,179,375,3.83e-10,62.4
3ntdB,1dxlA,26.609,233,122,9,156,375,179,375,3.83e-10,62.4
3ntdB,3gd4B,26.502,283,166,12,73,343,96,348,7.34e-10,61.2
3ntdB,3gd3C,26.502,283,166,12,73,343,97,349,7.52e-10,61.6
3ntdB,3gd3A,26.502,283,166,12,73,343,97,349,7.86e-10,61.2
3ntdB,3gd3D,26.502,283,166,12,73,343,97,349,7.89e-10,61.2
3ntdB,3gd4A,26.502,283,166,12,73,343,97,349,8.67e-10,61.2
3ntdB,3gd3B,26.502,283,166,12,73,343,98,350,1.05e-09,60.8
3ntdB,2r9zB,27.049,244,129,10,105,341,128,329,1.07e-09,60.8
3ntdB,2r9zA,27.049,244,129,10,105,341,126,327,1.18e-09,60.8
3ntdB,1gv4A,26.596,282,165,12,73,342,104,355,1.70e-09,60.5
3ntdB,1getA,25.635,394,232,14,53,435,83,426,2.50e-09,59.7
3ntdB,1gerA,25.635,394,232,14,53,435,83,426,2.50e-09,59.7
3ntdB,1getB,25.635,394,232,14,53,435,84,427,2.78e-09,59.7
3ntdB,2qaeA,22.615,283,180,8,97,376,128,374,4.54e-09,58.9
3ntdB,3kljA,24.932,365,212,14,3,362,4,311,6.40e-09,58.2
3ntdB,1aogA,26.149,348,194,18,87,417,130,431,1.00e-08,57.8
3ntdB,1xdiA,26.721,247,132,8,98,337,130,334,1.03e-08,57.8
3ntdB,1bzlA,26.149,348,194,18,87,417,131,432,1.06e-08,57.8
3ntdB,1gxfA,26.149,348,194,18,87,417,129,430,1.16e-08,57.8
3ntdB,1bzlB,26.149,348,194,18,87,417,128,429,1.24e-08,57.8
3ntdB,1aogB,26.149,348,194,18,87,417,128,429,1.24e-08,57.8
3ntdB,4adwB,25.360,347,197,17,53,384,96,395,2.24e-08,57.0
3ntdB,4adwA,25.360,347,197,17,53,384,96,395,2.24e-08,57.0
3ntdB,2yauB,25.360,347,197,17,53,384,96,395,2.24e-08,57.0
3ntdB,2yauA,25.360,347,197,17,53,384,96,395,2.24e-08,57.0
3ntdB,2jk6A,25.360,347,197,17,53,384,96,395,2.26e-08,57.0
3ntdB,2w0hA,25.360,347,197,17,53,384,95,394,2.65e-08,56.6
3ntdB,1zy8J,23.143,350,224,12,98,439,133,445,3.66e-08,56.2
3ntdB,1zy8I,23.143,350,224,12,98,439,133,445,3.66e-08,56.2
3ntdB,1zy8G,23.143,350,224,12,98,439,133,445,3.66e-08,56.2
3ntdB,1zy8E,23.143,350,224,12,98,439,133,445,3.66e-08,56.2
3ntdB,1zy8D,23.143,350,224,12,98,439,133,445,3.66e-08,56.2
3ntdB,1zy8C,23.143,350,224,12,98,439,133,445,3.66e-08,56.2
3ntdB,1zy8A,23.143,350,224,12,98,439,133,445,3.66e-08,56.2
3ntdB,1zmdF,23.143,350,224,12,98,439,130,442,3.87e-08,55.8
3ntdB,1zmdB,23.143,350,224,12,98,439,130,442,3.87e-08,55.8
3ntdB,1zmcH,23.143,350,224,12,98,439,130,442,3.87e-08,55.8
3ntdB,1zmcF,23.143,350,224,12,98,439,130,442,3.87e-08,55.8
3ntdB,1zmcB,23.143,350,224,12,98,439,130,442,3.87e-08,55.8
3ntdB,1zmdG,23.143,350,224,12,98,439,131,443,3.95e-08,55.8
3ntdB,1zmdD,23.143,350,224,12,98,439,131,443,3.95e-08,55.8
3ntdB,1zmdA,23.143,350,224,12,98,439,131,443,3.95e-08,55.8
3ntdB,1zmcG,23.143,350,224,12,98,439,131,443,3.95e-08,55.8
3ntdB,1zmcA,23.143,350,224,12,98,439,131,443,3.95e-08,55.8
3ntdB,5grtA,23.370,368,217,13,5,340,7,341,6.65e-08,55.1
3ntdB,4grtA,23.370,368,217,13,5,340,7,341,6.65e-08,55.1
3ntdB,3grtA,23.370,368,217,13,5,340,7,341,6.65e-08,55.1
3ntdB,2grtA,23.370,368,217,13,5,340,7,341,6.65e-08,55.1
3ntdB,1tytB,24.419,344,204,16,53,384,95,394,3.24e-07,53.1
3ntdB,1tytA,24.419,344,204,16,53,384,96,395,3.33e-07,53.1
3ntdB,1feaA,24.419,344,204,16,53,384,95,394,3.38e-07,53.1
3ntdB,1typA,24.419,344,204,16,53,384,96,395,3.79e-07,52.8
3ntdB,1feaD,24.419,344,204,16,53,384,95,394,3.91e-07,52.8
3ntdB,1feaB,24.419,344,204,16,53,384,95,394,3.91e-07,52.8
3ntdB,1typB,25.417,240,139,11,152,384,188,394,3.99e-07,52.8
3ntdB,4gr1A,27.513,189,115,5,154,340,173,341,4.61e-07,52.8
3ntdB,3sqpA,27.513,189,115,5,154,340,173,341,4.61e-07,52.8
3ntdB,3djgX,27.513,189,115,5,154,340,173,341,4.61e-07,52.8
3ntdB,2gh5B,27.513,189,115,5,154,340,173,341,4.61e-07,52.8
3ntdB,2gh5A,27.513,189,115,5,154,340,173,341,4.61e-07,52.8
3ntdB,2aaqA,27.513,189,115,5,154,340,173,341,4.61e-07,52.8
3ntdB,1xanA,27.513,189,115,5,154,340,173,341,4.61e-07,52.8
3ntdB,1greA,27.513,189,115,5,154,340,173,341,4.61e-07,52.8
3ntdB,1grbA,27.513,189,115,5,154,340,173,341,4.61e-07,52.8
3ntdB,1graA,27.513,189,115,5,154,340,173,341,4.61e-07,52.8
3ntdB,1dncA,27.513,189,115,5,154,340,173,341,4.61e-07,52.8
3ntdB,1bwcA,27.513,189,115,5,154,340,173,341,4.61e-07,52.8
3ntdB,3dk8A,27.513,189,115,5,154,340,174,342,4.74e-07,52.4
3ntdB,3dk4A,27.513,189,115,5,154,340,174,342,4.74e-07,52.4
3ntdB,3djjA,27.513,189,115,5,154,340,174,342,4.74e-07,52.4
3ntdB,1v59B,25.869,259,164,7,161,415,193,427,1.14e-06,51.2
3ntdB,1v59A,25.869,259,164,7,161,415,193,427,1.14e-06,51.2
3ntdB,1jehA,25.869,259,164,7,161,415,193,427,1.14e-06,51.2
3ntdB,3l8kA,22.000,250,143,8,98,337,124,331,1.90e-06,50.4
3ntdB,3ctyA,38.462,52,32,0,252,303,224,275,3.17e-05,46.2
3ntdB,2hqmB,23.656,186,114,5,156,340,181,339,9.68e-05,45.1
3ntdB,2hqmA,23.656,186,114,5,156,340,181,339,9.68e-05,45.1
3ntdB,3dgzA,24.380,242,138,9,156,389,187,391,1.45e-04,44.7
3ntdB,1zkqA,24.380,242,138,9,156,389,187,391,1.45e-04,44.7
3ntdB,1zdlA,24.380,242,138,9,156,389,186,390,1.61e-04,44.7
3ntdB,3f8rA,26.490,151,88,4,156,304,148,277,7.15e-04,42.0
3ntdB,3f8rB,26.490,151,88,4,156,304,149,278,7.43e-04,42.0
3ntdB,3f8dA,26.490,151,88,4,156,304,148,277,7.81e-04,42.0
3ntdB,3f8rC,26.490,151,88,4,156,304,147,276,8.00e-04,42.0
3ntdB,3f8pA,26.490,151,88,4,156,304,147,276,8.00e-04,42.0
3ntdB,1bhyA,34.091,88,46,3,257,342,276,353,0.002,40.8
3ntdB,3ii4A,24.126,286,178,9,162,439,181,435,0.003,40.4
3ntdB,3ii4B,24.126,286,178,9,162,439,182,436,0.003,40.4
3ntdB,2a8xA,24.126,286,178,9,162,439,182,436,0.003,40.4
3ntdB,3f8rD,26.846,149,82,4,156,304,147,268,0.003,40.0
