3of3B,3of3A,100.000,240,0,0,1,240,1,240,3.11e-179,491
3of3B,1vhwB,99.578,237,1,0,1,237,1,237,1.46e-176,484
3of3B,1vhwA,99.578,237,1,0,1,237,1,237,1.46e-176,484
3of3B,3occC,79.237,236,49,0,3,238,1,236,3.63e-143,400
3of3B,3ut6C,80.169,237,47,0,1,237,1,237,5.16e-142,397
3of3B,3ut6B,80.169,237,47,0,1,237,1,237,5.16e-142,397
3of3B,1pw7C,80.169,237,47,0,1,237,1,237,5.16e-142,397
3of3B,1pw7B,80.169,237,47,0,1,237,1,237,5.16e-142,397
3of3B,1pw7A,80.169,237,47,0,1,237,1,237,5.16e-142,397
3of3B,1pkeB,80.169,237,47,0,1,237,1,237,5.16e-142,397
3of3B,1pkeA,80.169,237,47,0,1,237,1,237,5.16e-142,397
3of3B,1pk7B,80.169,237,47,0,1,237,1,237,5.16e-142,397
3of3B,1pk7A,80.169,237,47,0,1,237,1,237,5.16e-142,397
3of3B,1ou4C,80.169,237,47,0,1,237,1,237,5.16e-142,397
3of3B,1ou4A,80.169,237,47,0,1,237,1,237,5.16e-142,397
3of3B,1otyC,80.169,237,47,0,1,237,1,237,5.16e-142,397
3of3B,1otyB,80.169,237,47,0,1,237,1,237,5.16e-142,397
3of3B,1otyA,80.169,237,47,0,1,237,1,237,5.16e-142,397
3of3B,1k9sA,80.169,237,47,0,1,237,1,237,5.16e-142,397
3of3B,1a69B,80.169,237,47,0,1,237,1,237,5.16e-142,397
3of3B,1a69A,80.169,237,47,0,1,237,1,237,5.16e-142,397
3of3B,1ovgC,79.747,237,48,0,1,237,1,237,2.59e-141,395
3of3B,1ovgB,79.747,237,48,0,1,237,1,237,2.59e-141,395
3of3B,1ovgA,79.747,237,48,0,1,237,1,237,2.59e-141,395
3of3B,1ov6C,79.747,237,48,0,1,237,1,237,2.59e-141,395
3of3B,1ov6B,79.747,237,48,0,1,237,1,237,2.59e-141,395
3of3B,1ov6A,79.747,237,48,0,1,237,1,237,2.59e-141,395
3of3B,1oumC,79.747,237,48,0,1,237,1,237,2.59e-141,395
3of3B,1oumB,79.747,237,48,0,1,237,1,237,2.59e-141,395
3of3B,1oumA,79.747,237,48,0,1,237,1,237,2.59e-141,395
3of3B,1pr4C,79.747,237,45,1,1,237,1,234,4.43e-139,389
3of3B,1pr6B,79.325,237,45,1,1,237,1,233,4.57e-138,387
3of3B,1a69C,78.903,237,46,1,1,237,1,233,1.76e-137,385
3of3B,1pr4A,78.903,237,45,1,1,237,1,232,5.48e-137,384
3of3B,3ooeE,77.215,237,44,1,1,237,1,227,7.33e-133,373
3of3B,3uawA,55.217,230,103,0,4,233,3,232,3.37e-95,278
3of3B,3uayA,54.783,230,104,0,4,233,3,232,1.28e-94,276
3of3B,4daoB,55.895,229,100,1,4,232,3,230,1.39e-92,271
3of3B,4daoA,55.895,229,100,1,4,232,3,230,1.39e-92,271
3of3B,4da0A,55.895,229,100,1,4,232,3,230,1.39e-92,271
3of3B,4dabA,55.895,229,100,1,4,232,3,230,1.47e-92,271
3of3B,4da7A,55.895,229,100,1,4,232,3,230,1.47e-92,271
3of3B,4d9hA,55.895,229,100,1,4,232,3,230,1.47e-92,271
3of3B,4d8vB,55.895,229,100,1,4,232,3,230,1.47e-92,271
3of3B,4d8vA,55.895,229,100,1,4,232,3,230,1.47e-92,271
3of3B,4d9hB,55.459,229,99,1,4,232,3,228,1.47e-91,269
3of3B,2i4tB,55.794,233,103,0,1,233,1,233,7.30e-90,265
3of3B,3uavA,53.043,230,102,1,4,233,3,226,1.53e-88,261
3of3B,1z38A,54.506,233,101,1,1,233,1,228,5.36e-85,252
3of3B,1z37A,54.506,233,101,1,1,233,1,228,5.36e-85,252
3of3B,1z35A,54.506,233,101,1,1,233,1,228,5.36e-85,252
3of3B,1z34A,54.506,233,101,1,1,233,1,228,5.36e-85,252
3of3B,2ac7A,51.754,228,99,1,4,231,3,219,6.71e-85,251
3of3B,2i4tA,54.077,233,101,1,1,233,1,227,2.34e-84,251
3of3B,2iscA,53.219,233,100,1,1,233,1,224,4.09e-82,244
3of3B,2i4tC,52.361,233,100,2,1,233,1,222,1.99e-78,235
3of3B,3u40B,47.162,229,119,2,2,229,7,234,4.18e-66,204
3of3B,3u40A,47.162,229,119,2,2,229,7,234,4.18e-66,204
3of3B,3u40D,46.957,230,120,2,2,230,10,238,4.35e-66,204
3of3B,3u40C,45.614,228,115,2,2,229,7,225,1.01e-61,193
3of3B,3u40F,45.175,228,114,2,2,229,7,223,1.33e-60,190
3of3B,1odlC,34.783,230,149,1,4,233,4,232,8.28e-46,152
3of3B,1odjD,34.783,230,149,1,4,233,4,232,8.28e-46,152
3of3B,1odjC,34.783,230,149,1,4,233,4,232,8.28e-46,152
3of3B,1odiC,34.783,230,149,1,4,233,4,232,8.28e-46,152
3of3B,1odiB,34.783,230,149,1,4,233,4,232,8.28e-46,152
3of3B,1odiA,34.783,230,149,1,4,233,4,232,8.28e-46,152
3of3B,3qpbR,33.878,245,134,10,4,232,6,238,1.12e-28,108
3of3B,3qpbD,35.961,203,116,6,4,195,6,205,1.67e-28,108
3of3B,3qpbN,35.961,203,116,6,4,195,5,204,1.86e-28,108
3of3B,3qpbG,35.961,203,116,6,4,195,5,204,1.86e-28,108
3of3B,3qpbB,35.961,203,116,6,4,195,6,205,1.92e-28,108
3of3B,3qpbA,35.961,203,116,6,4,195,6,205,1.92e-28,108
3of3B,1je1C,29.310,232,159,4,4,232,4,233,1.63e-24,97.4
3of3B,1jdvC,29.310,232,159,4,4,232,4,233,1.63e-24,97.4
3of3B,1je1B,28.571,231,158,4,4,232,4,229,1.33e-23,95.1
3of3B,1jdtB,28.571,231,158,4,4,232,4,229,1.33e-23,95.1
3of3B,1jdtA,28.571,231,158,4,4,232,4,229,1.33e-23,95.1
3of3B,1je1E,30.332,211,142,4,4,211,4,212,2.03e-23,94.4
3of3B,1jdtC,29.384,211,145,3,4,212,4,212,2.72e-23,94.0
3of3B,1je1A,28.571,231,160,4,4,232,3,230,4.21e-23,93.6
3of3B,1jdzC,29.756,205,140,3,4,206,3,205,4.98e-23,93.2
3of3B,1jdzA,29.756,205,140,3,4,206,3,205,4.98e-23,93.2
3of3B,1jdvD,29.756,205,140,3,4,206,4,206,5.19e-23,93.2
3of3B,1jdvB,29.756,205,140,3,4,206,4,206,5.19e-23,93.2
3of3B,1jdsA,29.756,205,140,3,4,206,3,205,5.65e-23,93.2
3of3B,3pnsE,28.099,242,153,7,4,228,4,241,9.51e-21,87.8
3of3B,3pnsB,28.099,242,152,8,4,228,4,240,5.07e-20,85.9
3of3B,3pnsD,28.099,242,152,8,4,228,5,241,5.38e-20,85.5
3of3B,3pnsG,29.524,210,127,7,4,196,5,210,5.68e-20,85.5
3of3B,3pnsF,29.524,210,127,7,4,196,5,210,5.68e-20,85.5
3of3B,3pnsK,29.524,210,127,7,4,196,6,211,6.34e-20,85.5
3of3B,3pnsJ,29.524,210,127,7,4,196,4,209,6.62e-20,85.5
3of3B,3c74D,26.939,245,158,7,4,231,6,246,1.20e-19,84.7
3of3B,2rj3A,26.939,245,158,7,4,231,5,245,1.35e-19,84.7
3of3B,1y1sE,26.939,245,158,7,4,231,5,245,1.35e-19,84.7
3of3B,1y1sF,26.939,245,158,7,4,231,5,245,1.35e-19,84.7
3of3B,1y1sA,26.939,245,158,7,4,231,5,245,1.35e-19,84.7
3of3B,1y1qA,26.939,245,158,7,4,231,5,245,1.35e-19,84.7
3of3B,1sj9B,26.939,245,158,7,4,231,5,245,1.35e-19,84.7
3of3B,2hwuA,26.939,245,158,7,4,231,8,248,1.36e-19,84.7
3of3B,2hn9A,26.939,245,158,7,4,231,8,248,1.36e-19,84.7
3of3B,3kvvA,28.261,230,143,8,4,215,5,230,2.46e-19,84.0
3of3B,1u1fA,28.261,230,143,8,4,215,5,230,2.46e-19,84.0
3of3B,1u1fB,26.939,245,158,7,4,231,6,246,2.48e-19,84.0
3of3B,1u1cB,26.939,245,158,7,4,231,6,246,2.48e-19,84.0
3of3B,1u1cA,26.939,245,158,7,4,231,8,248,2.54e-19,84.0
3of3B,1u1gF,26.939,245,158,7,4,231,5,245,2.68e-19,84.0
3of3B,1u1gC,26.939,245,158,7,4,231,5,245,2.68e-19,84.0
3of3B,1u1fC,26.939,245,158,7,4,231,5,245,2.68e-19,84.0
3of3B,1tgyB,26.939,245,158,7,4,231,5,245,2.68e-19,84.0
3of3B,1tgyA,26.939,245,158,7,4,231,5,245,2.68e-19,84.0
3of3B,1rxuR,26.939,245,158,7,4,231,5,245,2.68e-19,84.0
3of3B,1rxuN,26.939,245,158,7,4,231,5,245,2.68e-19,84.0
3of3B,1rxuF,26.939,245,158,7,4,231,5,245,2.68e-19,84.0
3of3B,1rxuA,26.939,245,158,7,4,231,5,245,2.68e-19,84.0
3of3B,1rxsA,26.939,245,158,7,4,231,5,245,2.68e-19,84.0
3of3B,1rxcJ,26.939,245,158,7,4,231,5,245,2.68e-19,84.0
3of3B,1rxcF,26.939,245,158,7,4,231,5,245,2.68e-19,84.0
3of3B,1rxcD,26.939,245,158,7,4,231,5,245,2.68e-19,84.0
3of3B,1rxcB,26.939,245,158,7,4,231,5,245,2.68e-19,84.0
3of3B,2hn9D,29.048,210,128,7,4,196,5,210,3.26e-19,83.6
3of3B,2hwuC,29.048,210,128,7,4,196,6,211,3.38e-19,83.6
3of3B,2oecF,29.048,210,128,7,4,196,5,210,3.47e-19,83.6
3of3B,1y1qF,29.048,210,128,7,4,196,5,210,3.65e-19,83.6
3of3B,1y1qE,29.048,210,128,7,4,196,5,210,3.84e-19,83.2
3of3B,2hn9B,29.048,210,128,7,4,196,5,210,3.86e-19,83.2
3of3B,3c74A,29.048,210,128,7,4,196,5,210,3.87e-19,83.2
3of3B,2i8aB,29.048,210,128,7,4,196,6,211,3.95e-19,83.2
3of3B,3c74F,29.048,210,128,7,4,196,5,210,4.03e-19,83.2
3of3B,4e1vG,29.048,210,128,7,4,196,5,210,4.03e-19,83.2
3of3B,2pgaB,29.048,210,128,7,4,196,5,210,4.05e-19,83.2
3of3B,3c74B,29.048,210,128,7,4,196,6,211,4.13e-19,83.2
3of3B,2hrdF,29.048,210,128,7,4,196,7,212,4.16e-19,83.2
3of3B,2hrdD,29.048,210,128,7,4,196,5,210,4.30e-19,83.2
3of3B,3c74E,29.048,210,128,7,4,196,5,210,4.35e-19,83.2
3of3B,2oecB,29.048,210,128,7,4,196,6,211,4.47e-19,83.2
3of3B,2pgaF,29.048,210,128,7,4,196,6,211,4.50e-19,83.2
3of3B,1zl2F,29.048,210,128,7,4,196,6,211,4.50e-19,83.2
3of3B,2pgaD,29.048,210,128,7,4,196,5,210,4.58e-19,83.2
3of3B,1zl2D,29.048,210,128,7,4,196,5,210,4.58e-19,83.2
3of3B,1y1rD,29.048,210,128,7,4,196,5,210,4.58e-19,83.2
3of3B,1rxcA,29.048,210,128,7,4,196,5,210,5.58e-19,82.8
3of3B,1u1cD,29.048,210,128,7,4,196,5,210,6.40e-19,82.8
3of3B,1tgvB,29.048,210,128,7,4,196,5,210,6.40e-19,82.8
3of3B,1rxsO,29.048,210,128,7,4,196,5,210,6.44e-19,82.8
3of3B,1rxsQ,29.048,210,128,7,4,196,5,210,6.44e-19,82.8
3of3B,1rxsF,29.048,210,128,7,4,196,5,210,6.44e-19,82.8
3of3B,1rxsE,29.048,210,128,7,4,196,5,210,6.44e-19,82.8
3of3B,1rxsD,29.048,210,128,7,4,196,5,210,6.44e-19,82.8
3of3B,1rxsC,29.048,210,128,7,4,196,5,210,6.44e-19,82.8
3of3B,1rxsB,29.048,210,128,7,4,196,5,210,6.44e-19,82.8
3of3B,1rxcC,29.048,210,128,7,4,196,5,210,6.44e-19,82.8
3of3B,3kvvB,29.048,210,128,7,4,196,6,211,6.71e-19,82.8
3of3B,3emvA,30.319,188,119,6,4,185,8,189,8.44e-16,74.3
3of3B,3mb8B,28.571,203,135,7,3,202,9,204,4.47e-15,72.4
3of3B,3mb8A,28.571,203,135,7,3,202,9,204,4.47e-15,72.4
3of3B,3fowB,30.159,189,118,7,4,185,5,186,6.61e-14,68.9
3of3B,3fowA,30.159,189,118,7,4,185,5,186,7.04e-14,68.9
3of3B,2bsxA,27.468,233,151,8,4,229,7,228,1.07e-13,68.6
3of3B,3phcA,29.101,189,120,7,4,185,5,186,4.42e-13,66.6
3of3B,3enzF,29.101,189,120,7,4,185,5,186,4.42e-13,66.6
3of3B,1q1gB,29.101,189,120,7,4,185,5,186,4.42e-13,66.6
3of3B,1q1gA,29.101,189,120,7,4,185,5,186,4.42e-13,66.6
3of3B,1nw4F,29.101,189,120,7,4,185,5,186,4.42e-13,66.6
3of3B,1nw4B,29.101,189,120,7,4,185,5,186,4.42e-13,66.6
3of3B,1nw4A,29.101,189,120,7,4,185,5,186,4.42e-13,66.6
3of3B,3enzD,29.101,189,120,7,4,185,5,186,4.75e-13,66.6
3of3B,3enzA,29.101,189,120,7,4,185,5,186,4.75e-13,66.6
3of3B,3enzC,29.101,189,120,7,4,185,5,186,4.82e-13,66.6
3of3B,3bjeB,27.200,125,63,3,2,98,10,134,4.50e-07,50.1
3of3B,3bjeA,27.200,125,63,3,2,98,10,134,4.50e-07,50.1
3of3B,4g89B,24.378,201,119,5,48,226,35,224,1.83e-06,47.8
3of3B,4g89A,24.378,201,119,5,48,226,35,224,1.83e-06,47.8
3of3B,1zosA,23.618,199,125,5,22,204,10,197,2.54e-05,44.3
3of3B,3dp9A,23.383,201,121,5,48,231,33,217,3.22e-05,43.9
3of3B,3mmsA,34.118,85,54,2,22,106,10,92,6.76e-05,42.7
3of3B,3bl6A,37.288,59,37,0,48,106,35,93,1.01e-04,42.4
3of3B,3nm6B,21.466,191,132,5,44,226,32,212,2.58e-04,41.2
3of3B,3nm5B,21.466,191,132,5,44,226,32,212,2.58e-04,41.2
3of3B,3nm5A,21.466,191,132,5,44,226,32,212,2.58e-04,41.2
3of3B,4ffsA,21.466,191,132,5,44,226,35,215,2.74e-04,41.2
3of3B,2xrfA,33.929,112,62,5,2,105,27,134,0.002,38.9
3of3B,2xrfC,33.945,109,63,4,2,105,27,131,0.008,37.0
3of3B,3kvrB,24.473,237,139,11,12,214,36,266,0.009,37.0
