3rwlA,3rwlA,98.297,411,0,1,1,411,1,404,0.0,831
3rwlA,4apyA,32.468,385,241,9,27,401,24,399,4.48e-54,184
3rwlA,1cptA,28.607,402,272,7,14,408,15,408,1.23e-51,178
3rwlA,2x5wA,32.055,365,231,9,49,407,52,405,4.72e-51,176
3rwlA,2x5lA,32.055,365,231,9,49,407,51,404,5.56e-51,176
3rwlA,2wm5A,29.820,389,254,10,29,407,43,422,7.70e-49,171
3rwlA,2wm4A,29.592,392,254,10,29,407,41,423,1.37e-48,171
3rwlA,2xc3A,31.755,359,223,9,49,401,52,394,3.57e-48,169
3rwlA,3iw2A,31.564,358,221,9,49,401,51,389,5.70e-48,168
3rwlA,3iw1A,31.564,358,221,9,49,401,51,389,5.70e-48,168
3rwlA,1io7A,29.487,390,244,12,27,411,3,366,8.85e-46,161
3rwlA,1f4uA,29.487,390,244,12,27,411,3,366,8.85e-46,161
3rwlA,1f4tB,29.487,390,244,12,27,411,3,366,1.06e-45,161
3rwlA,1f4tA,29.487,390,244,12,27,411,3,366,1.06e-45,161
3rwlA,1io7B,29.820,389,237,12,27,411,3,359,2.41e-44,157
3rwlA,3tktA,29.639,388,257,8,29,408,28,407,2.51e-44,159
3rwlA,2yooA,28.244,393,261,8,19,407,12,387,1.02e-43,157
3rwlA,2yooD,28.244,393,261,8,19,407,11,386,1.05e-43,157
3rwlA,2yooC,28.244,393,261,8,19,407,11,386,1.08e-43,157
3rwlA,2yooB,28.244,393,261,8,19,407,11,386,1.08e-43,157
3rwlA,3zbyF,28.244,393,261,8,19,407,15,390,1.46e-43,156
3rwlA,3zbyE,28.244,393,261,8,19,407,15,390,1.46e-43,156
3rwlA,3zbyD,28.244,393,261,8,19,407,15,390,1.46e-43,156
3rwlA,3zbyC,28.244,393,261,8,19,407,15,390,1.46e-43,156
3rwlA,3zbyA,28.244,393,261,8,19,407,15,390,1.46e-43,156
3rwlA,3zbyB,28.244,393,261,8,19,407,15,390,1.57e-43,156
3rwlA,3mgxA,31.629,313,203,5,96,408,82,383,2.26e-43,155
3rwlA,1xqdA,29.235,366,243,8,29,387,18,374,1.34e-42,154
3rwlA,1cmnA,28.962,366,244,8,29,387,18,374,2.44e-42,153
3rwlA,2romA,28.962,366,244,8,29,387,18,374,8.49e-42,152
3rwlA,1jfbA,28.962,366,244,8,29,387,18,374,8.49e-42,152
3rwlA,1geiA,28.962,366,244,8,29,387,18,374,8.49e-42,152
3rwlA,1gedA,28.962,366,244,8,29,387,18,374,8.49e-42,152
3rwlA,1cl6A,28.962,366,244,8,29,387,18,374,8.49e-42,152
3rwlA,2xkrA,28.177,362,241,6,51,407,39,386,2.27e-41,150
3rwlA,2rfcD,29.474,380,217,13,35,407,2,337,2.72e-41,149
3rwlA,2rfcC,29.474,380,217,13,35,407,2,337,2.72e-41,149
3rwlA,2rfcB,29.474,380,217,13,35,407,2,337,2.72e-41,149
3rwlA,2rfcA,29.474,380,217,13,35,407,2,337,2.72e-41,149
3rwlA,2rfbA,29.474,380,217,13,35,407,2,337,2.72e-41,149
3rwlA,1f26A,28.689,366,245,8,29,387,18,374,3.52e-41,150
3rwlA,2rfbB,29.396,381,217,13,32,407,1,334,5.20e-41,148
3rwlA,1ue8A,28.645,391,244,14,27,410,3,365,3.29e-37,139
3rwlA,3ejbH,28.035,346,206,6,51,390,60,368,1.29e-36,137
3rwlA,3ejbD,27.988,343,204,6,51,387,60,365,2.08e-36,137
3rwlA,3ejeD,28.280,343,200,7,51,387,60,362,3.37e-36,136
3rwlA,3ejeF,28.035,346,201,7,51,390,57,360,5.55e-36,135
3rwlA,3ejeB,27.988,343,199,7,51,387,57,357,8.82e-36,135
3rwlA,3ejdD,27.988,343,202,7,51,387,60,363,1.88e-35,134
3rwlA,3ejdB,28.035,346,203,7,51,390,57,362,2.19e-35,134
3rwlA,3ejbF,27.988,343,200,7,51,387,56,357,2.37e-35,134
3rwlA,3ejbB,27.988,343,200,7,51,387,57,358,2.41e-35,134
3rwlA,3ejeH,27.988,343,201,7,51,387,60,362,2.93e-35,134
3rwlA,3ejdH,27.988,343,201,7,51,387,59,361,3.03e-35,134
3rwlA,3r9bA,28.261,322,221,5,95,409,73,391,3.63e-35,134
3rwlA,3ejdF,27.988,343,202,7,51,387,57,360,3.68e-35,133
3rwlA,3r9cA,28.261,322,221,5,95,409,82,400,5.52e-35,133
3rwlA,2whfA,27.945,365,244,8,29,387,19,370,2.70e-33,129
3rwlA,2uuqA,27.945,365,244,8,29,387,19,370,2.70e-33,129
3rwlA,2uvnA,28.219,365,245,9,29,387,19,372,4.56e-33,128
3rwlA,2wh8A,27.945,365,243,8,29,387,19,369,6.34e-33,127
3rwlA,2uvnB,27.945,365,242,9,29,387,18,367,5.93e-32,125
3rwlA,3e5jA,30.263,304,192,9,100,395,81,372,8.89e-32,124
3rwlA,3e5kA,30.263,304,192,9,100,395,72,363,9.55e-32,124
3rwlA,3abaA,30.263,304,192,9,100,395,85,376,1.14e-31,124
3rwlA,3e5lA,30.263,304,192,9,100,395,85,376,1.23e-31,124
3rwlA,2jjpA,28.101,395,254,14,9,395,1,373,1.59e-31,124
3rwlA,2jjnA,29.096,354,226,11,50,395,35,371,1.94e-31,123
3rwlA,2xfhA,29.096,354,226,11,50,395,34,370,2.24e-31,123
3rwlA,2vrvA,29.096,354,226,11,50,395,34,370,2.54e-31,123
3rwlA,2jjoA,29.096,354,226,11,50,395,33,369,2.54e-31,123
3rwlA,3a51C,28.424,387,253,13,29,407,25,395,3.33e-30,120
3rwlA,3a50E,28.424,387,253,13,29,407,25,395,3.33e-30,120
3rwlA,3a50D,28.424,387,253,13,29,407,25,395,3.33e-30,120
3rwlA,3a50C,28.424,387,253,13,29,407,25,395,3.33e-30,120
3rwlA,3a4zC,28.424,387,253,13,29,407,25,395,3.33e-30,120
3rwlA,3a51D,28.424,387,253,13,29,407,25,395,3.66e-30,120
3rwlA,3a51B,28.424,387,253,13,29,407,25,395,3.66e-30,120
3rwlA,3a51A,28.424,387,253,13,29,407,25,395,3.66e-30,120
3rwlA,3a50B,28.424,387,253,13,29,407,25,395,3.66e-30,120
3rwlA,3a50A,28.424,387,253,13,29,407,25,395,3.66e-30,120
3rwlA,3a4zB,28.424,387,253,13,29,407,25,395,3.66e-30,120
3rwlA,3a4zA,28.424,387,253,13,29,407,25,395,3.66e-30,120
3rwlA,3a4gA,28.165,387,254,13,29,407,18,388,1.12e-29,119
3rwlA,4dnjA,27.707,314,216,5,100,409,90,396,2.16e-29,118
3rwlA,2fr7A,27.707,314,216,5,100,409,88,394,2.27e-29,117
3rwlA,2z36A,25.737,373,259,9,29,394,19,380,5.84e-29,117
3rwlA,4fxbA,27.078,373,247,8,29,394,18,372,7.46e-29,116
3rwlA,3tywC,26.276,392,265,9,29,410,19,396,2.13e-28,115
3rwlA,3tywA,26.276,392,265,9,29,410,19,396,2.19e-28,115
3rwlA,2zbyA,26.557,305,207,8,96,394,88,381,8.79e-28,113
3rwlA,2zbxA,26.557,305,207,8,96,394,84,377,1.01e-27,113
3rwlA,3cv9A,26.557,305,207,8,96,394,88,381,1.04e-27,113
3rwlA,2zbzA,26.557,305,207,8,96,394,92,385,1.06e-27,113
3rwlA,1pkfA,27.128,376,247,8,30,391,20,382,1.80e-27,112
3rwlA,1q5dA,27.128,376,247,8,30,391,18,380,3.92e-27,111
3rwlA,1q5eA,27.128,376,247,8,30,391,21,383,4.63e-27,111
3rwlA,2d0eA,27.513,378,233,13,50,410,49,402,5.91e-27,111
3rwlA,2whwB,25.000,388,268,9,29,408,19,391,9.35e-27,110
3rwlA,2vz7B,25.000,388,268,9,29,408,19,391,9.35e-27,110
3rwlA,2wi9A,25.000,388,268,9,29,408,21,393,9.81e-27,110
3rwlA,2whwA,25.000,388,268,9,29,408,21,393,9.81e-27,110
3rwlA,2vz7A,25.000,388,268,9,29,408,21,393,9.81e-27,110
3rwlA,2vzmA,25.000,388,268,9,29,408,21,393,9.88e-27,110
3rwlA,2vzmB,25.000,388,268,9,29,408,20,392,9.95e-27,110
3rwlA,4fxbB,26.810,373,234,10,29,394,13,353,1.00e-26,110
3rwlA,2cd8A,26.708,322,220,7,95,408,78,391,1.04e-26,110
3rwlA,2wi9B,25.000,388,268,9,29,408,19,391,1.04e-26,110
3rwlA,2cd8B,26.708,322,220,7,95,408,78,391,1.17e-26,110
3rwlA,2ca0B,26.708,322,220,7,95,408,78,391,1.21e-26,110
3rwlA,2ca0A,26.708,322,220,7,95,408,78,391,1.21e-26,110
3rwlA,2c6hA,26.708,322,220,7,95,408,78,391,1.21e-26,110
3rwlA,2d09A,27.467,375,231,13,50,407,49,399,1.29e-26,110
3rwlA,1t93A,27.467,375,231,13,50,407,49,399,1.30e-26,110
3rwlA,2c7xA,26.708,322,220,7,95,408,81,394,1.32e-26,110
3rwlA,2c6hB,26.708,322,220,7,95,408,78,391,1.46e-26,110
3rwlA,2bvjA,26.708,322,220,7,95,408,78,391,1.46e-26,110
3rwlA,1s1fA,27.441,379,232,13,50,411,45,397,1.53e-26,110
3rwlA,4fb2B,25.140,358,240,9,28,381,23,356,6.10e-26,108
3rwlA,4fb2A,25.140,358,240,9,28,381,23,356,6.10e-26,108
3rwlA,4fyzB,25.070,359,243,9,28,381,23,360,7.29e-26,108
3rwlA,4fyzA,25.070,359,243,9,28,381,23,360,7.29e-26,108
3rwlA,4fmxB,25.070,359,243,9,28,381,23,360,7.29e-26,108
3rwlA,4fmxA,25.070,359,243,9,28,381,23,360,7.29e-26,108
3rwlA,1t2bB,25.070,359,243,9,28,381,23,360,7.29e-26,108
3rwlA,1t2bA,25.070,359,243,9,28,381,23,360,7.29e-26,108
3rwlA,3be0B,25.070,359,243,9,28,381,23,360,7.66e-26,108
3rwlA,3be0A,25.070,359,243,9,28,381,23,360,7.66e-26,108
3rwlA,3bdzA,25.070,359,243,9,28,381,23,360,7.66e-26,108
3rwlA,2ycaA,27.483,302,199,8,95,387,78,368,7.32e-25,105
3rwlA,2y98A,27.483,302,199,8,95,387,78,368,7.32e-25,105
3rwlA,2y5zA,27.483,302,199,8,95,387,78,368,7.32e-25,105
3rwlA,2y46C,27.483,302,199,8,95,387,78,368,7.32e-25,105
3rwlA,2y46B,27.483,302,199,8,95,387,78,368,7.32e-25,105
3rwlA,2y46A,27.483,302,199,8,95,387,78,368,7.32e-25,105
3rwlA,2y5zB,27.483,302,199,8,95,387,79,369,7.63e-25,105
3rwlA,3zsnC,27.483,302,199,8,95,387,78,368,9.79e-25,104
3rwlA,1se6A,26.720,378,218,12,50,410,48,383,1.62e-24,103
3rwlA,2wivA,23.333,390,266,8,28,407,22,388,1.92e-24,103
3rwlA,4ep6A,23.333,390,266,8,28,407,23,389,1.93e-24,103
3rwlA,3abbA,26.298,289,197,5,96,382,75,349,2.02e-24,103
3rwlA,4egmB,23.691,363,262,6,50,409,41,391,4.40e-24,102
3rwlA,4egpB,23.691,363,262,6,50,409,40,390,4.43e-24,102
3rwlA,4egpA,23.691,363,262,6,50,409,40,390,4.43e-24,102
3rwlA,4egoD,23.691,363,262,6,50,409,40,390,4.43e-24,102
3rwlA,4egoC,23.691,363,262,6,50,409,40,390,4.43e-24,102
3rwlA,4egoB,23.691,363,262,6,50,409,40,390,4.43e-24,102
3rwlA,4egoA,23.691,363,262,6,50,409,40,390,4.43e-24,102
3rwlA,4egnC,23.691,363,262,6,50,409,40,390,4.43e-24,102
3rwlA,4egnB,23.691,363,262,6,50,409,40,390,4.43e-24,102
3rwlA,4egmA,23.691,363,262,6,50,409,40,390,4.43e-24,102
3rwlA,4do1C,23.691,363,262,6,50,409,40,390,4.43e-24,102
3rwlA,4do1B,23.691,363,262,6,50,409,40,390,4.43e-24,102
3rwlA,4do1A,23.691,363,262,6,50,409,40,390,4.43e-24,102
3rwlA,4dnzD,23.691,363,262,6,50,409,40,390,4.43e-24,102
3rwlA,4dnzB,23.691,363,262,6,50,409,40,390,4.43e-24,102
3rwlA,4dnzA,23.691,363,262,6,50,409,40,390,4.43e-24,102
3rwlA,1uedB,29.967,307,195,9,100,399,88,381,7.59e-24,102
3rwlA,1uedA,29.316,307,196,8,100,399,89,381,8.36e-24,102
3rwlA,1z8qA,26.791,321,222,6,95,409,88,401,8.89e-24,102
3rwlA,1oxaA,26.791,321,222,6,95,409,88,401,9.15e-24,102
3rwlA,1jinA,26.791,321,222,6,95,409,88,401,9.15e-24,102
3rwlA,1eupA,26.791,321,222,6,95,409,88,401,9.15e-24,102
3rwlA,1egyA,26.791,321,222,6,95,409,88,401,9.15e-24,102
3rwlA,1z8pA,26.480,321,223,6,95,409,88,401,2.37e-23,100
3rwlA,1jipA,26.480,321,223,6,95,409,88,401,2.37e-23,100
3rwlA,1z8oA,26.480,321,223,6,95,409,87,400,3.25e-23,100
3rwlA,1jioA,26.480,321,223,6,95,409,88,401,3.61e-23,100
3rwlA,3o1aA,24.804,383,249,13,23,395,12,365,5.02e-22,97.1
3rwlA,3p3lB,26.510,298,209,4,98,390,89,381,5.55e-22,97.1
3rwlA,3p3lA,26.510,298,209,4,98,390,89,381,5.55e-22,97.1
3rwlA,1lfkA,23.988,346,236,8,49,391,32,353,5.86e-22,96.7
3rwlA,2z3tC,25.895,363,226,10,29,378,22,354,8.49e-22,96.3
3rwlA,3p3oA,26.510,298,209,4,98,390,102,394,9.35e-22,96.7
3rwlA,3p3zA,26.510,298,209,4,98,390,93,385,9.61e-22,96.3
3rwlA,1odoA,25.688,327,221,9,95,410,80,395,1.24e-21,95.9
3rwlA,2xbkA,27.389,314,208,9,101,407,89,389,3.62e-21,94.4
3rwlA,3nc5B,24.250,400,237,16,28,407,17,370,5.17e-21,94.0
3rwlA,2nz5B,25.956,366,236,13,50,401,43,387,5.96e-21,94.0
3rwlA,2nz5A,25.956,366,236,13,50,401,43,387,5.96e-21,94.0
3rwlA,2dkkA,25.956,366,236,13,50,401,43,387,5.96e-21,94.0
3rwlA,2nzaA,25.956,366,236,13,50,401,43,387,6.88e-21,94.0
3rwlA,3nc7B,23.000,400,252,12,28,407,17,380,6.97e-21,93.6
3rwlA,2z3tA,26.027,365,225,11,29,378,22,356,8.59e-21,93.2
3rwlA,3ofuB,29.268,287,189,5,97,379,87,363,1.35e-20,92.8
3rwlA,3ofuA,29.268,287,189,5,97,379,87,363,1.35e-20,92.8
3rwlA,3oftA,29.268,287,189,5,97,379,87,363,1.35e-20,92.8
3rwlA,2x9pA,27.090,299,201,7,101,395,91,376,1.46e-20,92.8
3rwlA,3nc7A,24.000,400,243,16,28,407,18,376,1.52e-20,92.4
3rwlA,2nzaB,26.984,315,202,10,100,401,79,378,1.62e-20,92.4
3rwlA,3nc5A,23.000,400,253,13,28,407,17,381,2.53e-20,92.0
3rwlA,2z3tD,26.099,364,221,12,29,378,22,351,2.71e-20,91.7
3rwlA,3nc3A,22.362,398,253,11,28,407,18,377,3.46e-20,91.7
3rwlA,3nc6B,22.943,401,254,13,28,407,19,385,3.48e-20,91.7
3rwlA,3nc6A,23.750,400,239,16,28,407,18,371,3.70e-20,91.3
3rwlA,3nc3B,22.864,398,255,13,28,407,18,381,5.81e-20,90.9
3rwlA,3bujA,28.676,272,191,3,100,370,83,352,1.35e-19,90.1
3rwlA,3oftB,28.070,285,192,4,97,379,87,360,2.26e-19,89.4
3rwlA,3oftC,28.571,287,185,6,97,379,87,357,2.31e-18,86.3
3rwlA,3a1lA,25.886,367,248,10,29,378,23,382,1.21e-17,84.3
3rwlA,2z3uA,25.886,367,248,10,29,378,23,382,1.21e-17,84.3
3rwlA,3nv6A,26.408,284,205,4,99,381,94,374,4.09e-16,79.7
3rwlA,1n4gA,26.000,300,205,8,108,400,93,382,1.26e-15,78.2
3rwlA,3cxyA,25.667,300,208,8,108,400,92,383,1.58e-15,77.8
3rwlA,1gwiA,22.906,406,282,10,5,399,1,386,1.88e-15,77.8
3rwlA,3p6vA,25.256,293,207,8,93,382,79,362,4.12e-15,76.6
3rwlA,2ij7E,25.667,300,208,8,108,400,90,381,4.39e-15,76.3
3rwlA,2ij7D,25.667,300,208,8,108,400,90,381,4.39e-15,76.3
3rwlA,2ij7C,25.667,300,208,8,108,400,90,381,4.39e-15,76.3
3rwlA,2ij7B,25.667,300,208,8,108,400,90,381,4.39e-15,76.3
3rwlA,2ij7A,25.667,300,208,8,108,400,90,381,4.39e-15,76.3
3rwlA,4g48A,25.667,300,208,8,108,400,93,384,4.59e-15,76.3
3rwlA,4g47A,25.667,300,208,8,108,400,93,384,4.59e-15,76.3
3rwlA,4g46A,25.667,300,208,8,108,400,93,384,4.59e-15,76.3
3rwlA,4g45A,25.667,300,208,8,108,400,93,384,4.59e-15,76.3
3rwlA,4g44A,25.667,300,208,8,108,400,93,384,4.59e-15,76.3
3rwlA,4g2gA,25.667,300,208,8,108,400,93,384,4.59e-15,76.3
3rwlA,4g1xA,25.667,300,208,8,108,400,93,384,4.59e-15,76.3
3rwlA,3g5hA,25.667,300,208,8,108,400,93,384,4.59e-15,76.3
3rwlA,1n40A,25.667,300,208,8,108,400,93,384,4.59e-15,76.3
3rwlA,3nv5A,25.704,284,204,5,99,381,92,369,6.72e-15,75.9
3rwlA,3cy0A,25.667,300,208,8,108,400,93,384,6.79e-15,75.9
3rwlA,2zujA,24.825,286,205,7,98,382,93,369,9.60e-15,75.5
3rwlA,2ij5E,25.436,287,200,7,121,400,98,377,2.28e-14,74.3
3rwlA,1iwjA,24.825,286,205,7,98,382,93,369,2.76e-14,73.9
3rwlA,3p6oA,24.825,286,205,7,98,382,93,369,3.62e-14,73.6
3rwlA,3ol5A,24.825,286,205,7,98,382,93,369,3.62e-14,73.6
3rwlA,3oiaA,24.825,286,205,7,98,382,93,369,3.62e-14,73.6
3rwlA,2a1mB,24.825,286,205,7,98,382,93,369,3.62e-14,73.6
3rwlA,2a1mA,24.825,286,205,7,98,382,93,369,3.62e-14,73.6
3rwlA,1t88B,24.825,286,205,7,98,382,93,369,3.62e-14,73.6
3rwlA,1t87B,24.825,286,205,7,98,382,93,369,3.62e-14,73.6
3rwlA,1gjmA,24.825,286,205,7,98,382,93,369,3.62e-14,73.6
3rwlA,4ek1A,24.825,286,205,6,98,382,92,368,3.69e-14,73.6
3rwlA,4ek1B,24.825,286,205,6,98,382,93,369,3.80e-14,73.6
3rwlA,3p6qA,24.825,286,205,7,98,382,89,365,3.93e-14,73.6
3rwlA,1qmqA,24.825,286,205,7,98,382,94,370,4.09e-14,73.6
3rwlA,1k2oB,24.825,286,205,7,98,382,94,370,4.09e-14,73.6
3rwlA,1k2oA,24.825,286,205,7,98,382,94,370,4.09e-14,73.6
3rwlA,3p6pA,24.825,286,205,7,98,382,95,371,4.11e-14,73.6
3rwlA,1gekA,24.825,286,205,7,98,382,94,370,4.13e-14,73.6
3rwlA,3p6tA,24.825,286,205,7,98,382,93,369,4.13e-14,73.6
3rwlA,1p7rA,24.825,286,205,7,98,382,93,369,4.18e-14,73.6
3rwlA,1p2yA,24.825,286,205,7,98,382,93,369,4.18e-14,73.6
3rwlA,3p6uA,24.825,286,205,7,98,382,90,366,4.20e-14,73.6
3rwlA,1uyuB,24.825,286,205,7,98,382,93,369,4.26e-14,73.6
3rwlA,1o76B,24.825,286,205,7,98,382,93,369,4.26e-14,73.6
3rwlA,1dz9B,24.825,286,205,7,98,382,93,369,4.26e-14,73.6
3rwlA,1dz8B,24.825,286,205,7,98,382,93,369,4.26e-14,73.6
3rwlA,1dz6B,24.825,286,205,7,98,382,93,369,4.26e-14,73.6
3rwlA,1dz4B,24.825,286,205,7,98,382,93,369,4.26e-14,73.6
3rwlA,1akdA,24.825,286,205,7,98,382,93,369,4.26e-14,73.6
3rwlA,3p6nA,24.825,286,205,7,98,382,92,368,4.36e-14,73.6
3rwlA,3p6mA,24.825,286,205,7,98,382,92,368,4.36e-14,73.6
3rwlA,8cppA,24.825,286,205,7,98,382,93,369,4.79e-14,73.2
3rwlA,7cppA,24.825,286,205,7,98,382,93,369,4.79e-14,73.2
3rwlA,5cppA,24.825,286,205,7,98,382,93,369,4.79e-14,73.2
3rwlA,4cppA,24.825,286,205,7,98,382,93,369,4.79e-14,73.2
3rwlA,4cp4A,24.825,286,205,7,98,382,93,369,4.79e-14,73.2
3rwlA,3cppA,24.825,286,205,7,98,382,93,369,4.79e-14,73.2
3rwlA,3cp4A,24.825,286,205,7,98,382,93,369,4.79e-14,73.2
3rwlA,2zawA,24.825,286,205,7,98,382,93,369,4.79e-14,73.2
3rwlA,2z97A,24.825,286,205,7,98,382,93,369,4.79e-14,73.2
3rwlA,2lqdA,24.825,286,205,7,98,382,93,369,4.79e-14,73.2
3rwlA,2l8mA,24.825,286,205,7,98,382,93,369,4.79e-14,73.2
3rwlA,2h7qA,24.825,286,205,7,98,382,93,369,4.79e-14,73.2
3rwlA,1phgA,24.825,286,205,7,98,382,93,369,4.79e-14,73.2
3rwlA,1phfA,24.825,286,205,7,98,382,93,369,4.79e-14,73.2
3rwlA,1pheA,24.825,286,205,7,98,382,93,369,4.79e-14,73.2
3rwlA,1phdA,24.825,286,205,7,98,382,93,369,4.79e-14,73.2
3rwlA,1phcA,24.825,286,205,7,98,382,93,369,4.79e-14,73.2
3rwlA,1phbA,24.825,286,205,7,98,382,93,369,4.79e-14,73.2
3rwlA,1phaA,24.825,286,205,7,98,382,93,369,4.79e-14,73.2
3rwlA,1iwiA,24.825,286,205,7,98,382,93,369,4.79e-14,73.2
3rwlA,1cp4A,24.825,286,205,7,98,382,93,369,4.79e-14,73.2
3rwlA,1uyuA,24.825,286,205,7,98,382,92,368,4.95e-14,73.2
3rwlA,1o76A,24.825,286,205,7,98,382,92,368,4.95e-14,73.2
3rwlA,1dz9A,24.825,286,205,7,98,382,92,368,4.95e-14,73.2
3rwlA,1dz8A,24.825,286,205,7,98,382,92,368,4.95e-14,73.2
3rwlA,1dz6A,24.825,286,205,7,98,382,92,368,4.95e-14,73.2
3rwlA,1dz4A,24.825,286,205,7,98,382,92,368,4.95e-14,73.2
3rwlA,1rf9A,24.825,286,205,7,98,382,92,368,5.09e-14,73.2
3rwlA,1re9A,24.825,286,205,7,98,382,92,368,5.09e-14,73.2
3rwlA,1lwlA,24.825,286,205,7,98,382,92,368,5.09e-14,73.2
3rwlA,1c8jA,24.825,286,205,7,98,382,93,369,5.30e-14,73.2
3rwlA,1iwkA,24.476,286,206,7,98,382,93,369,1.01e-13,72.4
3rwlA,1t86A,24.825,286,205,7,98,382,94,370,1.07e-13,72.4
3rwlA,1t85A,24.825,286,205,7,98,382,94,370,1.07e-13,72.4
3rwlA,2a1nB,24.476,286,206,7,98,382,93,369,1.31e-13,72.0
3rwlA,2a1oB,24.476,286,206,7,98,382,93,369,1.33e-13,72.0
3rwlA,2a1oA,24.476,286,206,7,98,382,93,369,1.33e-13,72.0
3rwlA,2a1nA,24.476,286,206,7,98,382,95,371,1.45e-13,72.0
3rwlA,2cp4A,24.476,286,206,7,98,382,93,369,1.85e-13,71.6
3rwlA,2h7sC,24.476,286,206,7,98,382,93,369,1.93e-13,71.6
3rwlA,2h7sA,24.476,286,206,7,98,382,93,369,1.93e-13,71.6
3rwlA,1gebA,24.476,286,206,7,98,382,93,369,2.19e-13,71.2
3rwlA,2qbmA,24.476,286,206,7,98,382,93,369,4.32e-13,70.5
3rwlA,2qblA,24.476,286,206,7,98,382,93,369,4.32e-13,70.5
3rwlA,3p6xA,24.825,286,204,8,98,382,88,363,6.28e-13,70.1
3rwlA,2gqxA,24.126,286,207,7,98,382,93,369,6.55e-13,69.7
3rwlA,2qboA,24.476,286,206,7,98,382,93,369,6.66e-13,69.7
3rwlA,2qbnA,24.476,286,206,7,98,382,93,369,6.66e-13,69.7
3rwlA,1h5zA,25.000,252,152,7,189,409,177,422,3.87e-12,67.8
3rwlA,2w0aA,25.200,250,151,8,189,409,170,412,1.48e-11,65.9
3rwlA,2w09A,24.900,249,151,7,189,409,169,409,1.80e-11,65.5
3rwlA,1x8vA,24.900,249,151,7,189,409,177,417,2.00e-11,65.5
3rwlA,2w0bA,25.600,250,150,8,189,409,186,428,2.17e-11,65.5
3rwlA,2bz9A,24.603,252,153,7,189,409,173,418,4.59e-11,64.3
3rwlA,2ci0A,25.000,252,151,8,189,409,166,410,4.78e-11,64.3
3rwlA,2cibA,25.000,252,151,8,189,409,164,408,4.84e-11,64.3
3rwlA,1u13A,25.000,252,151,8,189,409,177,421,5.55e-11,63.9
3rwlA,2vkuA,23.828,256,154,7,189,409,183,432,1.49e-10,62.8
3rwlA,1e9xA,23.828,256,154,7,189,409,188,437,1.50e-10,62.8
3rwlA,1ea1A,23.828,256,154,7,189,409,186,435,1.52e-10,62.8
3rwlA,1mpwB,24.476,286,206,7,98,382,93,369,2.20e-10,62.0
3rwlA,1mpwA,24.476,286,206,7,98,382,93,369,2.20e-10,62.0
3rwlA,1j51D,24.476,286,206,7,98,382,93,369,2.20e-10,62.0
3rwlA,1j51B,24.476,286,206,7,98,382,93,369,2.20e-10,62.0
3rwlA,1j51A,24.476,286,206,7,98,382,93,369,2.20e-10,62.0
3rwlA,3lxhB,24.567,289,206,7,99,382,94,375,8.54e-10,60.1
3rwlA,3lxiA,24.567,289,206,7,99,382,96,377,9.58e-10,60.1
3rwlA,3lxhA,24.567,289,206,7,99,382,96,377,9.58e-10,60.1
3rwlA,3lxiB,24.567,289,206,7,99,382,95,376,1.02e-09,60.1
3rwlA,2x2nA,26.087,184,112,6,214,374,223,405,1.76e-08,56.2
3rwlA,2x2nD,26.087,184,112,6,214,374,223,405,1.81e-08,56.2
3rwlA,3p99D,26.738,187,112,7,212,374,222,407,2.14e-08,55.8
3rwlA,3p99B,26.738,187,112,7,212,374,222,407,2.14e-08,55.8
3rwlA,3p99A,26.738,187,112,7,212,374,222,407,2.14e-08,55.8
3rwlA,3g1qA,26.738,187,112,7,212,374,222,407,2.14e-08,55.8
3rwlA,3tikD,26.738,187,112,7,212,374,223,408,2.15e-08,55.8
3rwlA,3tikA,26.738,187,112,7,212,374,223,408,2.15e-08,55.8
3rwlA,3gw9A,26.738,187,112,7,212,374,223,408,2.15e-08,55.8
3rwlA,3gw9D,26.738,187,112,7,212,374,222,407,2.39e-08,55.8
3rwlA,3gw9C,26.738,187,112,7,212,374,222,407,2.39e-08,55.8
3rwlA,3gw9B,26.738,187,112,7,212,374,222,407,2.39e-08,55.8
3rwlA,3g1qC,26.344,186,111,7,212,374,224,406,1.45e-07,53.5
3rwlA,2v0mD,24.339,189,114,4,221,383,236,421,1.91e-07,53.1
3rwlA,2v0mB,24.339,189,114,4,221,383,234,419,1.92e-07,53.1
3rwlA,2pg7D,23.625,309,176,14,131,394,148,441,2.00e-07,53.1
3rwlA,2pg7A,23.625,309,176,14,131,394,148,441,2.00e-07,53.1
3rwlA,2v0mA,24.339,189,114,4,221,383,236,421,2.00e-07,53.1
3rwlA,1z11A,23.301,309,177,14,131,394,149,442,2.23e-07,52.8
3rwlA,2fdwB,23.301,309,177,14,131,394,147,440,2.38e-07,52.8
3rwlA,1z10B,23.301,309,177,14,131,394,147,440,2.38e-07,52.8
3rwlA,3juvA,23.039,204,128,6,205,379,210,413,2.49e-07,52.8
3rwlA,3t3rC,23.301,309,177,14,131,394,147,440,2.51e-07,52.8
3rwlA,3t3rB,23.301,309,177,14,131,394,147,440,2.51e-07,52.8
3rwlA,3t3rA,23.301,309,177,14,131,394,147,440,2.51e-07,52.8
3rwlA,2fduB,23.301,309,177,14,131,394,147,440,2.51e-07,52.8
3rwlA,2fdyB,23.301,309,177,14,131,394,147,440,2.51e-07,52.8
3rwlA,2pg5B,23.301,309,177,14,131,394,147,440,2.53e-07,52.8
3rwlA,2pg5C,23.301,309,177,14,131,394,147,440,2.55e-07,52.8
3rwlA,4ejjD,23.301,309,177,14,131,394,148,441,2.69e-07,52.8
3rwlA,4ejjC,23.301,309,177,14,131,394,148,441,2.69e-07,52.8
3rwlA,4ejjB,23.301,309,177,14,131,394,148,441,2.69e-07,52.8
3rwlA,2fdyC,23.301,309,177,14,131,394,148,441,2.69e-07,52.8
3rwlA,2fdwC,23.301,309,177,14,131,394,148,441,2.69e-07,52.8
3rwlA,2fdvC,23.301,309,177,14,131,394,148,441,2.69e-07,52.8
3rwlA,2fduC,23.301,309,177,14,131,394,148,441,2.69e-07,52.8
3rwlA,1z11C,23.301,309,177,14,131,394,148,441,2.69e-07,52.8
3rwlA,1z10D,23.301,309,177,14,131,394,148,441,2.69e-07,52.8
3rwlA,1z10C,23.301,309,177,14,131,394,148,441,2.69e-07,52.8
3rwlA,3ld6A,23.039,204,128,6,205,379,207,410,2.76e-07,52.4
3rwlA,3jusB,23.039,204,128,6,205,379,207,410,2.76e-07,52.4
3rwlA,3jusA,23.039,204,128,6,205,379,207,410,2.76e-07,52.4
3rwlA,3ld6B,23.039,204,128,6,205,379,207,410,2.78e-07,52.4
3rwlA,4ejjA,23.301,309,177,14,131,394,149,442,2.79e-07,52.4
3rwlA,2fdyA,23.301,309,177,14,131,394,149,442,2.79e-07,52.4
3rwlA,2fduA,23.301,309,177,14,131,394,149,442,2.79e-07,52.4
3rwlA,1z10A,23.301,309,177,14,131,394,149,442,2.79e-07,52.4
3rwlA,2pg5A,23.301,309,177,14,131,394,148,441,2.86e-07,52.4
3rwlA,2wv2A,24.865,185,115,6,213,374,218,401,4.42e-07,52.0
3rwlA,2x2nC,25.275,182,112,6,216,374,219,399,4.90e-07,51.6
3rwlA,1w0eA,25.146,171,102,3,239,383,246,416,6.25e-07,51.6
3rwlA,3ua1A,25.146,171,102,3,239,383,254,424,6.59e-07,51.2
3rwlA,2j0dA,25.146,171,102,3,239,383,244,414,6.61e-07,51.2
3rwlA,3nxuB,25.146,171,102,3,239,383,255,425,6.90e-07,51.2
3rwlA,3nxuA,25.146,171,102,3,239,383,255,425,6.90e-07,51.2
3rwlA,3tjsA,25.146,171,102,3,239,383,247,417,7.12e-07,51.2
3rwlA,1w0fA,25.146,171,102,3,239,383,255,425,7.17e-07,51.2
3rwlA,1w0gA,25.146,171,102,3,239,383,251,421,7.19e-07,51.2
3rwlA,3p99C,25.281,178,109,6,220,374,227,403,7.26e-07,51.2
3rwlA,1tqnA,25.146,171,102,3,239,383,263,433,7.32e-07,51.2
3rwlA,2v0mC,25.146,171,102,3,239,383,263,433,7.36e-07,51.2
3rwlA,2pg6C,22.977,309,178,14,131,394,148,441,9.73e-07,50.8
3rwlA,2pg6B,22.977,309,178,14,131,394,147,440,9.82e-07,50.8
3rwlA,3l4dC,22.798,193,124,6,211,379,220,411,1.76e-06,50.1
3rwlA,3t3qA,22.977,309,178,14,131,394,147,440,4.00e-06,48.9
3rwlA,3ebsB,22.977,309,178,14,131,394,148,441,4.05e-06,48.9
3rwlA,3ebsD,22.977,309,178,14,131,394,148,441,4.08e-06,48.9
3rwlA,3ebsA,22.977,309,178,14,131,394,149,442,4.38e-06,48.9
3rwlA,3k9vB,22.927,205,130,4,212,391,241,442,9.89e-06,47.8
3rwlA,3k9vA,22.927,205,130,4,212,391,241,442,9.89e-06,47.8
3rwlA,3k9yB,22.927,205,130,4,212,391,239,440,1.03e-05,47.8
3rwlA,3k9yA,22.927,205,130,4,212,391,238,439,1.13e-05,47.4
3rwlA,2wx2B,23.858,197,126,6,201,374,199,394,1.18e-05,47.4
3rwlA,3khmA,23.858,197,126,6,201,374,202,397,1.25e-05,47.4
3rwlA,2wuzA,23.750,160,102,4,235,374,244,403,1.72e-05,47.0
3rwlA,4fdhL,26.056,142,87,2,242,365,267,408,1.84e-05,47.0
3rwlA,3k1oA,23.750,160,102,4,235,374,241,400,1.92e-05,46.6
3rwlA,3kswA,23.750,160,102,4,235,374,243,402,1.93e-05,46.6
3rwlA,4fdhJ,25.503,149,93,2,235,365,266,414,1.96e-05,46.6
3rwlA,4fdhH,25.503,149,93,2,235,365,266,414,1.96e-05,46.6
3rwlA,4fdhC,25.503,149,93,2,235,365,266,414,1.96e-05,46.6
3rwlA,4dvqI,25.503,149,93,2,235,365,266,414,1.96e-05,46.6
3rwlA,4dvqH,25.503,149,93,2,235,365,266,414,1.96e-05,46.6
3rwlA,4dvqG,25.503,149,93,2,235,365,266,414,1.96e-05,46.6
3rwlA,4dvqD,25.503,149,93,2,235,365,266,414,1.96e-05,46.6
3rwlA,4dvqC,25.503,149,93,2,235,365,266,414,1.96e-05,46.6
3rwlA,4fdhF,25.503,149,93,2,235,365,266,414,1.97e-05,46.6
3rwlA,4dvqF,25.503,149,93,2,235,365,266,414,1.97e-05,46.6
3rwlA,2wx2A,23.750,160,102,4,235,374,240,399,1.97e-05,46.6
3rwlA,2q9gA,20.465,215,134,5,192,382,189,390,2.41e-05,46.2
3rwlA,3mdvB,20.465,215,134,5,192,382,192,393,2.74e-05,46.2
3rwlA,3mdvA,20.465,215,134,5,192,382,192,393,2.74e-05,46.2
3rwlA,3mdtB,20.465,215,134,5,192,382,192,393,2.74e-05,46.2
3rwlA,3mdtA,20.465,215,134,5,192,382,192,393,2.74e-05,46.2
3rwlA,2q9fA,20.465,215,134,5,192,382,199,400,2.80e-05,46.2
3rwlA,3mdrA,20.465,215,134,5,192,382,193,394,2.92e-05,46.2
3rwlA,3mdmA,20.465,215,134,5,192,382,201,402,3.01e-05,46.2
3rwlA,3l4dA,21.687,166,109,4,235,379,247,412,3.06e-05,46.2
3rwlA,4enhA,20.465,215,134,5,192,382,193,394,3.08e-05,46.2
3rwlA,4fiaA,20.465,215,134,5,192,382,194,395,3.16e-05,45.8
3rwlA,3qz1D,26.061,165,98,5,243,385,242,404,3.19e-05,45.8
3rwlA,3l4dB,21.687,166,109,4,235,379,248,413,3.20e-05,46.2
3rwlA,3l4dD,21.687,166,109,4,235,379,244,409,3.39e-05,45.8
3rwlA,3qz1C,26.220,164,96,5,243,383,243,404,4.56e-05,45.4
3rwlA,3qz1B,26.220,164,96,5,243,383,241,402,4.75e-05,45.4
3rwlA,4ejgH,22.222,288,183,11,131,382,142,424,6.13e-05,45.1
3rwlA,4ejhH,22.222,288,183,11,131,382,143,425,6.76e-05,45.1
3rwlA,2ve3B,22.086,163,103,3,243,382,235,396,7.09e-05,45.1
3rwlA,4dvqK,25.503,149,91,3,235,365,266,412,7.20e-05,45.1
3rwlA,4ejgF,22.837,289,180,12,131,382,149,431,7.97e-05,44.7
3rwlA,4ejgD,22.837,289,180,12,131,382,149,431,7.97e-05,44.7
3rwlA,4ejiA,22.837,289,180,12,131,382,148,430,8.39e-05,44.7
3rwlA,4ejhF,22.837,289,180,12,131,382,148,430,8.39e-05,44.7
3rwlA,4ejhE,22.837,289,180,12,131,382,148,430,8.39e-05,44.7
3rwlA,4ejhC,22.837,289,180,12,131,382,148,430,8.39e-05,44.7
3rwlA,4ejhB,22.837,289,180,12,131,382,148,430,8.39e-05,44.7
3rwlA,4ejhA,22.837,289,180,12,131,382,148,430,8.39e-05,44.7
3rwlA,4ejgC,22.837,289,180,12,131,382,148,430,8.39e-05,44.7
3rwlA,4ejgB,22.837,289,180,12,131,382,148,430,8.39e-05,44.7
3rwlA,4ejgA,22.837,289,180,12,131,382,148,430,8.39e-05,44.7
3rwlA,3t3sH,22.837,289,180,12,131,382,148,430,8.39e-05,44.7
3rwlA,3t3sF,22.837,289,180,12,131,382,148,430,8.39e-05,44.7
3rwlA,3t3sE,22.837,289,180,12,131,382,148,430,8.39e-05,44.7
3rwlA,3t3sD,22.837,289,180,12,131,382,148,430,8.39e-05,44.7
3rwlA,3t3sC,22.837,289,180,12,131,382,148,430,8.39e-05,44.7
3rwlA,3t3sB,22.837,289,180,12,131,382,148,430,8.39e-05,44.7
3rwlA,3t3sA,22.837,289,180,12,131,382,148,430,8.39e-05,44.7
3rwlA,2p85F,22.837,289,180,12,131,382,148,430,8.39e-05,44.7
3rwlA,2p85D,22.837,289,180,12,131,382,148,430,8.39e-05,44.7
3rwlA,2p85C,22.837,289,180,12,131,382,148,430,8.39e-05,44.7
3rwlA,2p85B,22.837,289,180,12,131,382,148,430,8.39e-05,44.7
3rwlA,2p85A,22.837,289,180,12,131,382,148,430,8.39e-05,44.7
3rwlA,2ve4B,22.156,167,102,4,243,382,237,402,8.51e-05,44.7
3rwlA,3qz1A,25.904,166,96,5,243,383,248,411,8.58e-05,44.7
3rwlA,4dvqL,26.056,142,85,3,242,365,267,406,8.74e-05,44.7
3rwlA,2ve4A,22.156,167,102,4,243,382,237,402,8.96e-05,44.7
3rwlA,2ve3A,22.156,167,102,4,243,382,239,404,9.25e-05,44.7
3rwlA,3na0B,23.451,226,141,6,189,387,223,443,1.18e-04,44.3
3rwlA,3na0A,23.451,226,141,6,189,387,223,443,1.18e-04,44.3
3rwlA,3n9zB,23.451,226,141,6,189,387,223,443,1.18e-04,44.3
3rwlA,3n9zA,23.451,226,141,6,189,387,223,443,1.18e-04,44.3
3rwlA,3n9yA,23.451,226,141,6,189,387,224,444,1.23e-04,44.3
3rwlA,3na1B,23.451,226,141,6,189,387,223,443,1.28e-04,44.3
3rwlA,3na1A,23.451,226,141,6,189,387,224,444,1.36e-04,43.9
3rwlA,4fdhK,25.000,156,92,3,235,365,266,421,2.63e-04,43.1
3rwlA,4fdhA,25.333,150,93,3,235,365,266,415,3.40e-04,42.7
3rwlA,4dvqE,25.333,150,93,3,235,365,266,415,3.61e-04,42.7
3rwlA,4dvqB,25.333,150,93,3,235,365,266,415,4.78e-04,42.4
3rwlA,4dvqA,25.333,150,93,3,235,365,266,415,4.78e-04,42.4
3rwlA,3dbgA,19.824,227,151,4,207,408,154,374,4.89e-04,42.0
3rwlA,4gl7A,25.862,116,77,4,271,382,304,414,7.71e-04,41.6
3rwlA,4gl5A,25.862,116,77,4,271,382,304,414,7.71e-04,41.6
3rwlA,3s7sA,25.862,116,77,4,271,382,304,414,7.71e-04,41.6
3rwlA,3eqmA,25.862,116,77,4,271,382,304,414,7.71e-04,41.6
3rwlA,3el3B,19.824,227,151,4,207,408,192,412,8.09e-04,41.6
3rwlA,3el3A,19.824,227,151,4,207,408,192,412,8.09e-04,41.6
3rwlA,3qi8B,22.477,218,142,8,191,382,197,413,8.34e-04,41.6
3rwlA,3rukC,27.434,113,69,4,282,382,322,433,8.50e-04,41.6
3rwlA,3rukD,27.434,113,69,4,282,382,322,433,8.89e-04,41.6
3rwlA,3swzA,27.434,113,69,4,282,382,319,430,0.001,41.2
3rwlA,3swzC,27.434,113,69,4,282,382,319,430,0.001,41.2
3rwlA,3rukA,27.434,113,69,4,282,382,313,424,0.001,41.2
3rwlA,3swzB,27.434,113,69,4,282,382,314,425,0.001,41.2
3rwlA,3rukB,27.434,113,69,4,282,382,314,425,0.001,41.2
3rwlA,3swzD,27.434,113,69,4,282,382,315,426,0.001,41.2
3rwlA,3mzsD,19.091,220,150,3,189,383,224,440,0.001,41.2
3rwlA,3mzsC,19.091,220,150,3,189,383,224,440,0.001,41.2
3rwlA,3mzsB,19.091,220,150,3,189,383,224,440,0.001,41.2
3rwlA,3mzsA,19.091,220,150,3,189,383,224,440,0.001,41.2
3rwlA,2hi4A,22.951,183,110,5,231,382,264,446,0.001,40.8
3rwlA,3qm4B,22.526,293,182,9,125,383,144,425,0.003,39.7
